{"/Users/grop/ws/web-interview/docs/reproductions/vitest-cross-transform-coverage/imported-call.js": {"path":"/Users/grop/ws/web-interview/docs/reproductions/vitest-cross-transform-coverage/imported-call.js","statementMap":{"0":{"start":{"line":3,"column":21},"end":{"line":3,"column":null}}},"fnMap":{},"branchMap":{},"s":{"0":1},"f":{},"b":{}}
,"/Users/grop/ws/web-interview/docs/reproductions/vitest-cross-transform-coverage/named-react-import.js": {"path":"/Users/grop/ws/web-interview/docs/reproductions/vitest-cross-transform-coverage/named-react-import.js","statementMap":{"0":{"start":{"line":3,"column":28},"end":{"line":3,"column":null}}},"fnMap":{},"branchMap":{},"s":{"0":1},"f":{},"b":{}}
}
