{"/Users/grop/ws/web-interview/frontend/src/testing/fakeDatomServer.js": {"path":"/Users/grop/ws/web-interview/frontend/src/testing/fakeDatomServer.js","all":false,"statementMap":{"0":{"start":{"line":1,"column":0},"end":{"line":1,"column":61}},"1":{"start":{"line":2,"column":0},"end":{"line":2,"column":72}},"2":{"start":{"line":4,"column":0},"end":{"line":4,"column":66}},"3":{"start":{"line":6,"column":0},"end":{"line":6,"column":3}},"4":{"start":{"line":7,"column":0},"end":{"line":7,"column":81}},"5":{"start":{"line":8,"column":0},"end":{"line":8,"column":79}},"6":{"start":{"line":9,"column":0},"end":{"line":9,"column":62}},"7":{"start":{"line":10,"column":0},"end":{"line":10,"column":2}},"8":{"start":{"line":11,"column":0},"end":{"line":11,"column":42}},"9":{"start":{"line":12,"column":0},"end":{"line":12,"column":3}},"10":{"start":{"line":13,"column":0},"end":{"line":13,"column":82}},"11":{"start":{"line":14,"column":0},"end":{"line":14,"column":32}},"12":{"start":{"line":15,"column":0},"end":{"line":15,"column":37}},"13":{"start":{"line":16,"column":0},"end":{"line":16,"column":31}},"14":{"start":{"line":17,"column":0},"end":{"line":17,"column":28}},"15":{"start":{"line":18,"column":0},"end":{"line":18,"column":22}},"16":{"start":{"line":19,"column":0},"end":{"line":19,"column":81}},"17":{"start":{"line":20,"column":0},"end":{"line":20,"column":30}},"18":{"start":{"line":21,"column":0},"end":{"line":21,"column":18}},"19":{"start":{"line":23,"column":0},"end":{"line":23,"column":32}},"20":{"start":{"line":24,"column":0},"end":{"line":24,"column":33}},"21":{"start":{"line":25,"column":0},"end":{"line":25,"column":43}},"22":{"start":{"line":26,"column":0},"end":{"line":26,"column":61}},"23":{"start":{"line":27,"column":0},"end":{"line":27,"column":5}},"24":{"start":{"line":28,"column":0},"end":{"line":28,"column":3}},"25":{"start":{"line":30,"column":0},"end":{"line":30,"column":25}},"26":{"start":{"line":31,"column":0},"end":{"line":31,"column":25}},"27":{"start":{"line":32,"column":0},"end":{"line":32,"column":19}},"28":{"start":{"line":33,"column":0},"end":{"line":33,"column":21}},"29":{"start":{"line":35,"column":0},"end":{"line":35,"column":52}},"30":{"start":{"line":36,"column":0},"end":{"line":36,"column":17}},"31":{"start":{"line":37,"column":0},"end":{"line":37,"column":52}},"32":{"start":{"line":38,"column":0},"end":{"line":38,"column":20}},"33":{"start":{"line":39,"column":0},"end":{"line":39,"column":52}},"34":{"start":{"line":40,"column":0},"end":{"line":40,"column":18}},"35":{"start":{"line":42,"column":0},"end":{"line":42,"column":63}},"36":{"start":{"line":43,"column":0},"end":{"line":43,"column":22}},"37":{"start":{"line":45,"column":0},"end":{"line":45,"column":30}},"38":{"start":{"line":46,"column":0},"end":{"line":46,"column":22}},"39":{"start":{"line":47,"column":0},"end":{"line":47,"column":20}},"40":{"start":{"line":48,"column":0},"end":{"line":48,"column":50}},"41":{"start":{"line":49,"column":0},"end":{"line":49,"column":43}},"42":{"start":{"line":50,"column":0},"end":{"line":50,"column":5}},"43":{"start":{"line":52,"column":0},"end":{"line":52,"column":74}},"44":{"start":{"line":53,"column":0},"end":{"line":53,"column":38}},"45":{"start":{"line":54,"column":0},"end":{"line":54,"column":73}},"46":{"start":{"line":55,"column":0},"end":{"line":55,"column":5}},"47":{"start":{"line":57,"column":0},"end":{"line":57,"column":16}},"48":{"start":{"line":58,"column":0},"end":{"line":58,"column":60}},"49":{"start":{"line":59,"column":0},"end":{"line":59,"column":23}},"50":{"start":{"line":60,"column":0},"end":{"line":60,"column":41}},"51":{"start":{"line":61,"column":0},"end":{"line":61,"column":14}},"52":{"start":{"line":62,"column":0},"end":{"line":62,"column":7}},"53":{"start":{"line":63,"column":0},"end":{"line":63,"column":44}},"54":{"start":{"line":64,"column":0},"end":{"line":64,"column":37}},"55":{"start":{"line":65,"column":0},"end":{"line":65,"column":22}},"56":{"start":{"line":66,"column":0},"end":{"line":66,"column":78}},"57":{"start":{"line":67,"column":0},"end":{"line":67,"column":86}},"58":{"start":{"line":68,"column":0},"end":{"line":68,"column":22}},"59":{"start":{"line":69,"column":0},"end":{"line":69,"column":27}},"60":{"start":{"line":70,"column":0},"end":{"line":70,"column":5}},"61":{"start":{"line":72,"column":0},"end":{"line":72,"column":31}},"62":{"start":{"line":73,"column":0},"end":{"line":73,"column":22}},"63":{"start":{"line":74,"column":0},"end":{"line":74,"column":78}},"64":{"start":{"line":75,"column":0},"end":{"line":75,"column":5}},"65":{"start":{"line":77,"column":0},"end":{"line":77,"column":17}},"66":{"start":{"line":78,"column":0},"end":{"line":78,"column":66}},"67":{"start":{"line":79,"column":0},"end":{"line":79,"column":58}},"68":{"start":{"line":80,"column":0},"end":{"line":80,"column":7}},"69":{"start":{"line":81,"column":0},"end":{"line":81,"column":5}},"70":{"start":{"line":83,"column":0},"end":{"line":83,"column":17}},"71":{"start":{"line":84,"column":0},"end":{"line":84,"column":66}},"72":{"start":{"line":85,"column":0},"end":{"line":85,"column":53}},"73":{"start":{"line":86,"column":0},"end":{"line":86,"column":7}},"74":{"start":{"line":87,"column":0},"end":{"line":87,"column":5}},"75":{"start":{"line":89,"column":0},"end":{"line":89,"column":12}},"76":{"start":{"line":90,"column":0},"end":{"line":90,"column":50}},"77":{"start":{"line":91,"column":0},"end":{"line":91,"column":30}},"78":{"start":{"line":92,"column":0},"end":{"line":92,"column":39}},"79":{"start":{"line":93,"column":0},"end":{"line":93,"column":78}},"80":{"start":{"line":94,"column":0},"end":{"line":94,"column":75}},"81":{"start":{"line":95,"column":0},"end":{"line":95,"column":43}},"82":{"start":{"line":96,"column":0},"end":{"line":96,"column":5}},"83":{"start":{"line":98,"column":0},"end":{"line":98,"column":13}},"84":{"start":{"line":99,"column":0},"end":{"line":99,"column":46}},"85":{"start":{"line":100,"column":0},"end":{"line":100,"column":30}},"86":{"start":{"line":101,"column":0},"end":{"line":101,"column":5}},"87":{"start":{"line":102,"column":0},"end":{"line":102,"column":3}},"88":{"start":{"line":104,"column":0},"end":{"line":104,"column":29}},"89":{"start":{"line":105,"column":0},"end":{"line":105,"column":43}},"90":{"start":{"line":106,"column":0},"end":{"line":106,"column":58}},"91":{"start":{"line":107,"column":0},"end":{"line":107,"column":53}},"92":{"start":{"line":108,"column":0},"end":{"line":108,"column":80}},"93":{"start":{"line":109,"column":0},"end":{"line":109,"column":61}},"94":{"start":{"line":110,"column":0},"end":{"line":110,"column":15}},"95":{"start":{"line":111,"column":0},"end":{"line":111,"column":18}},"96":{"start":{"line":112,"column":0},"end":{"line":112,"column":41}},"97":{"start":{"line":113,"column":0},"end":{"line":113,"column":7}},"98":{"start":{"line":114,"column":0},"end":{"line":114,"column":3}},"99":{"start":{"line":116,"column":0},"end":{"line":116,"column":10}},"100":{"start":{"line":117,"column":0},"end":{"line":117,"column":10}},"101":{"start":{"line":118,"column":0},"end":{"line":118,"column":20}},"102":{"start":{"line":119,"column":0},"end":{"line":119,"column":14}},"103":{"start":{"line":120,"column":0},"end":{"line":120,"column":16}},"104":{"start":{"line":121,"column":0},"end":{"line":121,"column":34}},"105":{"start":{"line":122,"column":0},"end":{"line":122,"column":23}},"106":{"start":{"line":123,"column":0},"end":{"line":123,"column":38}},"107":{"start":{"line":124,"column":0},"end":{"line":124,"column":52}},"108":{"start":{"line":125,"column":0},"end":{"line":125,"column":6}},"109":{"start":{"line":127,"column":0},"end":{"line":127,"column":7}},"110":{"start":{"line":128,"column":0},"end":{"line":128,"column":77}},"111":{"start":{"line":129,"column":0},"end":{"line":129,"column":6}},"112":{"start":{"line":130,"column":0},"end":{"line":130,"column":30}},"113":{"start":{"line":131,"column":0},"end":{"line":131,"column":7}},"114":{"start":{"line":132,"column":0},"end":{"line":132,"column":29}},"115":{"start":{"line":133,"column":0},"end":{"line":133,"column":19}},"116":{"start":{"line":134,"column":0},"end":{"line":134,"column":36}},"117":{"start":{"line":135,"column":0},"end":{"line":135,"column":52}},"118":{"start":{"line":136,"column":0},"end":{"line":136,"column":66}},"119":{"start":{"line":137,"column":0},"end":{"line":137,"column":6}},"120":{"start":{"line":138,"column":0},"end":{"line":138,"column":66}},"121":{"start":{"line":139,"column":0},"end":{"line":139,"column":23}},"122":{"start":{"line":140,"column":0},"end":{"line":140,"column":61}},"123":{"start":{"line":141,"column":0},"end":{"line":141,"column":6}},"124":{"start":{"line":142,"column":0},"end":{"line":142,"column":33}},"125":{"start":{"line":143,"column":0},"end":{"line":143,"column":29}},"126":{"start":{"line":144,"column":0},"end":{"line":144,"column":40}},"127":{"start":{"line":145,"column":0},"end":{"line":145,"column":23}},"128":{"start":{"line":146,"column":0},"end":{"line":146,"column":23}},"129":{"start":{"line":147,"column":0},"end":{"line":147,"column":66}},"130":{"start":{"line":148,"column":0},"end":{"line":148,"column":6}},"131":{"start":{"line":149,"column":0},"end":{"line":149,"column":22}},"132":{"start":{"line":150,"column":0},"end":{"line":150,"column":22}},"133":{"start":{"line":151,"column":0},"end":{"line":151,"column":6}},"134":{"start":{"line":152,"column":0},"end":{"line":152,"column":3}},"135":{"start":{"line":153,"column":0},"end":{"line":153,"column":1}},"136":{"start":{"line":1,"column":0},"end":{"line":1,"column":86}},"137":{"start":{"line":2,"column":0},"end":{"line":2,"column":102}}},"s":{"0":2,"1":2,"2":2,"3":2,"4":2,"5":2,"6":2,"7":2,"8":2,"9":2,"10":2,"11":16,"12":16,"13":16,"14":16,"15":16,"16":16,"17":16,"18":16,"19":16,"20":16,"21":14,"22":14,"23":14,"24":14,"25":16,"26":16,"27":16,"28":16,"29":16,"30":16,"31":17,"32":17,"33":17,"34":17,"35":17,"36":17,"37":16,"38":16,"39":18,"40":18,"41":18,"42":18,"43":16,"44":16,"45":32,"46":32,"47":16,"48":21,"49":21,"50":3,"51":3,"52":3,"53":18,"54":19,"55":21,"56":21,"57":21,"58":18,"59":18,"60":21,"61":16,"62":16,"63":73,"64":73,"65":16,"66":18,"67":16,"68":16,"69":18,"70":16,"71":18,"72":16,"73":16,"74":18,"75":16,"76":3,"77":3,"78":3,"79":3,"80":3,"81":3,"82":3,"83":16,"84":14,"85":14,"86":14,"87":16,"88":16,"89":16,"90":12,"91":12,"92":12,"93":12,"94":12,"95":12,"96":12,"97":12,"98":12,"99":16,"100":16,"101":16,"102":16,"103":16,"104":16,"105":16,"106":15,"107":15,"108":16,"109":16,"110":16,"111":16,"112":16,"113":16,"114":16,"115":1,"116":1,"117":1,"118":1,"119":16,"120":16,"121":16,"122":4,"123":16,"124":16,"125":16,"126":16,"127":16,"128":3,"129":3,"130":16,"131":16,"132":1,"133":16,"134":16,"135":16,"136":1,"137":1},"branchMap":{"0":{"type":"branch","line":13,"loc":{"start":{"line":13,"column":37},"end":{"line":153,"column":1}},"locations":[{"start":{"line":13,"column":37},"end":{"line":153,"column":1}}]},"1":{"type":"branch","line":24,"loc":{"start":{"line":24,"column":20},"end":{"line":28,"column":3}},"locations":[{"start":{"line":24,"column":20},"end":{"line":28,"column":3}}]},"2":{"type":"branch","line":31,"loc":{"start":{"line":31,"column":4},"end":{"line":33,"column":21}},"locations":[{"start":{"line":31,"column":4},"end":{"line":33,"column":21}}]},"3":{"type":"branch","line":36,"loc":{"start":{"line":36,"column":4},"end":{"line":43,"column":22}},"locations":[{"start":{"line":36,"column":4},"end":{"line":43,"column":22}}]},"4":{"type":"branch","line":46,"loc":{"start":{"line":46,"column":4},"end":{"line":50,"column":5}},"locations":[{"start":{"line":46,"column":4},"end":{"line":50,"column":5}}]},"5":{"type":"branch","line":49,"loc":{"start":{"line":49,"column":21},"end":{"line":49,"column":42}},"locations":[{"start":{"line":49,"column":21},"end":{"line":49,"column":42}}]},"6":{"type":"branch","line":53,"loc":{"start":{"line":53,"column":4},"end":{"line":55,"column":5}},"locations":[{"start":{"line":53,"column":4},"end":{"line":55,"column":5}}]},"7":{"type":"branch","line":57,"loc":{"start":{"line":57,"column":4},"end":{"line":70,"column":5}},"locations":[{"start":{"line":57,"column":4},"end":{"line":70,"column":5}}]},"8":{"type":"branch","line":58,"loc":{"start":{"line":58,"column":54},"end":{"line":58,"column":60}},"locations":[{"start":{"line":58,"column":54},"end":{"line":58,"column":60}}]},"9":{"type":"branch","line":59,"loc":{"start":{"line":59,"column":22},"end":{"line":62,"column":7}},"locations":[{"start":{"line":59,"column":22},"end":{"line":62,"column":7}}]},"10":{"type":"branch","line":62,"loc":{"start":{"line":62,"column":6},"end":{"line":64,"column":37}},"locations":[{"start":{"line":62,"column":6},"end":{"line":64,"column":37}}]},"11":{"type":"branch","line":67,"loc":{"start":{"line":67,"column":50},"end":{"line":67,"column":62}},"locations":[{"start":{"line":67,"column":50},"end":{"line":67,"column":62}}]},"12":{"type":"branch","line":67,"loc":{"start":{"line":67,"column":65},"end":{"line":67,"column":86}},"locations":[{"start":{"line":67,"column":65},"end":{"line":67,"column":86}}]},"13":{"type":"branch","line":67,"loc":{"start":{"line":67,"column":85},"end":{"line":70,"column":4}},"locations":[{"start":{"line":67,"column":85},"end":{"line":70,"column":4}}]},"14":{"type":"branch","line":73,"loc":{"start":{"line":73,"column":4},"end":{"line":75,"column":5}},"locations":[{"start":{"line":73,"column":4},"end":{"line":75,"column":5}}]},"15":{"type":"branch","line":77,"loc":{"start":{"line":77,"column":4},"end":{"line":81,"column":5}},"locations":[{"start":{"line":77,"column":4},"end":{"line":81,"column":5}}]},"16":{"type":"branch","line":78,"loc":{"start":{"line":78,"column":58},"end":{"line":78,"column":63}},"locations":[{"start":{"line":78,"column":58},"end":{"line":78,"column":63}}]},"17":{"type":"branch","line":83,"loc":{"start":{"line":83,"column":4},"end":{"line":87,"column":5}},"locations":[{"start":{"line":83,"column":4},"end":{"line":87,"column":5}}]},"18":{"type":"branch","line":84,"loc":{"start":{"line":84,"column":58},"end":{"line":84,"column":63}},"locations":[{"start":{"line":84,"column":58},"end":{"line":84,"column":63}}]},"19":{"type":"branch","line":89,"loc":{"start":{"line":89,"column":4},"end":{"line":96,"column":5}},"locations":[{"start":{"line":89,"column":4},"end":{"line":96,"column":5}}]},"20":{"type":"branch","line":95,"loc":{"start":{"line":95,"column":21},"end":{"line":95,"column":42}},"locations":[{"start":{"line":95,"column":21},"end":{"line":95,"column":42}}]},"21":{"type":"branch","line":98,"loc":{"start":{"line":98,"column":4},"end":{"line":101,"column":5}},"locations":[{"start":{"line":98,"column":4},"end":{"line":101,"column":5}}]},"22":{"type":"branch","line":105,"loc":{"start":{"line":105,"column":20},"end":{"line":114,"column":3}},"locations":[{"start":{"line":105,"column":20},"end":{"line":114,"column":3}}]},"23":{"type":"branch","line":106,"loc":{"start":{"line":106,"column":20},"end":{"line":106,"column":58}},"locations":[{"start":{"line":106,"column":20},"end":{"line":106,"column":58}}]},"24":{"type":"branch","line":106,"loc":{"start":{"line":106,"column":57},"end":{"line":107,"column":51}},"locations":[{"start":{"line":106,"column":57},"end":{"line":107,"column":51}}]},"25":{"type":"branch","line":108,"loc":{"start":{"line":108,"column":28},"end":{"line":108,"column":78}},"locations":[{"start":{"line":108,"column":28},"end":{"line":108,"column":78}}]},"26":{"type":"branch","line":112,"loc":{"start":{"line":112,"column":12},"end":{"line":112,"column":40}},"locations":[{"start":{"line":112,"column":12},"end":{"line":112,"column":40}}]},"27":{"type":"branch","line":122,"loc":{"start":{"line":122,"column":10},"end":{"line":125,"column":5}},"locations":[{"start":{"line":122,"column":10},"end":{"line":125,"column":5}}]},"28":{"type":"branch","line":123,"loc":{"start":{"line":123,"column":31},"end":{"line":123,"column":38}},"locations":[{"start":{"line":123,"column":31},"end":{"line":123,"column":38}}]},"29":{"type":"branch","line":124,"loc":{"start":{"line":124,"column":34},"end":{"line":124,"column":52}},"locations":[{"start":{"line":124,"column":34},"end":{"line":124,"column":52}}]},"30":{"type":"branch","line":132,"loc":{"start":{"line":132,"column":16},"end":{"line":137,"column":5}},"locations":[{"start":{"line":132,"column":16},"end":{"line":137,"column":5}}]},"31":{"type":"branch","line":134,"loc":{"start":{"line":134,"column":29},"end":{"line":134,"column":36}},"locations":[{"start":{"line":134,"column":29},"end":{"line":134,"column":36}}]},"32":{"type":"branch","line":135,"loc":{"start":{"line":135,"column":34},"end":{"line":135,"column":52}},"locations":[{"start":{"line":135,"column":34},"end":{"line":135,"column":52}}]},"33":{"type":"branch","line":139,"loc":{"start":{"line":139,"column":10},"end":{"line":141,"column":5}},"locations":[{"start":{"line":139,"column":10},"end":{"line":141,"column":5}}]},"34":{"type":"branch","line":140,"loc":{"start":{"line":140,"column":30},"end":{"line":140,"column":59}},"locations":[{"start":{"line":140,"column":30},"end":{"line":140,"column":59}}]},"35":{"type":"branch","line":142,"loc":{"start":{"line":142,"column":16},"end":{"line":142,"column":32}},"locations":[{"start":{"line":142,"column":16},"end":{"line":142,"column":32}}]},"36":{"type":"branch","line":145,"loc":{"start":{"line":145,"column":16},"end":{"line":148,"column":5}},"locations":[{"start":{"line":145,"column":16},"end":{"line":148,"column":5}}]},"37":{"type":"branch","line":147,"loc":{"start":{"line":147,"column":49},"end":{"line":147,"column":66}},"locations":[{"start":{"line":147,"column":49},"end":{"line":147,"column":66}}]},"38":{"type":"branch","line":30,"loc":{"start":{"line":30,"column":24},"end":{"line":102,"column":3}},"locations":[{"start":{"line":30,"column":24},"end":{"line":102,"column":3}}]},"39":{"type":"branch","line":60,"loc":{"start":{"line":60,"column":20},"end":{"line":60,"column":41}},"locations":[{"start":{"line":60,"column":20},"end":{"line":60,"column":41}}]},"40":{"type":"branch","line":62,"loc":{"start":{"line":62,"column":6},"end":{"line":64,"column":17}},"locations":[{"start":{"line":62,"column":6},"end":{"line":64,"column":17}}]},"41":{"type":"branch","line":64,"loc":{"start":{"line":64,"column":17},"end":{"line":64,"column":37}},"locations":[{"start":{"line":64,"column":17},"end":{"line":64,"column":37}}]},"42":{"type":"branch","line":74,"loc":{"start":{"line":74,"column":20},"end":{"line":74,"column":78}},"locations":[{"start":{"line":74,"column":20},"end":{"line":74,"column":78}}]},"43":{"type":"branch","line":78,"loc":{"start":{"line":78,"column":65},"end":{"line":80,"column":7}},"locations":[{"start":{"line":78,"column":65},"end":{"line":80,"column":7}}]},"44":{"type":"branch","line":84,"loc":{"start":{"line":84,"column":65},"end":{"line":86,"column":7}},"locations":[{"start":{"line":84,"column":65},"end":{"line":86,"column":7}}]},"45":{"type":"branch","line":92,"loc":{"start":{"line":92,"column":18},"end":{"line":92,"column":39}},"locations":[{"start":{"line":92,"column":18},"end":{"line":92,"column":39}}]},"46":{"type":"branch","line":149,"loc":{"start":{"line":149,"column":15},"end":{"line":151,"column":5}},"locations":[{"start":{"line":149,"column":15},"end":{"line":151,"column":5}}]}},"b":{"0":[16],"1":[14],"2":[17],"3":[18],"4":[18],"5":[18],"6":[34],"7":[21],"8":[0],"9":[3],"10":[19],"11":[18],"12":[59],"13":[18],"14":[73],"15":[18],"16":[2],"17":[18],"18":[2],"19":[3],"20":[3],"21":[16],"22":[12],"23":[2],"24":[10],"25":[11],"26":[11],"27":[15],"28":[0],"29":[57],"30":[2],"31":[1],"32":[3],"33":[4],"34":[4],"35":[2],"36":[3],"37":[2],"38":[16],"39":[2],"40":[18],"41":[16],"42":[70],"43":[16],"44":[16],"45":[2],"46":[16]},"fnMap":{"0":{"name":"createFakeDatomServer","decl":{"start":{"line":13,"column":37},"end":{"line":153,"column":1}},"loc":{"start":{"line":13,"column":37},"end":{"line":153,"column":1}},"line":13},"1":{"name":"broadcast","decl":{"start":{"line":24,"column":20},"end":{"line":28,"column":3}},"loc":{"start":{"line":24,"column":20},"end":{"line":28,"column":3}},"line":24},"2":{"name":"<static_initializer>","decl":{"start":{"line":31,"column":4},"end":{"line":33,"column":21}},"loc":{"start":{"line":31,"column":4},"end":{"line":33,"column":21}},"line":31},"3":{"name":"<instance_members_initializer>","decl":{"start":{"line":36,"column":4},"end":{"line":43,"column":22}},"loc":{"start":{"line":36,"column":4},"end":{"line":43,"column":22}},"line":36},"4":{"name":"FakeEventSource","decl":{"start":{"line":46,"column":4},"end":{"line":50,"column":5}},"loc":{"start":{"line":46,"column":4},"end":{"line":50,"column":5}},"line":46},"5":{"name":"addEventListener","decl":{"start":{"line":53,"column":4},"end":{"line":55,"column":5}},"loc":{"start":{"line":53,"column":4},"end":{"line":55,"column":5}},"line":53},"6":{"name":"#connect","decl":{"start":{"line":57,"column":4},"end":{"line":70,"column":5}},"loc":{"start":{"line":57,"column":4},"end":{"line":70,"column":5}},"line":57},"7":{"name":"emitDatom","decl":{"start":{"line":73,"column":4},"end":{"line":75,"column":5}},"loc":{"start":{"line":73,"column":4},"end":{"line":75,"column":5}},"line":73},"8":{"name":"emitClock","decl":{"start":{"line":77,"column":4},"end":{"line":81,"column":5}},"loc":{"start":{"line":77,"column":4},"end":{"line":81,"column":5}},"line":77},"9":{"name":"emitEpoch","decl":{"start":{"line":83,"column":4},"end":{"line":87,"column":5}},"loc":{"start":{"line":83,"column":4},"end":{"line":87,"column":5}},"line":83},"10":{"name":"drop","decl":{"start":{"line":89,"column":4},"end":{"line":96,"column":5}},"loc":{"start":{"line":89,"column":4},"end":{"line":96,"column":5}},"line":89},"11":{"name":"close","decl":{"start":{"line":98,"column":4},"end":{"line":101,"column":5}},"loc":{"start":{"line":98,"column":4},"end":{"line":101,"column":5}},"line":98},"12":{"name":"fetchImpl","decl":{"start":{"line":105,"column":20},"end":{"line":114,"column":3}},"loc":{"start":{"line":105,"column":20},"end":{"line":114,"column":3}},"line":105},"13":{"name":"json","decl":{"start":{"line":112,"column":12},"end":{"line":112,"column":40}},"loc":{"start":{"line":112,"column":12},"end":{"line":112,"column":40}},"line":112},"14":{"name":"seed","decl":{"start":{"line":122,"column":10},"end":{"line":125,"column":5}},"loc":{"start":{"line":122,"column":10},"end":{"line":125,"column":5}},"line":122},"15":{"name":"replaceLog","decl":{"start":{"line":132,"column":16},"end":{"line":137,"column":5}},"loc":{"start":{"line":132,"column":16},"end":{"line":137,"column":5}},"line":132},"16":{"name":"push","decl":{"start":{"line":139,"column":10},"end":{"line":141,"column":5}},"loc":{"start":{"line":139,"column":10},"end":{"line":141,"column":5}},"line":139},"17":{"name":"serverTime","decl":{"start":{"line":142,"column":16},"end":{"line":142,"column":32}},"loc":{"start":{"line":142,"column":16},"end":{"line":142,"column":32}},"line":142},"18":{"name":"advance","decl":{"start":{"line":144,"column":13},"end":{"line":144,"column":39}},"loc":{"start":{"line":144,"column":13},"end":{"line":144,"column":39}},"line":144},"19":{"name":"disconnect","decl":{"start":{"line":145,"column":16},"end":{"line":148,"column":5}},"loc":{"start":{"line":145,"column":16},"end":{"line":148,"column":5}},"line":145},"20":{"name":"reconnect","decl":{"start":{"line":149,"column":15},"end":{"line":151,"column":5}},"loc":{"start":{"line":149,"column":15},"end":{"line":151,"column":5}},"line":149},"21":{"name":"<static_initializer>","decl":{"start":{"line":30,"column":24},"end":{"line":102,"column":3}},"loc":{"start":{"line":30,"column":24},"end":{"line":102,"column":3}},"line":30}},"f":{"0":16,"1":14,"2":17,"3":18,"4":18,"5":32,"6":21,"7":73,"8":18,"9":18,"10":3,"11":14,"12":12,"13":10,"14":15,"15":1,"16":4,"17":1,"18":0,"19":3,"20":1,"21":16}}
,"/Users/grop/ws/web-interview/frontend/src/todos/legacyReplica.js": {"path":"/Users/grop/ws/web-interview/frontend/src/todos/legacyReplica.js","all":false,"statementMap":{"0":{"start":{"line":1,"column":0},"end":{"line":1,"column":46}},"1":{"start":{"line":2,"column":0},"end":{"line":2,"column":24}},"2":{"start":{"line":3,"column":0},"end":{"line":3,"column":27}},"3":{"start":{"line":4,"column":0},"end":{"line":4,"column":2}},"4":{"start":{"line":5,"column":0},"end":{"line":5,"column":60}},"5":{"start":{"line":6,"column":0},"end":{"line":6,"column":0}},"6":{"start":{"line":7,"column":0},"end":{"line":7,"column":3}},"7":{"start":{"line":8,"column":0},"end":{"line":8,"column":78}},"8":{"start":{"line":9,"column":0},"end":{"line":9,"column":66}},"9":{"start":{"line":10,"column":0},"end":{"line":10,"column":3}},"10":{"start":{"line":11,"column":0},"end":{"line":11,"column":42}},"11":{"start":{"line":12,"column":0},"end":{"line":12,"column":7}},"12":{"start":{"line":13,"column":0},"end":{"line":13,"column":48}},"13":{"start":{"line":14,"column":0},"end":{"line":14,"column":48}},"14":{"start":{"line":15,"column":0},"end":{"line":15,"column":5}},"15":{"start":{"line":16,"column":0},"end":{"line":16,"column":62}},"16":{"start":{"line":17,"column":0},"end":{"line":17,"column":11}},"17":{"start":{"line":18,"column":0},"end":{"line":18,"column":61}},"18":{"start":{"line":19,"column":0},"end":{"line":19,"column":3}},"19":{"start":{"line":20,"column":0},"end":{"line":20,"column":1}},"20":{"start":{"line":21,"column":0},"end":{"line":21,"column":22}}},"s":{"0":2,"1":2,"2":2,"3":2,"4":2,"5":2,"6":2,"7":2,"8":2,"9":2,"10":2,"11":15,"12":15,"13":30,"14":30,"15":15,"16":15,"17":0,"18":0,"19":15,"20":2},"branchMap":{"0":{"type":"branch","line":1,"loc":{"start":{"line":1,"column":0},"end":{"line":21,"column":22}},"locations":[{"start":{"line":1,"column":0},"end":{"line":21,"column":22}}]},"1":{"type":"branch","line":11,"loc":{"start":{"line":11,"column":35},"end":{"line":20,"column":1}},"locations":[{"start":{"line":11,"column":35},"end":{"line":20,"column":1}}]},"2":{"type":"branch","line":13,"loc":{"start":{"line":13,"column":47},"end":{"line":15,"column":5}},"locations":[{"start":{"line":13,"column":47},"end":{"line":15,"column":5}}]},"3":{"type":"branch","line":17,"loc":{"start":{"line":17,"column":4},"end":{"line":19,"column":3}},"locations":[{"start":{"line":17,"column":4},"end":{"line":19,"column":3}}]}},"b":{"0":[2],"1":[15],"2":[30],"3":[0]},"fnMap":{"0":{"name":"deleteLegacyReplica","decl":{"start":{"line":11,"column":35},"end":{"line":20,"column":1}},"loc":{"start":{"line":11,"column":35},"end":{"line":20,"column":1}},"line":11}},"f":{"0":15}}
,"/Users/grop/ws/web-interview/frontend/src/todos/todoClient.js": {"path":"/Users/grop/ws/web-interview/frontend/src/todos/todoClient.js","all":false,"statementMap":{"0":{"start":{"line":1,"column":0},"end":{"line":1,"column":61}},"1":{"start":{"line":2,"column":0},"end":{"line":2,"column":8}},"2":{"start":{"line":3,"column":0},"end":{"line":3,"column":14}},"3":{"start":{"line":4,"column":0},"end":{"line":4,"column":13}},"4":{"start":{"line":5,"column":0},"end":{"line":5,"column":17}},"5":{"start":{"line":6,"column":0},"end":{"line":6,"column":14}},"6":{"start":{"line":7,"column":0},"end":{"line":7,"column":28}},"7":{"start":{"line":8,"column":0},"end":{"line":8,"column":38}},"8":{"start":{"line":9,"column":0},"end":{"line":9,"column":60}},"10":{"start":{"line":11,"column":0},"end":{"line":11,"column":74}},"11":{"start":{"line":12,"column":0},"end":{"line":12,"column":66}},"12":{"start":{"line":13,"column":0},"end":{"line":13,"column":74}},"13":{"start":{"line":14,"column":0},"end":{"line":14,"column":88}},"15":{"start":{"line":16,"column":0},"end":{"line":16,"column":81}},"16":{"start":{"line":17,"column":0},"end":{"line":17,"column":29}},"17":{"start":{"line":18,"column":0},"end":{"line":18,"column":29}},"19":{"start":{"line":20,"column":0},"end":{"line":20,"column":3}},"20":{"start":{"line":21,"column":0},"end":{"line":21,"column":33}},"21":{"start":{"line":22,"column":0},"end":{"line":22,"column":34}},"22":{"start":{"line":23,"column":0},"end":{"line":23,"column":3}},"23":{"start":{"line":24,"column":0},"end":{"line":24,"column":35}},"24":{"start":{"line":25,"column":0},"end":{"line":25,"column":41}},"25":{"start":{"line":26,"column":0},"end":{"line":26,"column":45}},"26":{"start":{"line":27,"column":0},"end":{"line":27,"column":33}},"27":{"start":{"line":28,"column":0},"end":{"line":28,"column":35}},"28":{"start":{"line":29,"column":0},"end":{"line":29,"column":28}},"30":{"start":{"line":31,"column":0},"end":{"line":31,"column":3}},"31":{"start":{"line":32,"column":0},"end":{"line":32,"column":81}},"32":{"start":{"line":33,"column":0},"end":{"line":33,"column":74}},"33":{"start":{"line":34,"column":0},"end":{"line":34,"column":2}},"34":{"start":{"line":35,"column":0},"end":{"line":35,"column":28}},"35":{"start":{"line":36,"column":0},"end":{"line":36,"column":36}},"36":{"start":{"line":37,"column":0},"end":{"line":37,"column":56}},"37":{"start":{"line":38,"column":0},"end":{"line":38,"column":44}},"38":{"start":{"line":39,"column":0},"end":{"line":39,"column":47}},"39":{"start":{"line":40,"column":0},"end":{"line":40,"column":3}},"40":{"start":{"line":41,"column":0},"end":{"line":41,"column":34}},"41":{"start":{"line":42,"column":0},"end":{"line":42,"column":29}},"42":{"start":{"line":43,"column":0},"end":{"line":43,"column":43}},"43":{"start":{"line":44,"column":0},"end":{"line":44,"column":53}},"44":{"start":{"line":45,"column":0},"end":{"line":45,"column":41}},"45":{"start":{"line":46,"column":0},"end":{"line":46,"column":12}},"46":{"start":{"line":47,"column":0},"end":{"line":47,"column":32}},"47":{"start":{"line":48,"column":0},"end":{"line":48,"column":24}},"48":{"start":{"line":49,"column":0},"end":{"line":49,"column":19}},"49":{"start":{"line":50,"column":0},"end":{"line":50,"column":32}},"50":{"start":{"line":51,"column":0},"end":{"line":51,"column":29}},"52":{"start":{"line":53,"column":0},"end":{"line":53,"column":35}},"53":{"start":{"line":54,"column":0},"end":{"line":54,"column":19}},"54":{"start":{"line":55,"column":0},"end":{"line":55,"column":35}},"55":{"start":{"line":56,"column":0},"end":{"line":56,"column":12}},"56":{"start":{"line":57,"column":0},"end":{"line":57,"column":5}},"57":{"start":{"line":58,"column":0},"end":{"line":58,"column":77}},"58":{"start":{"line":59,"column":0},"end":{"line":59,"column":4}},"59":{"start":{"line":60,"column":0},"end":{"line":60,"column":26}},"60":{"start":{"line":61,"column":0},"end":{"line":61,"column":5}},"61":{"start":{"line":62,"column":0},"end":{"line":62,"column":18}},"62":{"start":{"line":63,"column":0},"end":{"line":63,"column":20}},"63":{"start":{"line":64,"column":0},"end":{"line":64,"column":22}},"64":{"start":{"line":65,"column":0},"end":{"line":65,"column":53}},"65":{"start":{"line":66,"column":0},"end":{"line":66,"column":23}},"66":{"start":{"line":67,"column":0},"end":{"line":67,"column":53}},"67":{"start":{"line":68,"column":0},"end":{"line":68,"column":24}},"69":{"start":{"line":70,"column":0},"end":{"line":70,"column":64}},"70":{"start":{"line":71,"column":0},"end":{"line":71,"column":40}},"71":{"start":{"line":72,"column":0},"end":{"line":72,"column":30}},"72":{"start":{"line":73,"column":0},"end":{"line":73,"column":18}},"73":{"start":{"line":74,"column":0},"end":{"line":74,"column":20}},"75":{"start":{"line":76,"column":0},"end":{"line":76,"column":5}},"76":{"start":{"line":77,"column":0},"end":{"line":77,"column":83}},"77":{"start":{"line":78,"column":0},"end":{"line":78,"column":80}},"78":{"start":{"line":79,"column":0},"end":{"line":79,"column":35}},"79":{"start":{"line":80,"column":0},"end":{"line":80,"column":4}},"80":{"start":{"line":81,"column":0},"end":{"line":81,"column":26}},"81":{"start":{"line":82,"column":0},"end":{"line":82,"column":5}},"82":{"start":{"line":83,"column":0},"end":{"line":83,"column":24}},"83":{"start":{"line":84,"column":0},"end":{"line":84,"column":25}},"85":{"start":{"line":86,"column":0},"end":{"line":86,"column":25}},"86":{"start":{"line":87,"column":0},"end":{"line":87,"column":68}},"87":{"start":{"line":88,"column":0},"end":{"line":88,"column":42}},"89":{"start":{"line":90,"column":0},"end":{"line":90,"column":36}},"90":{"start":{"line":91,"column":0},"end":{"line":91,"column":29}},"91":{"start":{"line":92,"column":0},"end":{"line":92,"column":15}},"92":{"start":{"line":93,"column":0},"end":{"line":93,"column":32}},"93":{"start":{"line":94,"column":0},"end":{"line":94,"column":11}},"94":{"start":{"line":95,"column":0},"end":{"line":95,"column":34}},"95":{"start":{"line":96,"column":0},"end":{"line":96,"column":10}},"96":{"start":{"line":97,"column":0},"end":{"line":97,"column":4}},"98":{"start":{"line":99,"column":0},"end":{"line":99,"column":27}},"100":{"start":{"line":101,"column":0},"end":{"line":101,"column":24}},"101":{"start":{"line":102,"column":0},"end":{"line":102,"column":48}},"102":{"start":{"line":103,"column":0},"end":{"line":103,"column":3}},"104":{"start":{"line":105,"column":0},"end":{"line":105,"column":25}},"105":{"start":{"line":106,"column":0},"end":{"line":106,"column":29}},"106":{"start":{"line":107,"column":0},"end":{"line":107,"column":40}},"107":{"start":{"line":108,"column":0},"end":{"line":108,"column":17}},"108":{"start":{"line":109,"column":0},"end":{"line":109,"column":12}},"109":{"start":{"line":110,"column":0},"end":{"line":110,"column":3}},"111":{"start":{"line":112,"column":0},"end":{"line":112,"column":31}},"112":{"start":{"line":113,"column":0},"end":{"line":113,"column":22}},"113":{"start":{"line":114,"column":0},"end":{"line":114,"column":35}},"114":{"start":{"line":115,"column":0},"end":{"line":115,"column":17}},"115":{"start":{"line":116,"column":0},"end":{"line":116,"column":13}},"116":{"start":{"line":117,"column":0},"end":{"line":117,"column":3}},"118":{"start":{"line":119,"column":0},"end":{"line":119,"column":37}},"119":{"start":{"line":120,"column":0},"end":{"line":120,"column":28}},"120":{"start":{"line":121,"column":0},"end":{"line":121,"column":36}},"121":{"start":{"line":122,"column":0},"end":{"line":122,"column":74}},"122":{"start":{"line":123,"column":0},"end":{"line":123,"column":7}},"123":{"start":{"line":124,"column":0},"end":{"line":124,"column":12}},"124":{"start":{"line":125,"column":0},"end":{"line":125,"column":5}},"125":{"start":{"line":126,"column":0},"end":{"line":126,"column":46}},"126":{"start":{"line":127,"column":0},"end":{"line":127,"column":22}},"127":{"start":{"line":128,"column":0},"end":{"line":128,"column":18}},"128":{"start":{"line":129,"column":0},"end":{"line":129,"column":3}},"130":{"start":{"line":131,"column":0},"end":{"line":131,"column":35}},"131":{"start":{"line":132,"column":0},"end":{"line":132,"column":43}},"132":{"start":{"line":133,"column":0},"end":{"line":133,"column":70}},"133":{"start":{"line":134,"column":0},"end":{"line":134,"column":63}},"134":{"start":{"line":135,"column":0},"end":{"line":135,"column":3}},"136":{"start":{"line":137,"column":0},"end":{"line":137,"column":31}},"137":{"start":{"line":138,"column":0},"end":{"line":138,"column":37}},"138":{"start":{"line":139,"column":0},"end":{"line":139,"column":35}},"139":{"start":{"line":140,"column":0},"end":{"line":140,"column":23}},"140":{"start":{"line":141,"column":0},"end":{"line":141,"column":18}},"141":{"start":{"line":142,"column":0},"end":{"line":142,"column":23}},"142":{"start":{"line":143,"column":0},"end":{"line":143,"column":3}},"144":{"start":{"line":145,"column":0},"end":{"line":145,"column":29}},"145":{"start":{"line":146,"column":0},"end":{"line":146,"column":58}},"146":{"start":{"line":147,"column":0},"end":{"line":147,"column":19}},"147":{"start":{"line":148,"column":0},"end":{"line":148,"column":9}},"148":{"start":{"line":149,"column":0},"end":{"line":149,"column":45}},"149":{"start":{"line":150,"column":0},"end":{"line":150,"column":36}},"150":{"start":{"line":151,"column":0},"end":{"line":151,"column":37}},"151":{"start":{"line":152,"column":0},"end":{"line":152,"column":20}},"152":{"start":{"line":153,"column":0},"end":{"line":153,"column":13}},"153":{"start":{"line":154,"column":0},"end":{"line":154,"column":74}},"154":{"start":{"line":155,"column":0},"end":{"line":155,"column":27}},"155":{"start":{"line":156,"column":0},"end":{"line":156,"column":60}},"156":{"start":{"line":157,"column":0},"end":{"line":157,"column":52}},"157":{"start":{"line":158,"column":0},"end":{"line":158,"column":12}},"158":{"start":{"line":159,"column":0},"end":{"line":159,"column":17}},"159":{"start":{"line":160,"column":0},"end":{"line":160,"column":46}},"160":{"start":{"line":161,"column":0},"end":{"line":161,"column":25}},"161":{"start":{"line":162,"column":0},"end":{"line":162,"column":19}},"162":{"start":{"line":163,"column":0},"end":{"line":163,"column":16}},"163":{"start":{"line":164,"column":0},"end":{"line":164,"column":9}},"165":{"start":{"line":166,"column":0},"end":{"line":166,"column":38}},"166":{"start":{"line":167,"column":0},"end":{"line":167,"column":26}},"167":{"start":{"line":168,"column":0},"end":{"line":168,"column":57}},"168":{"start":{"line":169,"column":0},"end":{"line":169,"column":62}},"169":{"start":{"line":170,"column":0},"end":{"line":170,"column":83}},"170":{"start":{"line":171,"column":0},"end":{"line":171,"column":22}},"171":{"start":{"line":172,"column":0},"end":{"line":172,"column":16}},"172":{"start":{"line":173,"column":0},"end":{"line":173,"column":81}},"173":{"start":{"line":174,"column":0},"end":{"line":174,"column":54}},"174":{"start":{"line":175,"column":0},"end":{"line":175,"column":69}},"175":{"start":{"line":176,"column":0},"end":{"line":176,"column":9}},"176":{"start":{"line":177,"column":0},"end":{"line":177,"column":29}},"177":{"start":{"line":178,"column":0},"end":{"line":178,"column":17}},"178":{"start":{"line":179,"column":0},"end":{"line":179,"column":7}},"179":{"start":{"line":180,"column":0},"end":{"line":180,"column":15}},"180":{"start":{"line":181,"column":0},"end":{"line":181,"column":22}},"181":{"start":{"line":182,"column":0},"end":{"line":182,"column":27}},"182":{"start":{"line":183,"column":0},"end":{"line":183,"column":15}},"183":{"start":{"line":184,"column":0},"end":{"line":184,"column":5}},"184":{"start":{"line":185,"column":0},"end":{"line":185,"column":3}},"186":{"start":{"line":187,"column":0},"end":{"line":187,"column":70}},"187":{"start":{"line":188,"column":0},"end":{"line":188,"column":35}},"188":{"start":{"line":189,"column":0},"end":{"line":189,"column":21}},"189":{"start":{"line":190,"column":0},"end":{"line":190,"column":13}},"190":{"start":{"line":191,"column":0},"end":{"line":191,"column":3}},"192":{"start":{"line":193,"column":0},"end":{"line":193,"column":25}},"193":{"start":{"line":194,"column":0},"end":{"line":194,"column":27}},"194":{"start":{"line":195,"column":0},"end":{"line":195,"column":56}},"195":{"start":{"line":196,"column":0},"end":{"line":196,"column":38}},"196":{"start":{"line":197,"column":0},"end":{"line":197,"column":12}},"197":{"start":{"line":198,"column":0},"end":{"line":198,"column":5}},"198":{"start":{"line":199,"column":0},"end":{"line":199,"column":78}},"199":{"start":{"line":200,"column":0},"end":{"line":200,"column":82}},"200":{"start":{"line":201,"column":0},"end":{"line":201,"column":41}},"201":{"start":{"line":202,"column":0},"end":{"line":202,"column":70}},"202":{"start":{"line":203,"column":0},"end":{"line":203,"column":82}},"203":{"start":{"line":204,"column":0},"end":{"line":204,"column":17}},"205":{"start":{"line":206,"column":0},"end":{"line":206,"column":25}},"206":{"start":{"line":207,"column":0},"end":{"line":207,"column":18}},"207":{"start":{"line":208,"column":0},"end":{"line":208,"column":36}},"208":{"start":{"line":209,"column":0},"end":{"line":209,"column":18}},"209":{"start":{"line":210,"column":0},"end":{"line":210,"column":5}},"210":{"start":{"line":211,"column":0},"end":{"line":211,"column":33}},"211":{"start":{"line":212,"column":0},"end":{"line":212,"column":26}},"212":{"start":{"line":213,"column":0},"end":{"line":213,"column":42}},"213":{"start":{"line":214,"column":0},"end":{"line":214,"column":24}},"214":{"start":{"line":215,"column":0},"end":{"line":215,"column":44}},"215":{"start":{"line":216,"column":0},"end":{"line":216,"column":5}},"216":{"start":{"line":217,"column":0},"end":{"line":217,"column":51}},"217":{"start":{"line":218,"column":0},"end":{"line":218,"column":81}},"218":{"start":{"line":219,"column":0},"end":{"line":219,"column":46}},"219":{"start":{"line":220,"column":0},"end":{"line":220,"column":27}},"220":{"start":{"line":221,"column":0},"end":{"line":221,"column":24}},"221":{"start":{"line":222,"column":0},"end":{"line":222,"column":14}},"222":{"start":{"line":223,"column":0},"end":{"line":223,"column":7}},"223":{"start":{"line":224,"column":0},"end":{"line":224,"column":36}},"225":{"start":{"line":226,"column":0},"end":{"line":226,"column":81}},"226":{"start":{"line":227,"column":0},"end":{"line":227,"column":79}},"227":{"start":{"line":228,"column":0},"end":{"line":228,"column":65}},"228":{"start":{"line":229,"column":0},"end":{"line":229,"column":22}},"229":{"start":{"line":230,"column":0},"end":{"line":230,"column":24}},"230":{"start":{"line":231,"column":0},"end":{"line":231,"column":19}},"231":{"start":{"line":232,"column":0},"end":{"line":232,"column":14}},"232":{"start":{"line":233,"column":0},"end":{"line":233,"column":6}},"233":{"start":{"line":234,"column":0},"end":{"line":234,"column":51}},"234":{"start":{"line":235,"column":0},"end":{"line":235,"column":81}},"235":{"start":{"line":236,"column":0},"end":{"line":236,"column":48}},"236":{"start":{"line":237,"column":0},"end":{"line":237,"column":33}},"237":{"start":{"line":238,"column":0},"end":{"line":238,"column":15}},"238":{"start":{"line":239,"column":0},"end":{"line":239,"column":6}},"239":{"start":{"line":240,"column":0},"end":{"line":240,"column":26}},"240":{"start":{"line":241,"column":0},"end":{"line":241,"column":25}},"241":{"start":{"line":242,"column":0},"end":{"line":242,"column":20}},"242":{"start":{"line":243,"column":0},"end":{"line":243,"column":47}},"243":{"start":{"line":244,"column":0},"end":{"line":244,"column":29}},"244":{"start":{"line":245,"column":0},"end":{"line":245,"column":35}},"245":{"start":{"line":246,"column":0},"end":{"line":246,"column":7}},"246":{"start":{"line":247,"column":0},"end":{"line":247,"column":5}},"247":{"start":{"line":248,"column":0},"end":{"line":248,"column":3}},"249":{"start":{"line":250,"column":0},"end":{"line":250,"column":83}},"250":{"start":{"line":251,"column":0},"end":{"line":251,"column":24}},"251":{"start":{"line":252,"column":0},"end":{"line":252,"column":19}},"252":{"start":{"line":253,"column":0},"end":{"line":253,"column":17}},"253":{"start":{"line":254,"column":0},"end":{"line":254,"column":23}},"254":{"start":{"line":255,"column":0},"end":{"line":255,"column":13}},"255":{"start":{"line":256,"column":0},"end":{"line":256,"column":3}},"257":{"start":{"line":258,"column":0},"end":{"line":258,"column":5}},"258":{"start":{"line":259,"column":0},"end":{"line":259,"column":27}},"259":{"start":{"line":260,"column":0},"end":{"line":260,"column":33}},"260":{"start":{"line":261,"column":0},"end":{"line":261,"column":29}},"261":{"start":{"line":262,"column":0},"end":{"line":262,"column":24}},"262":{"start":{"line":263,"column":0},"end":{"line":263,"column":28}},"263":{"start":{"line":264,"column":0},"end":{"line":264,"column":5}},"264":{"start":{"line":265,"column":0},"end":{"line":265,"column":51}},"265":{"start":{"line":266,"column":0},"end":{"line":266,"column":41}},"266":{"start":{"line":267,"column":0},"end":{"line":267,"column":24}},"267":{"start":{"line":268,"column":0},"end":{"line":268,"column":59}},"268":{"start":{"line":269,"column":0},"end":{"line":269,"column":22}},"269":{"start":{"line":270,"column":0},"end":{"line":270,"column":22}},"270":{"start":{"line":271,"column":0},"end":{"line":271,"column":25}},"271":{"start":{"line":272,"column":0},"end":{"line":272,"column":13}},"272":{"start":{"line":273,"column":0},"end":{"line":273,"column":16}},"273":{"start":{"line":274,"column":0},"end":{"line":274,"column":16}},"274":{"start":{"line":275,"column":0},"end":{"line":275,"column":3}},"276":{"start":{"line":277,"column":0},"end":{"line":277,"column":25}},"278":{"start":{"line":279,"column":0},"end":{"line":279,"column":10}},"279":{"start":{"line":280,"column":0},"end":{"line":280,"column":10}},"281":{"start":{"line":282,"column":0},"end":{"line":282,"column":39}},"282":{"start":{"line":283,"column":0},"end":{"line":283,"column":25}},"283":{"start":{"line":284,"column":0},"end":{"line":284,"column":29}},"284":{"start":{"line":285,"column":0},"end":{"line":285,"column":45}},"285":{"start":{"line":286,"column":0},"end":{"line":286,"column":6}},"287":{"start":{"line":288,"column":0},"end":{"line":288,"column":42}},"288":{"start":{"line":289,"column":0},"end":{"line":289,"column":28}},"290":{"start":{"line":291,"column":0},"end":{"line":291,"column":13}},"291":{"start":{"line":292,"column":0},"end":{"line":292,"column":26}},"292":{"start":{"line":293,"column":0},"end":{"line":293,"column":21}},"293":{"start":{"line":294,"column":0},"end":{"line":294,"column":15}},"294":{"start":{"line":295,"column":0},"end":{"line":295,"column":6}},"296":{"start":{"line":297,"column":0},"end":{"line":297,"column":12}},"297":{"start":{"line":298,"column":0},"end":{"line":298,"column":20}},"298":{"start":{"line":299,"column":0},"end":{"line":299,"column":21}},"299":{"start":{"line":300,"column":0},"end":{"line":300,"column":19}},"300":{"start":{"line":301,"column":0},"end":{"line":301,"column":46}},"301":{"start":{"line":302,"column":0},"end":{"line":302,"column":23}},"302":{"start":{"line":303,"column":0},"end":{"line":303,"column":48}},"303":{"start":{"line":304,"column":0},"end":{"line":304,"column":24}},"304":{"start":{"line":305,"column":0},"end":{"line":305,"column":6}},"306":{"start":{"line":307,"column":0},"end":{"line":307,"column":17}},"307":{"start":{"line":308,"column":0},"end":{"line":308,"column":21}},"308":{"start":{"line":309,"column":0},"end":{"line":309,"column":19}},"309":{"start":{"line":310,"column":0},"end":{"line":310,"column":21}},"310":{"start":{"line":311,"column":0},"end":{"line":311,"column":42}},"311":{"start":{"line":312,"column":0},"end":{"line":312,"column":15}},"312":{"start":{"line":313,"column":0},"end":{"line":313,"column":18}},"313":{"start":{"line":314,"column":0},"end":{"line":314,"column":6}},"315":{"start":{"line":316,"column":0},"end":{"line":316,"column":35}},"316":{"start":{"line":317,"column":0},"end":{"line":317,"column":37}},"317":{"start":{"line":318,"column":0},"end":{"line":318,"column":55}},"319":{"start":{"line":320,"column":0},"end":{"line":320,"column":7}},"320":{"start":{"line":321,"column":0},"end":{"line":321,"column":29}},"321":{"start":{"line":322,"column":0},"end":{"line":322,"column":35}},"322":{"start":{"line":323,"column":0},"end":{"line":323,"column":31}},"323":{"start":{"line":324,"column":0},"end":{"line":324,"column":7}},"324":{"start":{"line":325,"column":0},"end":{"line":325,"column":80}},"326":{"start":{"line":327,"column":0},"end":{"line":327,"column":7}},"327":{"start":{"line":328,"column":0},"end":{"line":328,"column":79}},"328":{"start":{"line":329,"column":0},"end":{"line":329,"column":66}},"329":{"start":{"line":330,"column":0},"end":{"line":330,"column":6}},"330":{"start":{"line":331,"column":0},"end":{"line":331,"column":29}},"331":{"start":{"line":332,"column":0},"end":{"line":332,"column":35}},"332":{"start":{"line":333,"column":0},"end":{"line":333,"column":31}},"333":{"start":{"line":334,"column":0},"end":{"line":334,"column":7}},"334":{"start":{"line":335,"column":0},"end":{"line":335,"column":82}},"335":{"start":{"line":336,"column":0},"end":{"line":336,"column":3}},"336":{"start":{"line":337,"column":0},"end":{"line":337,"column":1}}},"s":{"0":1,"1":1,"2":1,"3":1,"4":1,"5":1,"6":1,"7":1,"8":1,"10":1,"11":1,"12":1,"13":1,"15":1,"16":1,"17":1,"19":1,"20":1,"21":1,"22":1,"23":1,"24":73,"25":73,"26":73,"27":73,"28":17,"30":1,"31":1,"32":1,"33":1,"34":1,"35":1,"36":1,"37":1,"38":1,"39":1,"40":1,"41":15,"42":15,"43":15,"44":15,"45":15,"46":15,"47":15,"48":15,"49":15,"50":15,"52":15,"53":15,"54":15,"55":15,"56":15,"57":15,"58":15,"59":15,"60":15,"61":15,"62":15,"63":15,"64":15,"65":15,"66":15,"67":15,"69":15,"70":15,"71":15,"72":15,"73":15,"75":15,"76":15,"77":15,"78":15,"79":15,"80":15,"81":15,"82":15,"83":15,"85":15,"86":15,"87":15,"89":15,"90":15,"91":88,"92":88,"93":88,"94":88,"95":88,"96":88,"98":15,"100":15,"101":127,"102":127,"104":15,"105":73,"106":73,"107":57,"108":57,"109":73,"111":15,"112":1,"113":1,"114":1,"115":1,"116":1,"118":15,"119":35,"120":13,"121":12,"122":12,"123":13,"124":13,"125":35,"126":22,"127":22,"128":35,"130":15,"131":15,"132":27,"133":27,"134":27,"136":15,"137":1,"138":1,"139":0,"140":0,"141":1,"142":1,"144":15,"145":28,"146":12,"147":12,"148":28,"149":12,"150":12,"151":12,"152":12,"153":12,"154":12,"155":12,"156":12,"157":12,"158":12,"159":1,"160":1,"161":1,"162":1,"163":1,"165":11,"166":11,"167":11,"168":11,"169":11,"170":11,"171":12,"172":0,"173":0,"174":0,"175":0,"176":11,"177":11,"178":11,"179":28,"180":12,"181":12,"182":12,"183":12,"184":28,"186":15,"187":15,"188":20,"189":20,"190":20,"192":15,"193":16,"194":0,"195":0,"196":0,"197":0,"198":16,"199":16,"200":16,"201":16,"202":16,"203":16,"205":16,"206":16,"207":16,"208":16,"209":16,"210":16,"211":69,"212":69,"213":69,"214":69,"215":69,"216":16,"217":16,"218":16,"219":15,"220":13,"221":13,"222":13,"223":14,"225":1,"226":1,"227":1,"228":1,"229":1,"230":1,"231":1,"232":16,"233":16,"234":16,"235":16,"236":16,"237":16,"238":16,"239":16,"240":4,"241":4,"242":4,"243":4,"244":4,"245":4,"246":4,"247":16,"249":15,"250":15,"251":1,"252":1,"253":1,"254":1,"255":1,"257":15,"258":15,"259":15,"260":15,"261":15,"262":15,"263":15,"264":15,"265":12,"266":12,"267":12,"268":12,"269":12,"270":12,"271":12,"272":12,"273":12,"274":12,"276":15,"278":15,"279":15,"281":15,"282":15,"283":30,"284":30,"285":15,"287":15,"288":15,"290":15,"291":15,"292":15,"293":15,"294":15,"296":15,"297":13,"298":13,"299":13,"300":13,"301":13,"302":13,"303":13,"304":15,"306":15,"307":0,"308":0,"309":0,"310":0,"311":0,"312":0,"313":15,"315":15,"316":15,"317":15,"319":15,"320":15,"321":15,"322":15,"323":15,"324":15,"326":15,"327":15,"328":15,"329":15,"330":15,"331":15,"332":15,"333":15,"334":15,"335":15,"336":15},"branchMap":{"0":{"type":"branch","line":24,"loc":{"start":{"line":24,"column":19},"end":{"line":29,"column":28}},"locations":[{"start":{"line":24,"column":19},"end":{"line":29,"column":28}}]},"1":{"type":"branch","line":25,"loc":{"start":{"line":25,"column":39},"end":{"line":26,"column":42}},"locations":[{"start":{"line":25,"column":39},"end":{"line":26,"column":42}}]},"2":{"type":"branch","line":26,"loc":{"start":{"line":26,"column":43},"end":{"line":27,"column":30}},"locations":[{"start":{"line":26,"column":43},"end":{"line":27,"column":30}}]},"3":{"type":"branch","line":27,"loc":{"start":{"line":27,"column":31},"end":{"line":28,"column":32}},"locations":[{"start":{"line":27,"column":31},"end":{"line":28,"column":32}}]},"4":{"type":"branch","line":28,"loc":{"start":{"line":28,"column":33},"end":{"line":29,"column":28}},"locations":[{"start":{"line":28,"column":33},"end":{"line":29,"column":28}}]},"5":{"type":"branch","line":41,"loc":{"start":{"line":41,"column":32},"end":{"line":337,"column":1}},"locations":[{"start":{"line":41,"column":32},"end":{"line":337,"column":1}}]},"6":{"type":"branch","line":45,"loc":{"start":{"line":45,"column":17},"end":{"line":45,"column":40}},"locations":[{"start":{"line":45,"column":17},"end":{"line":45,"column":40}}]},"7":{"type":"branch","line":86,"loc":{"start":{"line":86,"column":20},"end":{"line":87,"column":68}},"locations":[{"start":{"line":86,"column":20},"end":{"line":87,"column":68}}]},"8":{"type":"branch","line":91,"loc":{"start":{"line":91,"column":21},"end":{"line":97,"column":4}},"locations":[{"start":{"line":91,"column":21},"end":{"line":97,"column":4}}]},"9":{"type":"branch","line":101,"loc":{"start":{"line":101,"column":17},"end":{"line":103,"column":3}},"locations":[{"start":{"line":101,"column":17},"end":{"line":103,"column":3}}]},"10":{"type":"branch","line":102,"loc":{"start":{"line":102,"column":38},"end":{"line":102,"column":48}},"locations":[{"start":{"line":102,"column":38},"end":{"line":102,"column":48}}]},"11":{"type":"branch","line":105,"loc":{"start":{"line":105,"column":18},"end":{"line":110,"column":3}},"locations":[{"start":{"line":105,"column":18},"end":{"line":110,"column":3}}]},"12":{"type":"branch","line":107,"loc":{"start":{"line":107,"column":34},"end":{"line":107,"column":40}},"locations":[{"start":{"line":107,"column":34},"end":{"line":107,"column":40}}]},"13":{"type":"branch","line":107,"loc":{"start":{"line":107,"column":34},"end":{"line":110,"column":2}},"locations":[{"start":{"line":107,"column":34},"end":{"line":110,"column":2}}]},"14":{"type":"branch","line":112,"loc":{"start":{"line":112,"column":24},"end":{"line":117,"column":3}},"locations":[{"start":{"line":112,"column":24},"end":{"line":117,"column":3}}]},"15":{"type":"branch","line":114,"loc":{"start":{"line":114,"column":29},"end":{"line":114,"column":35}},"locations":[{"start":{"line":114,"column":29},"end":{"line":114,"column":35}}]},"16":{"type":"branch","line":119,"loc":{"start":{"line":119,"column":30},"end":{"line":129,"column":3}},"locations":[{"start":{"line":119,"column":30},"end":{"line":129,"column":3}}]},"17":{"type":"branch","line":120,"loc":{"start":{"line":120,"column":27},"end":{"line":125,"column":5}},"locations":[{"start":{"line":120,"column":27},"end":{"line":125,"column":5}}]},"18":{"type":"branch","line":121,"loc":{"start":{"line":121,"column":35},"end":{"line":123,"column":7}},"locations":[{"start":{"line":121,"column":35},"end":{"line":123,"column":7}}]},"19":{"type":"branch","line":125,"loc":{"start":{"line":125,"column":4},"end":{"line":126,"column":21}},"locations":[{"start":{"line":125,"column":4},"end":{"line":126,"column":21}}]},"20":{"type":"branch","line":126,"loc":{"start":{"line":126,"column":21},"end":{"line":126,"column":46}},"locations":[{"start":{"line":126,"column":21},"end":{"line":126,"column":46}}]},"21":{"type":"branch","line":126,"loc":{"start":{"line":126,"column":45},"end":{"line":129,"column":2}},"locations":[{"start":{"line":126,"column":45},"end":{"line":129,"column":2}}]},"22":{"type":"branch","line":132,"loc":{"start":{"line":132,"column":26},"end":{"line":135,"column":3}},"locations":[{"start":{"line":132,"column":26},"end":{"line":135,"column":3}}]},"23":{"type":"branch","line":137,"loc":{"start":{"line":137,"column":24},"end":{"line":143,"column":3}},"locations":[{"start":{"line":137,"column":24},"end":{"line":143,"column":3}}]},"24":{"type":"branch","line":138,"loc":{"start":{"line":138,"column":31},"end":{"line":138,"column":37}},"locations":[{"start":{"line":138,"column":31},"end":{"line":138,"column":37}}]},"25":{"type":"branch","line":145,"loc":{"start":{"line":145,"column":16},"end":{"line":185,"column":3}},"locations":[{"start":{"line":145,"column":16},"end":{"line":185,"column":3}}]},"26":{"type":"branch","line":146,"loc":{"start":{"line":146,"column":52},"end":{"line":146,"column":58}},"locations":[{"start":{"line":146,"column":52},"end":{"line":146,"column":58}}]},"27":{"type":"branch","line":146,"loc":{"start":{"line":146,"column":52},"end":{"line":149,"column":42}},"locations":[{"start":{"line":146,"column":52},"end":{"line":149,"column":42}}]},"28":{"type":"branch","line":149,"loc":{"start":{"line":149,"column":44},"end":{"line":179,"column":7}},"locations":[{"start":{"line":149,"column":44},"end":{"line":179,"column":7}}]},"29":{"type":"branch","line":158,"loc":{"start":{"line":158,"column":11},"end":{"line":159,"column":10}},"locations":[{"start":{"line":158,"column":11},"end":{"line":159,"column":10}}]},"30":{"type":"branch","line":159,"loc":{"start":{"line":159,"column":10},"end":{"line":164,"column":9}},"locations":[{"start":{"line":159,"column":10},"end":{"line":164,"column":9}}]},"31":{"type":"branch","line":164,"loc":{"start":{"line":164,"column":8},"end":{"line":172,"column":9}},"locations":[{"start":{"line":164,"column":8},"end":{"line":172,"column":9}}]},"32":{"type":"branch","line":172,"loc":{"start":{"line":172,"column":9},"end":{"line":176,"column":9}},"locations":[{"start":{"line":172,"column":9},"end":{"line":176,"column":9}}]},"33":{"type":"branch","line":176,"loc":{"start":{"line":176,"column":8},"end":{"line":179,"column":7}},"locations":[{"start":{"line":176,"column":8},"end":{"line":179,"column":7}}]},"34":{"type":"branch","line":180,"loc":{"start":{"line":180,"column":6},"end":{"line":184,"column":5}},"locations":[{"start":{"line":180,"column":6},"end":{"line":184,"column":5}}]},"35":{"type":"branch","line":188,"loc":{"start":{"line":188,"column":24},"end":{"line":191,"column":3}},"locations":[{"start":{"line":188,"column":24},"end":{"line":191,"column":3}}]},"36":{"type":"branch","line":193,"loc":{"start":{"line":193,"column":18},"end":{"line":248,"column":3}},"locations":[{"start":{"line":193,"column":18},"end":{"line":248,"column":3}}]},"37":{"type":"branch","line":194,"loc":{"start":{"line":194,"column":26},"end":{"line":198,"column":5}},"locations":[{"start":{"line":194,"column":26},"end":{"line":198,"column":5}}]},"38":{"type":"branch","line":202,"loc":{"start":{"line":202,"column":25},"end":{"line":202,"column":65}},"locations":[{"start":{"line":202,"column":25},"end":{"line":202,"column":65}}]},"39":{"type":"branch","line":206,"loc":{"start":{"line":206,"column":18},"end":{"line":210,"column":5}},"locations":[{"start":{"line":206,"column":18},"end":{"line":210,"column":5}}]},"40":{"type":"branch","line":211,"loc":{"start":{"line":211,"column":21},"end":{"line":216,"column":5}},"locations":[{"start":{"line":211,"column":21},"end":{"line":216,"column":5}}]},"41":{"type":"branch","line":215,"loc":{"start":{"line":215,"column":33},"end":{"line":215,"column":44}},"locations":[{"start":{"line":215,"column":33},"end":{"line":215,"column":44}}]},"42":{"type":"branch","line":217,"loc":{"start":{"line":217,"column":39},"end":{"line":233,"column":5}},"locations":[{"start":{"line":217,"column":39},"end":{"line":233,"column":5}}]},"43":{"type":"branch","line":219,"loc":{"start":{"line":219,"column":40},"end":{"line":223,"column":7}},"locations":[{"start":{"line":219,"column":40},"end":{"line":223,"column":7}}]},"44":{"type":"branch","line":219,"loc":{"start":{"line":219,"column":40},"end":{"line":219,"column":46}},"locations":[{"start":{"line":219,"column":40},"end":{"line":219,"column":46}}]},"45":{"type":"branch","line":220,"loc":{"start":{"line":220,"column":26},"end":{"line":223,"column":7}},"locations":[{"start":{"line":220,"column":26},"end":{"line":223,"column":7}}]},"46":{"type":"branch","line":223,"loc":{"start":{"line":223,"column":6},"end":{"line":233,"column":4}},"locations":[{"start":{"line":223,"column":6},"end":{"line":233,"column":4}}]},"47":{"type":"branch","line":223,"loc":{"start":{"line":223,"column":6},"end":{"line":224,"column":30}},"locations":[{"start":{"line":223,"column":6},"end":{"line":224,"column":30}}]},"48":{"type":"branch","line":224,"loc":{"start":{"line":224,"column":30},"end":{"line":233,"column":4}},"locations":[{"start":{"line":224,"column":30},"end":{"line":233,"column":4}}]},"49":{"type":"branch","line":234,"loc":{"start":{"line":234,"column":39},"end":{"line":239,"column":5}},"locations":[{"start":{"line":234,"column":39},"end":{"line":239,"column":5}}]},"50":{"type":"branch","line":236,"loc":{"start":{"line":236,"column":42},"end":{"line":236,"column":48}},"locations":[{"start":{"line":236,"column":42},"end":{"line":236,"column":48}}]},"51":{"type":"branch","line":240,"loc":{"start":{"line":240,"column":19},"end":{"line":247,"column":5}},"locations":[{"start":{"line":240,"column":19},"end":{"line":247,"column":5}}]},"52":{"type":"branch","line":241,"loc":{"start":{"line":241,"column":19},"end":{"line":241,"column":25}},"locations":[{"start":{"line":241,"column":19},"end":{"line":241,"column":25}}]},"53":{"type":"branch","line":244,"loc":{"start":{"line":244,"column":10},"end":{"line":244,"column":29}},"locations":[{"start":{"line":244,"column":10},"end":{"line":244,"column":29}}]},"54":{"type":"branch","line":251,"loc":{"start":{"line":251,"column":17},"end":{"line":256,"column":3}},"locations":[{"start":{"line":251,"column":17},"end":{"line":256,"column":3}}]},"55":{"type":"branch","line":254,"loc":{"start":{"line":254,"column":17},"end":{"line":254,"column":23}},"locations":[{"start":{"line":254,"column":17},"end":{"line":254,"column":23}}]},"56":{"type":"branch","line":265,"loc":{"start":{"line":265,"column":16},"end":{"line":275,"column":3}},"locations":[{"start":{"line":265,"column":16},"end":{"line":275,"column":3}}]},"57":{"type":"branch","line":266,"loc":{"start":{"line":266,"column":30},"end":{"line":266,"column":41}},"locations":[{"start":{"line":266,"column":30},"end":{"line":266,"column":41}}]},"58":{"type":"branch","line":283,"loc":{"start":{"line":283,"column":4},"end":{"line":286,"column":5}},"locations":[{"start":{"line":283,"column":4},"end":{"line":286,"column":5}}]},"59":{"type":"branch","line":285,"loc":{"start":{"line":285,"column":13},"end":{"line":285,"column":45}},"locations":[{"start":{"line":285,"column":13},"end":{"line":285,"column":45}}]},"60":{"type":"branch","line":288,"loc":{"start":{"line":288,"column":18},"end":{"line":288,"column":41}},"locations":[{"start":{"line":288,"column":18},"end":{"line":288,"column":41}}]},"61":{"type":"branch","line":289,"loc":{"start":{"line":289,"column":15},"end":{"line":289,"column":27}},"locations":[{"start":{"line":289,"column":15},"end":{"line":289,"column":27}}]},"62":{"type":"branch","line":291,"loc":{"start":{"line":291,"column":4},"end":{"line":295,"column":5}},"locations":[{"start":{"line":291,"column":4},"end":{"line":295,"column":5}}]},"63":{"type":"branch","line":292,"loc":{"start":{"line":292,"column":20},"end":{"line":292,"column":26}},"locations":[{"start":{"line":292,"column":20},"end":{"line":292,"column":26}}]},"64":{"type":"branch","line":297,"loc":{"start":{"line":297,"column":4},"end":{"line":305,"column":5}},"locations":[{"start":{"line":297,"column":4},"end":{"line":305,"column":5}}]},"65":{"type":"branch","line":301,"loc":{"start":{"line":301,"column":22},"end":{"line":301,"column":46}},"locations":[{"start":{"line":301,"column":22},"end":{"line":301,"column":46}}]},"66":{"type":"branch","line":303,"loc":{"start":{"line":303,"column":23},"end":{"line":303,"column":48}},"locations":[{"start":{"line":303,"column":23},"end":{"line":303,"column":48}}]},"67":{"type":"branch","line":316,"loc":{"start":{"line":316,"column":15},"end":{"line":316,"column":34}},"locations":[{"start":{"line":316,"column":15},"end":{"line":316,"column":34}}]},"68":{"type":"branch","line":318,"loc":{"start":{"line":318,"column":15},"end":{"line":318,"column":54}},"locations":[{"start":{"line":318,"column":15},"end":{"line":318,"column":54}}]},"69":{"type":"branch","line":325,"loc":{"start":{"line":325,"column":12},"end":{"line":325,"column":79}},"locations":[{"start":{"line":325,"column":12},"end":{"line":325,"column":79}}]},"70":{"type":"branch","line":335,"loc":{"start":{"line":335,"column":13},"end":{"line":335,"column":81}},"locations":[{"start":{"line":335,"column":13},"end":{"line":335,"column":81}}]}},"b":{"0":[73],"1":[55],"2":[32],"3":[31],"4":[17],"5":[15],"6":[65],"7":[15],"8":[88],"9":[127],"10":[254],"11":[73],"12":[16],"13":[57],"14":[1],"15":[0],"16":[35],"17":[13],"18":[12],"19":[22],"20":[10],"21":[22],"22":[27],"23":[1],"24":[0],"25":[28],"26":[16],"27":[12],"28":[12],"29":[11],"30":[1],"31":[11],"32":[0],"33":[11],"34":[12],"35":[20],"36":[16],"37":[0],"38":[0],"39":[16],"40":[69],"41":[0],"42":[16],"43":[15],"44":[1],"45":[13],"46":[14],"47":[2],"48":[1],"49":[16],"50":[0],"51":[4],"52":[0],"53":[0],"54":[1],"55":[0],"56":[12],"57":[0],"58":[30],"59":[26],"60":[293],"61":[307],"62":[15],"63":[0],"64":[13],"65":[1],"66":[1],"67":[1],"68":[2],"69":[8],"70":[4]},"fnMap":{"0":{"name":"sameStatus","decl":{"start":{"line":24,"column":19},"end":{"line":29,"column":28}},"loc":{"start":{"line":24,"column":19},"end":{"line":29,"column":28}},"line":24},"1":{"name":"createTodoClient","decl":{"start":{"line":41,"column":32},"end":{"line":337,"column":1}},"loc":{"start":{"line":41,"column":32},"end":{"line":337,"column":1}},"line":41},"2":{"name":"fetchImpl","decl":{"start":{"line":44,"column":14},"end":{"line":44,"column":52}},"loc":{"start":{"line":44,"column":14},"end":{"line":44,"column":52}},"line":44},"3":{"name":"monotonicNow","decl":{"start":{"line":45,"column":17},"end":{"line":45,"column":40}},"loc":{"start":{"line":45,"column":17},"end":{"line":45,"column":40}},"line":45},"4":{"name":"serverNow","decl":{"start":{"line":86,"column":20},"end":{"line":87,"column":68}},"loc":{"start":{"line":86,"column":20},"end":{"line":87,"column":68}},"line":86},"5":{"name":"readStatus","decl":{"start":{"line":91,"column":21},"end":{"line":97,"column":4}},"loc":{"start":{"line":91,"column":21},"end":{"line":97,"column":4}},"line":91},"6":{"name":"notify","decl":{"start":{"line":101,"column":17},"end":{"line":103,"column":3}},"loc":{"start":{"line":101,"column":17},"end":{"line":103,"column":3}},"line":101},"7":{"name":"publish","decl":{"start":{"line":105,"column":18},"end":{"line":110,"column":3}},"loc":{"start":{"line":105,"column":18},"end":{"line":110,"column":3}},"line":105},"8":{"name":"onSavingDelay","decl":{"start":{"line":112,"column":24},"end":{"line":117,"column":3}},"loc":{"start":{"line":112,"column":24},"end":{"line":117,"column":3}},"line":112},"9":{"name":"syncSavingIndicator","decl":{"start":{"line":119,"column":30},"end":{"line":129,"column":3}},"loc":{"start":{"line":119,"column":30},"end":{"line":129,"column":3}},"line":119},"10":{"name":"adoptServerTime","decl":{"start":{"line":132,"column":26},"end":{"line":135,"column":3}},"loc":{"start":{"line":132,"column":26},"end":{"line":135,"column":3}},"line":132},"11":{"name":"scheduleRetry","decl":{"start":{"line":137,"column":24},"end":{"line":143,"column":3}},"loc":{"start":{"line":137,"column":24},"end":{"line":143,"column":3}},"line":137},"12":{"name":"drain","decl":{"start":{"line":145,"column":16},"end":{"line":185,"column":3}},"loc":{"start":{"line":145,"column":16},"end":{"line":185,"column":3}},"line":145},"13":{"name":"setConnection","decl":{"start":{"line":188,"column":24},"end":{"line":191,"column":3}},"loc":{"start":{"line":188,"column":24},"end":{"line":191,"column":3}},"line":188},"14":{"name":"connect","decl":{"start":{"line":193,"column":18},"end":{"line":248,"column":3}},"loc":{"start":{"line":193,"column":18},"end":{"line":248,"column":3}},"line":193},"15":{"name":"next.onopen","decl":{"start":{"line":206,"column":18},"end":{"line":210,"column":5}},"loc":{"start":{"line":206,"column":18},"end":{"line":210,"column":5}},"line":206},"16":{"name":"next.onmessage","decl":{"start":{"line":211,"column":21},"end":{"line":216,"column":5}},"loc":{"start":{"line":211,"column":21},"end":{"line":216,"column":5}},"line":211},"17":{"name":"next.onerror","decl":{"start":{"line":240,"column":19},"end":{"line":247,"column":5}},"loc":{"start":{"line":240,"column":19},"end":{"line":247,"column":5}},"line":240},"18":{"name":"resync","decl":{"start":{"line":251,"column":17},"end":{"line":256,"column":3}},"loc":{"start":{"line":251,"column":17},"end":{"line":256,"column":3}},"line":251},"19":{"name":"write","decl":{"start":{"line":265,"column":16},"end":{"line":275,"column":3}},"loc":{"start":{"line":265,"column":16},"end":{"line":275,"column":3}},"line":265},"20":{"name":"subscribe","decl":{"start":{"line":283,"column":4},"end":{"line":286,"column":5}},"loc":{"start":{"line":283,"column":4},"end":{"line":286,"column":5}},"line":283},"21":{"name":"getReadModel","decl":{"start":{"line":288,"column":18},"end":{"line":288,"column":41}},"loc":{"start":{"line":288,"column":18},"end":{"line":288,"column":41}},"line":288},"22":{"name":"getStatus","decl":{"start":{"line":289,"column":15},"end":{"line":289,"column":27}},"loc":{"start":{"line":289,"column":15},"end":{"line":289,"column":27}},"line":289},"23":{"name":"start","decl":{"start":{"line":291,"column":4},"end":{"line":295,"column":5}},"loc":{"start":{"line":291,"column":4},"end":{"line":295,"column":5}},"line":291},"24":{"name":"stop","decl":{"start":{"line":297,"column":4},"end":{"line":305,"column":5}},"loc":{"start":{"line":297,"column":4},"end":{"line":305,"column":5}},"line":297},"25":{"name":"reconnect","decl":{"start":{"line":307,"column":4},"end":{"line":314,"column":5}},"loc":{"start":{"line":307,"column":4},"end":{"line":314,"column":5}},"line":307},"26":{"name":"newListId","decl":{"start":{"line":316,"column":15},"end":{"line":316,"column":34}},"loc":{"start":{"line":316,"column":15},"end":{"line":316,"column":34}},"line":316},"27":{"name":"newTodoId","decl":{"start":{"line":318,"column":15},"end":{"line":318,"column":54}},"loc":{"start":{"line":318,"column":15},"end":{"line":318,"column":54}},"line":318},"28":{"name":"assert","decl":{"start":{"line":325,"column":12},"end":{"line":325,"column":79}},"loc":{"start":{"line":325,"column":12},"end":{"line":325,"column":79}},"line":325},"29":{"name":"retract","decl":{"start":{"line":335,"column":13},"end":{"line":335,"column":81}},"loc":{"start":{"line":335,"column":13},"end":{"line":335,"column":81}},"line":335}},"f":{"0":73,"1":15,"2":0,"3":65,"4":15,"5":88,"6":127,"7":73,"8":1,"9":35,"10":27,"11":1,"12":28,"13":20,"14":16,"15":16,"16":69,"17":4,"18":1,"19":12,"20":30,"21":293,"22":307,"23":15,"24":13,"25":0,"26":1,"27":2,"28":8,"29":4}}
,"/Users/grop/ws/web-interview/frontend/src/todos/todoListsUiState.js": {"path":"/Users/grop/ws/web-interview/frontend/src/todos/todoListsUiState.js","all":false,"statementMap":{"0":{"start":{"line":1,"column":0},"end":{"line":1,"column":229}},"1":{"start":{"line":2,"column":0},"end":{"line":2,"column":357}},"2":{"start":{"line":3,"column":0},"end":{"line":3,"column":0}},"3":{"start":{"line":4,"column":0},"end":{"line":4,"column":98}},"4":{"start":{"line":5,"column":0},"end":{"line":5,"column":53}},"5":{"start":{"line":6,"column":0},"end":{"line":6,"column":23}},"6":{"start":{"line":7,"column":0},"end":{"line":7,"column":20}},"7":{"start":{"line":8,"column":0},"end":{"line":8,"column":49}},"8":{"start":{"line":9,"column":0},"end":{"line":9,"column":14}},"9":{"start":{"line":10,"column":0},"end":{"line":10,"column":25}},"10":{"start":{"line":11,"column":0},"end":{"line":11,"column":43}},"11":{"start":{"line":12,"column":0},"end":{"line":12,"column":45}},"12":{"start":{"line":13,"column":0},"end":{"line":13,"column":7}},"13":{"start":{"line":14,"column":0},"end":{"line":14,"column":23}},"14":{"start":{"line":15,"column":0},"end":{"line":15,"column":61}},"15":{"start":{"line":16,"column":0},"end":{"line":16,"column":23}},"16":{"start":{"line":17,"column":0},"end":{"line":17,"column":61}},"17":{"start":{"line":18,"column":0},"end":{"line":18,"column":24}},"18":{"start":{"line":19,"column":0},"end":{"line":19,"column":53}},"19":{"start":{"line":20,"column":0},"end":{"line":20,"column":26}},"20":{"start":{"line":21,"column":0},"end":{"line":21,"column":14}},"21":{"start":{"line":22,"column":0},"end":{"line":22,"column":33}},"22":{"start":{"line":23,"column":0},"end":{"line":23,"column":41}},"23":{"start":{"line":24,"column":0},"end":{"line":24,"column":41}},"24":{"start":{"line":25,"column":0},"end":{"line":25,"column":7}},"25":{"start":{"line":26,"column":0},"end":{"line":26,"column":25}},"26":{"start":{"line":27,"column":0},"end":{"line":27,"column":67}},"27":{"start":{"line":28,"column":0},"end":{"line":28,"column":26}},"28":{"start":{"line":29,"column":0},"end":{"line":29,"column":65}},"29":{"start":{"line":30,"column":0},"end":{"line":30,"column":22}},"30":{"start":{"line":31,"column":0},"end":{"line":31,"column":61}},"31":{"start":{"line":32,"column":0},"end":{"line":32,"column":12}},"32":{"start":{"line":33,"column":0},"end":{"line":33,"column":18}},"33":{"start":{"line":34,"column":0},"end":{"line":34,"column":3}},"34":{"start":{"line":35,"column":0},"end":{"line":35,"column":1}},"35":{"start":{"line":36,"column":0},"end":{"line":36,"column":22}}},"s":{"0":3,"1":3,"2":2,"3":3,"4":3,"5":36,"6":36,"7":3,"8":2,"9":2,"10":2,"11":2,"12":2,"13":36,"14":8,"15":36,"16":2,"17":36,"18":1,"19":36,"20":3,"21":3,"22":3,"23":3,"24":3,"25":36,"26":2,"27":36,"28":3,"29":36,"30":14,"31":36,"32":0,"33":36,"34":36,"35":2},"branchMap":{"0":{"type":"branch","line":1,"loc":{"start":{"line":1,"column":0},"end":{"line":36,"column":22}},"locations":[{"start":{"line":1,"column":0},"end":{"line":36,"column":22}}]},"1":{"type":"branch","line":5,"loc":{"start":{"line":5,"column":34},"end":{"line":35,"column":1}},"locations":[{"start":{"line":5,"column":34},"end":{"line":35,"column":1}}]},"2":{"type":"branch","line":7,"loc":{"start":{"line":7,"column":4},"end":{"line":13,"column":7}},"locations":[{"start":{"line":7,"column":4},"end":{"line":13,"column":7}}]},"3":{"type":"branch","line":8,"loc":{"start":{"line":8,"column":37},"end":{"line":8,"column":49}},"locations":[{"start":{"line":8,"column":37},"end":{"line":8,"column":49}}]},"4":{"type":"branch","line":14,"loc":{"start":{"line":14,"column":4},"end":{"line":15,"column":61}},"locations":[{"start":{"line":14,"column":4},"end":{"line":15,"column":61}}]},"5":{"type":"branch","line":16,"loc":{"start":{"line":16,"column":4},"end":{"line":17,"column":61}},"locations":[{"start":{"line":16,"column":4},"end":{"line":17,"column":61}}]},"6":{"type":"branch","line":18,"loc":{"start":{"line":18,"column":4},"end":{"line":19,"column":53}},"locations":[{"start":{"line":18,"column":4},"end":{"line":19,"column":53}}]},"7":{"type":"branch","line":20,"loc":{"start":{"line":20,"column":4},"end":{"line":25,"column":7}},"locations":[{"start":{"line":20,"column":4},"end":{"line":25,"column":7}}]},"8":{"type":"branch","line":26,"loc":{"start":{"line":26,"column":4},"end":{"line":27,"column":67}},"locations":[{"start":{"line":26,"column":4},"end":{"line":27,"column":67}}]},"9":{"type":"branch","line":28,"loc":{"start":{"line":28,"column":4},"end":{"line":29,"column":65}},"locations":[{"start":{"line":28,"column":4},"end":{"line":29,"column":65}}]},"10":{"type":"branch","line":30,"loc":{"start":{"line":30,"column":4},"end":{"line":31,"column":61}},"locations":[{"start":{"line":30,"column":4},"end":{"line":31,"column":61}}]},"11":{"type":"branch","line":32,"loc":{"start":{"line":32,"column":4},"end":{"line":33,"column":18}},"locations":[{"start":{"line":32,"column":4},"end":{"line":33,"column":18}}]},"12":{"type":"branch","line":8,"loc":{"start":{"line":8,"column":37},"end":{"line":13,"column":7}},"locations":[{"start":{"line":8,"column":37},"end":{"line":13,"column":7}}]}},"b":{"0":[2],"1":[36],"2":[3],"3":[1],"4":[8],"5":[2],"6":[1],"7":[3],"8":[2],"9":[3],"10":[14],"11":[0],"12":[2]},"fnMap":{"0":{"name":"todoListsUiReducer","decl":{"start":{"line":5,"column":34},"end":{"line":35,"column":1}},"loc":{"start":{"line":5,"column":34},"end":{"line":35,"column":1}},"line":5}},"f":{"0":36}}
,"/Users/grop/ws/web-interview/frontend/src/todos/todoModel.js": {"path":"/Users/grop/ws/web-interview/frontend/src/todos/todoModel.js","all":false,"statementMap":{"0":{"start":{"line":1,"column":0},"end":{"line":1,"column":64}},"1":{"start":{"line":2,"column":0},"end":{"line":2,"column":81}},"2":{"start":{"line":3,"column":0},"end":{"line":3,"column":58}},"3":{"start":{"line":4,"column":0},"end":{"line":4,"column":3}},"4":{"start":{"line":5,"column":0},"end":{"line":5,"column":30}},"5":{"start":{"line":6,"column":0},"end":{"line":6,"column":67}},"6":{"start":{"line":7,"column":0},"end":{"line":7,"column":27}},"7":{"start":{"line":8,"column":0},"end":{"line":8,"column":33}},"8":{"start":{"line":9,"column":0},"end":{"line":9,"column":34}},"9":{"start":{"line":10,"column":0},"end":{"line":10,"column":42}},"10":{"start":{"line":11,"column":0},"end":{"line":11,"column":3}},"11":{"start":{"line":12,"column":0},"end":{"line":12,"column":0}},"12":{"start":{"line":13,"column":0},"end":{"line":13,"column":30}},"13":{"start":{"line":14,"column":0},"end":{"line":14,"column":46}},"14":{"start":{"line":15,"column":0},"end":{"line":15,"column":59}},"15":{"start":{"line":16,"column":0},"end":{"line":16,"column":0}},"16":{"start":{"line":17,"column":0},"end":{"line":17,"column":3}},"17":{"start":{"line":18,"column":0},"end":{"line":18,"column":80}},"18":{"start":{"line":19,"column":0},"end":{"line":19,"column":57}},"19":{"start":{"line":20,"column":0},"end":{"line":20,"column":2}},"20":{"start":{"line":21,"column":0},"end":{"line":21,"column":35}},"21":{"start":{"line":22,"column":0},"end":{"line":22,"column":3}},"22":{"start":{"line":23,"column":0},"end":{"line":23,"column":80}},"23":{"start":{"line":24,"column":0},"end":{"line":24,"column":0}},"24":{"start":{"line":25,"column":0},"end":{"line":25,"column":38}},"25":{"start":{"line":26,"column":0},"end":{"line":26,"column":44}},"26":{"start":{"line":27,"column":0},"end":{"line":27,"column":38}},"27":{"start":{"line":28,"column":0},"end":{"line":28,"column":29}},"28":{"start":{"line":29,"column":0},"end":{"line":29,"column":29}},"29":{"start":{"line":30,"column":0},"end":{"line":30,"column":0}},"30":{"start":{"line":31,"column":0},"end":{"line":31,"column":65}},"31":{"start":{"line":32,"column":0},"end":{"line":32,"column":20}},"32":{"start":{"line":33,"column":0},"end":{"line":33,"column":2}},"33":{"start":{"line":34,"column":0},"end":{"line":34,"column":0}},"34":{"start":{"line":35,"column":0},"end":{"line":35,"column":25}},"35":{"start":{"line":36,"column":0},"end":{"line":36,"column":33}},"36":{"start":{"line":37,"column":0},"end":{"line":37,"column":63}},"37":{"start":{"line":38,"column":0},"end":{"line":38,"column":0}},"38":{"start":{"line":39,"column":0},"end":{"line":39,"column":28}},"39":{"start":{"line":40,"column":0},"end":{"line":40,"column":34}},"40":{"start":{"line":41,"column":0},"end":{"line":41,"column":57}},"41":{"start":{"line":42,"column":0},"end":{"line":42,"column":39}},"42":{"start":{"line":43,"column":0},"end":{"line":43,"column":1}},"43":{"start":{"line":44,"column":0},"end":{"line":44,"column":0}},"44":{"start":{"line":45,"column":0},"end":{"line":45,"column":3}},"45":{"start":{"line":46,"column":0},"end":{"line":46,"column":23}},"46":{"start":{"line":47,"column":0},"end":{"line":47,"column":52}},"47":{"start":{"line":48,"column":0},"end":{"line":48,"column":3}},"48":{"start":{"line":49,"column":0},"end":{"line":49,"column":39}},"49":{"start":{"line":50,"column":0},"end":{"line":50,"column":37}},"50":{"start":{"line":51,"column":0},"end":{"line":51,"column":0}},"51":{"start":{"line":52,"column":0},"end":{"line":52,"column":42}},"52":{"start":{"line":53,"column":0},"end":{"line":53,"column":47}},"53":{"start":{"line":54,"column":0},"end":{"line":54,"column":3}},"54":{"start":{"line":55,"column":0},"end":{"line":55,"column":41}},"55":{"start":{"line":56,"column":0},"end":{"line":56,"column":12}},"56":{"start":{"line":57,"column":0},"end":{"line":57,"column":63}},"57":{"start":{"line":58,"column":0},"end":{"line":58,"column":20}},"58":{"start":{"line":59,"column":0},"end":{"line":59,"column":5}},"59":{"start":{"line":60,"column":0},"end":{"line":60,"column":3}},"60":{"start":{"line":61,"column":0},"end":{"line":61,"column":10}},"61":{"start":{"line":62,"column":0},"end":{"line":62,"column":60}},"62":{"start":{"line":63,"column":0},"end":{"line":63,"column":17}},"63":{"start":{"line":64,"column":0},"end":{"line":64,"column":3}},"64":{"start":{"line":65,"column":0},"end":{"line":65,"column":1}},"65":{"start":{"line":66,"column":0},"end":{"line":66,"column":0}},"66":{"start":{"line":67,"column":0},"end":{"line":67,"column":3}},"67":{"start":{"line":68,"column":0
[...]
tions":[{"start":{"line":77,"column":45},"end":{"line":77,"column":50}}]},"13":{"type":"branch","line":87,"loc":{"start":{"line":87,"column":28},"end":{"line":117,"column":1}},"locations":[{"start":{"line":87,"column":28},"end":{"line":117,"column":1}}]},"14":{"type":"branch","line":88,"loc":{"start":{"line":88,"column":17},"end":{"line":96,"column":3}},"locations":[{"start":{"line":88,"column":17},"end":{"line":96,"column":3}}]},"15":{"type":"branch","line":97,"loc":{"start":{"line":97,"column":16},"end":{"line":97,"column":27}},"locations":[{"start":{"line":97,"column":16},"end":{"line":97,"column":27}}]},"16":{"type":"branch","line":98,"loc":{"start":{"line":98,"column":-1},"end":{"line":111,"column":32}},"locations":[{"start":{"line":98,"column":-1},"end":{"line":111,"column":32}}]},"17":{"type":"branch","line":98,"loc":{"start":{"line":98,"column":-1},"end":{"line":100,"column":35}},"locations":[{"start":{"line":98,"column":-1},"end":{"line":100,"column":35}}]},"18":{"type":"branch","line":100,"loc":{"start":{"line":100,"column":35},"end":{"line":100,"column":46}},"locations":[{"start":{"line":100,"column":35},"end":{"line":100,"column":46}}]},"19":{"type":"branch","line":101,"loc":{"start":{"line":101,"column":-1},"end":{"line":105,"column":18}},"locations":[{"start":{"line":101,"column":-1},"end":{"line":105,"column":18}}]},"20":{"type":"branch","line":105,"loc":{"start":{"line":105,"column":18},"end":{"line":107,"column":3}},"locations":[{"start":{"line":105,"column":18},"end":{"line":107,"column":3}}]},"21":{"type":"branch","line":108,"loc":{"start":{"line":108,"column":-1},"end":{"line":111,"column":32}},"locations":[{"start":{"line":108,"column":-1},"end":{"line":111,"column":32}}]},"22":{"type":"branch","line":108,"loc":{"start":{"line":108,"column":-1},"end":{"line":111,"column":19}},"locations":[{"start":{"line":108,"column":-1},"end":{"line":111,"column":19}}]},"23":{"type":"branch","line":111,"loc":{"start":{"line":111,"column":19},"end":{"line":111,"column":32}},"locations":[{"start":{"line":111,"column":19},"end":{"line":111,"column":32}}]},"24":{"type":"branch","line":111,"loc":{"start":{"line":111,"column":33},"end":{"line":111,"column":44}},"locations":[{"start":{"line":111,"column":33},"end":{"line":111,"column":44}}]},"25":{"type":"branch","line":14,"loc":{"start":{"line":14,"column":31},"end":{"line":15,"column":59}},"locations":[{"start":{"line":14,"column":31},"end":{"line":15,"column":59}}]},"26":{"type":"branch","line":15,"loc":{"start":{"line":15,"column":19},"end":{"line":15,"column":59}},"locations":[{"start":{"line":15,"column":19},"end":{"line":15,"column":59}}]},"27":{"type":"branch","line":15,"loc":{"start":{"line":15,"column":34},"end":{"line":15,"column":58}},"locations":[{"start":{"line":15,"column":34},"end":{"line":15,"column":58}}]},"28":{"type":"branch","line":54,"loc":{"start":{"line":54,"column":2},"end":{"line":55,"column":40}},"locations":[{"start":{"line":54,"column":2},"end":{"line":55,"column":40}}]},"29":{"type":"branch","line":55,"loc":{"start":{"line":55,"column":40},"end":{"line":65,"column":1}},"locations":[{"start":{"line":55,"column":40},"end":{"line":65,"column":1}}]},"30":{"type":"branch","line":75,"loc":{"start":{"line":75,"column":2},"end":{"line":77,"column":40}},"locations":[{"start":{"line":75,"column":2},"end":{"line":77,"column":40}}]},"31":{"type":"branch","line":77,"loc":{"start":{"line":77,"column":40},"end":{"line":77,"column":44}},"locations":[{"start":{"line":77,"column":40},"end":{"line":77,"column":44}}]},"32":{"type":"branch","line":96,"loc":{"start":{"line":96,"column":2},"end":{"line":97,"column":16}},"locations":[{"start":{"line":96,"column":2},"end":{"line":97,"column":16}}]},"33":{"type":"branch","line":97,"loc":{"start":{"line":97,"column":23},"end":{"line":100,"column":35}},"locations":[{"start":{"line":97,"column":23},"end":{"line":100,"column":35}}]},"34":{"type":"branch","line":100,"loc":{"start":{"line":100,"column":42},"end":{"line":105,"column":18}},"locations":[{"start":{"line":100,"column":42},"end":{"line":105,"column":18}}]},"35":{"type":"branch","line":107,"loc":{"start":{"line":107,"column":2},"end":{"line":111,"column":19}},"locations":[{"start":{"line":107,"column":2},"end":{"line":111,"column":19}}]}},"b":{"0":[6],"1":[7],"2":[0],"3":[34],"4":[34],"5":[32],"6":[10],"7":[27],"8":[3],"9":[32],"10":[27],"11":[12],"12":[2],"13":[341],"14":[2],"15":[305],"16":[323],"17":[34],"18":[0],"19":[34],"20":[2],"21":[39],"22":[32],"23":[27],"24":[5],"25":[9],"26":[8],"27":[10],"28":[27],"29":[24],"30":[25],"31":[3],"32":[339],"33":[338],"34":[320],"35":[319]},"fnMap":{"0":{"name":"isListCompleted","decl":{"start":{"line":14,"column":31},"end":{"line":15,"column":59}},"loc":{"start":{"line":14,"column":31},"end":{"line":15,"column":59}},"line":14},"1":{"name":"isDematerializableTodo","decl":{"start":{"line":23,"column":38},"end":{"line":23,"column":80}},"loc":{"start":{"line":23,"column":38},"end":{"line":23,"column":80}},"line":23},"2":{"name":"startOfLocalDay","decl":{"start":{"line":36,"column":24},"end":{"line":37,"column":63}},"loc":{"start":{"line":36,"column":24},"end":{"line":37,"column":63}},"line":36},"3":{"name":"parseDateOnly","decl":{"start":{"line":40,"column":22},"end":{"line":43,"column":1}},"loc":{"start":{"line":40,"column":22},"end":{"line":43,"column":1}},"line":40},"4":{"name":"relativeDueDuration","decl":{"start":{"line":49,"column":28},"end":{"line":65,"column":1}},"loc":{"start":{"line":49,"column":28},"end":{"line":65,"column":1}},"line":49},"5":{"name":"dueLabel","decl":{"start":{"line":72,"column":17},"end":{"line":78,"column":1}},"loc":{"start":{"line":72,"column":17},"end":{"line":78,"column":1}},"line":72},"6":{"name":"getDueStatus","decl":{"start":{"line":87,"column":28},"end":{"line":117,"column":1}},"loc":{"start":{"line":87,"column":28},"end":{"line":117,"column":1}},"line":87}},"f":{"0":3,"1":7,"2":34,"3":34,"4":32,"5":32,"6":341}}
,"/Users/grop/ws/web-interview/frontend/src/todos/todoUiProtocol.js": {"path":"/Users/grop/ws/web-interview/frontend/src/todos/todoUiProtocol.js","all":false,"statementMap":{"0":{"start":{"line":1,"column":0},"end":{"line":1,"column":64}},"1":{"start":{"line":2,"column":0},"end":{"line":2,"column":81}},"2":{"start":{"line":3,"column":0},"end":{"line":3,"column":206}},"3":{"start":{"line":4,"column":0},"end":{"line":4,"column":0}},"4":{"start":{"line":5,"column":0},"end":{"line":5,"column":44}},"5":{"start":{"line":6,"column":0},"end":{"line":6,"column":37}},"6":{"start":{"line":7,"column":0},"end":{"line":7,"column":37}},"7":{"start":{"line":8,"column":0},"end":{"line":8,"column":37}},"8":{"start":{"line":9,"column":0},"end":{"line":9,"column":27}},"9":{"start":{"line":10,"column":0},"end":{"line":10,"column":29}},"10":{"start":{"line":11,"column":0},"end":{"line":11,"column":2}},"11":{"start":{"line":12,"column":0},"end":{"line":12,"column":22}}},"s":{"0":3,"1":3,"2":3,"3":3,"4":3,"5":3,"6":3,"7":3,"8":3,"9":3,"10":3,"11":3},"branchMap":{"0":{"type":"branch","line":1,"loc":{"start":{"line":1,"column":0},"end":{"line":12,"column":22}},"locations":[{"start":{"line":1,"column":0},"end":{"line":12,"column":22}}]}},"b":{"0":[3]},"fnMap":{},"f":{}}
,"/Users/grop/ws/web-interview/frontend/src/todos/useSettledText.js": {"path":"/Users/grop/ws/web-interview/frontend/src/todos/useSettledText.js","all":false,"statementMap":{"0":{"start":{"line":1,"column":0},"end":{"line":1,"column":339}},"1":{"start":{"line":2,"column":0},"end":{"line":2,"column":92}},"2":{"start":{"line":3,"column":0},"end":{"line":3,"column":0}},"3":{"start":{"line":4,"column":0},"end":{"line":4,"column":3}},"4":{"start":{"line":5,"column":0},"end":{"line":5,"column":78}},"5":{"start":{"line":6,"column":0},"end":{"line":6,"column":81}},"6":{"start":{"line":7,"column":0},"end":{"line":7,"column":80}},"7":{"start":{"line":8,"column":0},"end":{"line":8,"column":67}},"8":{"start":{"line":9,"column":0},"end":{"line":9,"column":2}},"9":{"start":{"line":10,"column":0},"end":{"line":10,"column":80}},"10":{"start":{"line":11,"column":0},"end":{"line":11,"column":24}},"11":{"start":{"line":12,"column":0},"end":{"line":12,"column":2}},"12":{"start":{"line":13,"column":0},"end":{"line":13,"column":63}},"13":{"start":{"line":14,"column":0},"end":{"line":14,"column":43}},"14":{"start":{"line":15,"column":0},"end":{"line":15,"column":3}},"15":{"start":{"line":16,"column":0},"end":{"line":16,"column":52}},"16":{"start":{"line":17,"column":0},"end":{"line":17,"column":41}},"17":{"start":{"line":18,"column":0},"end":{"line":18,"column":82}},"18":{"start":{"line":19,"column":0},"end":{"line":19,"column":29}},"19":{"start":{"line":20,"column":0},"end":{"line":20,"column":31}},"20":{"start":{"line":21,"column":0},"end":{"line":21,"column":44}},"21":{"start":{"line":22,"column":0},"end":{"line":22,"column":38}},"22":{"start":{"line":23,"column":0},"end":{"line":23,"column":0}},"23":{"start":{"line":24,"column":0},"end":{"line":24,"column":19}},"24":{"start":{"line":25,"column":0},"end":{"line":25,"column":78}},"25":{"start":{"line":26,"column":0},"end":{"line":26,"column":29}},"26":{"start":{"line":27,"column":0},"end":{"line":27,"column":25}},"27":{"start":{"line":28,"column":0},"end":{"line":28,"column":27}},"28":{"start":{"line":29,"column":0},"end":{"line":29,"column":18}},"29":{"start":{"line":30,"column":0},"end":{"line":30,"column":13}},"30":{"start":{"line":31,"column":0},"end":{"line":31,"column":0}},"31":{"start":{"line":32,"column":0},"end":{"line":32,"column":24}},"32":{"start":{"line":33,"column":0},"end":{"line":33,"column":50}},"33":{"start":{"line":34,"column":0},"end":{"line":34,"column":24}},"34":{"start":{"line":35,"column":0},"end":{"line":35,"column":49}},"35":{"start":{"line":36,"column":0},"end":{"line":36,"column":35}},"36":{"start":{"line":37,"column":0},"end":{"line":37,"column":42}},"37":{"start":{"line":38,"column":0},"end":{"line":38,"column":3}},"38":{"start":{"line":39,"column":0},"end":{"line":39,"column":0}},"39":{"start":{"line":40,"column":0},"end":{"line":40,"column":34}},"40":{"start":{"line":41,"column":0},"end":{"line":41,"column":28}},"41":{"start":{"line":42,"column":0},"end":{"line":42,"column":0}},"42":{"start":{"line":43,"column":0},"end":{"line":43,"column":48}},"43":{"start":{"line":44,"column":0},"end":{"line":44,"column":0}},"44":{"start":{"line":45,"column":0},"end":{"line":45,"column":29}},"45":{"start":{"line":46,"column":0},"end":{"line":46,"column":28}},"46":{"start":{"line":47,"column":0},"end":{"line":47,"column":24}},"47":{"start":{"line":48,"column":0},"end":{"line":48,"column":17}},"48":{"start":{"line":49,"column":0},"end":{"line":49,"column":50}},"49":{"start":{"line":50,"column":0},"end":{"line":50,"column":73}},"50":{"start":{"line":51,"column":0},"end":{"line":51,"column":3}},"51":{"start":{"line":52,"column":0},"end":{"line":52,"column":0}},"52":{"start":{"line":53,"column":0},"end":{"line":53,"column":23}},"53":{"start":{"line":54,"column":0},"end":{"line":54,"column":50}},"54":{"start":{"line":55,"column":0},"end":{"line":55,"column":24}},"55":{"start":{"line":56,"column":0},"end":{"line":56,"column":40}},"56":{"start":{"line":57,"column":0},"end":{"line":57,"column":42}},"57":{"start":{"line":58,"column":0},"end":{"line":58,"column":33}},"58":{"start":{"line":59,"column":0},"end":{"line":59,"column":3}},"59":{"start":{"line":60,"column":0},"end":{"line":60,"column":0}},"60":{"start":{"line":61,"column":0},"end":{"line":61,"column":40}},"61":{"start":{"line":62,"column":0},"end":{"line":62,"column":1}},"62":{"start":{"line":63,"column":0},"end":{"line":63,"column":22}}},"s":{"0":6,"1":6,"2":6,"3":6,"4":6,"5":6,"6":6,"7":6,"8":6,"9":6,"10":6,"11":6,"12":6,"13":6,"14":6,"15":6,"16":317,"17":317,"18":317,"19":317,"20":317,"21":317,"22":317,"23":317,"24":50,"25":50,"26":50,"27":50,"28":50,"29":317,"30":317,"31":317,"32":47,"33":47,"34":47,"35":9,"36":9,"37":47,"38":317,"39":317,"40":317,"41":317,"42":317,"43":317,"44":317,"45":317,"46":93,"47":93,"48":93,"49":93,"50":93,"51":317,"52":317,"53":3,"54":3,"55":3,"56":3,"57":3,"58":3,"59":317,"60":317,"61":317,"62":6},"branchMap":{"0":{"type":"branch","line":1,"loc":{"start":{"line":1,"column":0},"end":{"line":63,"column":22}},"locations":[{"start":{"line":1,"column":0},"end":{"line":63,"column":22}}]},"1":{"type":"branch","line":16,"loc":{"start":{"line":16,"column":30},"end":{"line":62,"column":1}},"locations":[{"start":{"line":16,"column":30},"end":{"line":62,"column":1}}]},"2":{"type":"branch","line":24,"loc":{"start":{"line":24,"column":12},"end":{"line":30,"column":3}},"locations":[{"start":{"line":24,"column":12},"end":{"line":30,"column":3}}]},"3":{"type":"branch","line":26,"loc":{"start":{"line":26,"column":23},"end":{"line":26,"column":29}},"locations":[{"start":{"line":26,"column":23},"end":{"line":26,"column":29}}]},"4":{"type":"branch","line":32,"loc":{"start":{"line":32,"column":17},"end":{"line":38,"column":3}},"locations":[{"start":{"line":32,"column":17},"end":{"line":38,"column":3}}]},"5":{"type":"branch","line":33,"loc":{"start":{"line":33,"column":23},"end":{"line":33,"column":50}},"locations":[{"start":{"line":33,"column":23},"end":{"line":33,"column":50}}]},"6":{"type":"branch","line":35,"loc":{"start":{"line":35,"column":43},"end":{"line":35,"column":49}},"locations":[{"start":{"line":35,"column":43},"end":{"line":35,"column":49}}]},"7":{"type":"branch","line":36,"loc":{"start":{"line":36,"column":-1},"end":{"line":38,"column":2}},"locations":[{"start":{"line":36,"column":-1},"end":{"line":38,"column":2}}]},"8":{"type":"branch","line":43,"loc":{"start":{"line":43,"column":12},"end":{"line":43,"column":43}},"locations":[{"start":{"line":43,"column":12},"end":{"line":43,"column":43}}]},"9":{"type":"branch","line":43,"loc":{"start":{"line":43,"column":18},"end":{"line":43,"column":43}},"locations":[{"start":{"line":43,"column":18},"end":{"line":43,"column":43}}]},"10":{"type":"branch","line":46,"loc":{"start":{"line":46,"column":17},"end":{"line":51,"column":3}},"locations":[{"start":{"line":46,"column":17},"end":{"line":51,"column":3}}]},"11":{"type":"branch","line":49,"loc":{"start":{"line":49,"column":23},"end":{"line":49,"column":50}},"locations":[{"start":{"line":49,"column":23},"end":{"line":49,"column":50}}]},"12":{"type":"branch","line":50,"loc":{"start":{"line":50,"column":31},"end":{"line":50,"column":56}},"locations":[{"start":{"line":50,"column":31},"end":{"line":50,"column":56}}]},"13":{"type":"branch","line":53,"loc":{"start":{"line":53,"column":16},"end":{"line":59,"column":3}},"locations":[{"start":{"line":53,"column":16},"end":{"line":59,"column":3}}]},"14":{"type":"branch","line":54,"loc":{"start":{"line":54,"column":23},"end":{"line":54,"column":50}},"locations":[{"start":{"line":54,"column":23},"end":{"line":54,"column":50}}]}},"b":{"0":[6],"1":[317],"2":[50],"3":[0],"4":[47],"5":[9],"6":[38],"7":[9],"8":[46],"9":[37],"10":[93],"11":[82],"12":[4],"13":[3],"14":[2]},"fnMap":{"0":{"name":"useSettledText","decl":{"start":{"line":16,"column":30},"end":{"line":62,"column":1}},"loc":{"start":{"line":16,"column":30},"end":{"line":62,"column":1}},"line":16},"1":{"name":"settle","decl":{"start":{"line":32,"column":17},"end":{"line":38,"column":3}},"loc":{"start":{"line":32,"column":17},"end":{"line":38,"column":3}},"line":32},"2":{"name":"change","decl":{"start":{"line":46,"column":17},"end":{"line":51,"column":3}},"loc":{"start":{"line":46,"column":17},"end":{"line":51,"column":3}},"line":46},"3":{"name":"reset","decl":{"start":{"line":53,"column":16},"end":{"line":59,"column":3}},"loc":{"start":{"line":53,"column":16},"end":{"line":59,"column":3}},"line":53}},"f":{"0":317,"1":47,"2":93,"3":3}}
,"/Users/grop/ws/web-interview/frontend/src/todos/useTodoLists.js": {"path":"/Users/grop/ws/web-interview/frontend/src/todos/useTodoLists.js","all":false,"statementMap":{"0":{"start":{"line":1,"column":0},"end":{"line":1,"column":63}},"1":{"start":{"line":2,"column":0},"end":{"line":2,"column":53}},"2":{"start":{"line":3,"column":0},"end":{"line":3,"column":47}},"4":{"start":{"line":5,"column":0},"end":{"line":5,"column":64}},"5":{"start":{"line":6,"column":0},"end":{"line":6,"column":172}},"7":{"start":{"line":8,"column":0},"end":{"line":8,"column":59}},"8":{"start":{"line":9,"column":0},"end":{"line":9,"column":75}},"9":{"start":{"line":10,"column":0},"end":{"line":10,"column":67}},"10":{"start":{"line":11,"column":0},"end":{"line":11,"column":60}},"11":{"start":{"line":12,"column":0},"end":{"line":12,"column":34}},"13":{"start":{"line":14,"column":0},"end":{"line":14,"column":41}},"14":{"start":{"line":15,"column":0},"end":{"line":15,"column":21}},"15":{"start":{"line":16,"column":0},"end":{"line":16,"column":24}},"16":{"start":{"line":17,"column":0},"end":{"line":17,"column":23}},"17":{"start":{"line":18,"column":0},"end":{"line":18,"column":3}},"18":{"start":{"line":19,"column":0},"end":{"line":19,"column":38}},"19":{"start":{"line":20,"column":0},"end":{"line":20,"column":21}},"20":{"start":{"line":21,"column":0},"end":{"line":21,"column":21}},"21":{"start":{"line":22,"column":0},"end":{"line":22,"column":20}},"22":{"start":{"line":23,"column":0},"end":{"line":23,"column":3}},"24":{"start":{"line":25,"column":0},"end":{"line":25,"column":19}},"25":{"start":{"line":26,"column":0},"end":{"line":26,"column":25}},"26":{"start":{"line":27,"column":0},"end":{"line":27,"column":18}},"27":{"start":{"line":28,"column":0},"end":{"line":28,"column":30}},"28":{"start":{"line":29,"column":0},"end":{"line":29,"column":14}},"30":{"start":{"line":31,"column":0},"end":{"line":31,"column":38}},"31":{"start":{"line":32,"column":0},"end":{"line":32,"column":1}}},"s":{"0":1,"1":1,"2":1,"4":1,"5":1,"7":1,"8":1,"9":61,"10":61,"11":61,"13":61,"14":61,"15":61,"16":61,"17":61,"18":61,"19":61,"20":61,"21":61,"22":61,"24":61,"25":15,"26":15,"27":15,"28":61,"30":61,"31":61},"branchMap":{"0":{"type":"branch","line":9,"loc":{"start":{"line":9,"column":28},"end":{"line":32,"column":1}},"locations":[{"start":{"line":9,"column":28},"end":{"line":32,"column":1}}]},"1":{"type":"branch","line":11,"loc":{"start":{"line":11,"column":26},"end":{"line":11,"column":60}},"locations":[{"start":{"line":11,"column":26},"end":{"line":11,"column":60}}]},"2":{"type":"branch","line":25,"loc":{"start":{"line":25,"column":12},"end":{"line":29,"column":3}},"locations":[{"start":{"line":25,"column":12},"end":{"line":29,"column":3}}]},"3":{"type":"branch","line":28,"loc":{"start":{"line":28,"column":11},"end":{"line":28,"column":30}},"locations":[{"start":{"line":28,"column":11},"end":{"line":28,"column":30}}]}},"b":{"0":[61],"1":[15],"2":[15],"3":[13]},"fnMap":{"0":{"name":"useTodoLists","decl":{"start":{"line":9,"column":28},"end":{"line":32,"column":1}},"loc":{"start":{"line":9,"column":28},"end":{"line":32,"column":1}},"line":9}},"f":{"0":61}}
,"/Users/grop/ws/web-interview/frontend/src/todos/components/focusLeft.js": {"path":"/Users/grop/ws/web-interview/frontend/src/todos/components/focusLeft.js","all":false,"statementMap":{"0":{"start":{"line":1,"column":0},"end":{"line":1,"column":80}},"1":{"start":{"line":2,"column":0},"end":{"line":2,"column":61}},"2":{"start":{"line":3,"column":0},"end":{"line":3,"column":35}},"3":{"start":{"line":4,"column":0},"end":{"line":4,"column":52}},"4":{"start":{"line":5,"column":0},"end":{"line":5,"column":22}}},"s":{"0":5,"1":5,"2":5,"3":6,"4":5},"branchMap":{"0":{"type":"branch","line":1,"loc":{"start":{"line":1,"column":0},"end":{"line":5,"column":22}},"locations":[{"start":{"line":1,"column":0},"end":{"line":5,"column":22}}]},"1":{"type":"branch","line":3,"loc":{"start":{"line":3,"column":25},"end":{"line":4,"column":52}},"locations":[{"start":{"line":3,"column":25},"end":{"line":4,"column":52}}]}},"b":{"0":[5],"1":[6]},"fnMap":{"0":{"name":"focusLeft","decl":{"start":{"line":3,"column":25},"end":{"line":4,"column":52}},"loc":{"start":{"line":3,"column":25},"end":{"line":4,"column":52}},"line":3}},"f":{"0":6}}
}
