{"/Users/grop/ws/web-interview/backend/src/app.js": {"path":"/Users/grop/ws/web-interview/backend/src/app.js","all":false,"statementMap":{"0":{"start":{"line":1,"column":0},"end":{"line":1,"column":29}},"1":{"start":{"line":2,"column":0},"end":{"line":2,"column":23}},"2":{"start":{"line":3,"column":0},"end":{"line":3,"column":46}},"3":{"start":{"line":4,"column":0},"end":{"line":4,"column":74}},"4":{"start":{"line":5,"column":0},"end":{"line":5,"column":55}},"6":{"start":{"line":7,"column":0},"end":{"line":7,"column":111}},"8":{"start":{"line":9,"column":0},"end":{"line":9,"column":3}},"9":{"start":{"line":10,"column":0},"end":{"line":10,"column":35}},"10":{"start":{"line":11,"column":0},"end":{"line":11,"column":50}},"11":{"start":{"line":12,"column":0},"end":{"line":12,"column":3}},"12":{"start":{"line":13,"column":0},"end":{"line":13,"column":44}},"13":{"start":{"line":14,"column":0},"end":{"line":14,"column":25}},"14":{"start":{"line":15,"column":0},"end":{"line":15,"column":19}},"15":{"start":{"line":16,"column":0},"end":{"line":16,"column":16}},"16":{"start":{"line":17,"column":0},"end":{"line":17,"column":37}},"17":{"start":{"line":18,"column":0},"end":{"line":18,"column":37}},"18":{"start":{"line":19,"column":0},"end":{"line":19,"column":27}},"19":{"start":{"line":20,"column":0},"end":{"line":20,"column":3}},"21":{"start":{"line":22,"column":0},"end":{"line":22,"column":3}},"22":{"start":{"line":23,"column":0},"end":{"line":23,"column":37}},"23":{"start":{"line":24,"column":0},"end":{"line":24,"column":68}},"24":{"start":{"line":25,"column":0},"end":{"line":25,"column":3}},"25":{"start":{"line":26,"column":0},"end":{"line":26,"column":84}},"26":{"start":{"line":27,"column":0},"end":{"line":27,"column":76}},"27":{"start":{"line":28,"column":0},"end":{"line":28,"column":23}},"29":{"start":{"line":30,"column":0},"end":{"line":30,"column":58}},"30":{"start":{"line":31,"column":0},"end":{"line":31,"column":25}},"32":{"start":{"line":33,"column":0},"end":{"line":33,"column":45}},"33":{"start":{"line":34,"column":0},"end":{"line":34,"column":81}},"35":{"start":{"line":36,"column":0},"end":{"line":36,"column":54}},"36":{"start":{"line":37,"column":0},"end":{"line":37,"column":44}},"37":{"start":{"line":38,"column":0},"end":{"line":38,"column":55}},"38":{"start":{"line":39,"column":0},"end":{"line":39,"column":54}},"39":{"start":{"line":40,"column":0},"end":{"line":40,"column":53}},"40":{"start":{"line":41,"column":0},"end":{"line":41,"column":32}},"41":{"start":{"line":42,"column":0},"end":{"line":42,"column":40}},"42":{"start":{"line":43,"column":0},"end":{"line":43,"column":8}},"43":{"start":{"line":44,"column":0},"end":{"line":44,"column":12}},"44":{"start":{"line":45,"column":0},"end":{"line":45,"column":5}},"46":{"start":{"line":47,"column":0},"end":{"line":47,"column":22}},"47":{"start":{"line":48,"column":0},"end":{"line":48,"column":61}},"48":{"start":{"line":49,"column":0},"end":{"line":49,"column":37}},"49":{"start":{"line":50,"column":0},"end":{"line":50,"column":32}},"50":{"start":{"line":51,"column":0},"end":{"line":51,"column":6}},"51":{"start":{"line":52,"column":0},"end":{"line":52,"column":3}},"53":{"start":{"line":54,"column":0},"end":{"line":54,"column":70}},"54":{"start":{"line":55,"column":0},"end":{"line":55,"column":27}},"56":{"start":{"line":57,"column":0},"end":{"line":57,"column":12}},"57":{"start":{"line":58,"column":0},"end":{"line":58,"column":1}}},"s":{"0":1,"1":1,"2":1,"3":1,"4":1,"6":1,"8":1,"9":1,"10":1,"11":1,"12":1,"13":18,"14":30,"15":30,"16":30,"17":2,"18":30,"19":30,"21":1,"22":1,"23":1,"24":1,"25":1,"26":18,"27":18,"29":18,"30":18,"32":18,"33":18,"35":18,"36":18,"37":18,"38":1,"39":1,"40":1,"41":1,"42":1,"43":1,"44":1,"46":0,"47":0,"48":0,"49":0,"50":0,"51":1,"53":18,"54":18,"56":18,"57":18},"branchMap":{"0":{"type":"branch","line":13,"loc":{"start":{"line":13,"column":25},"end":{"line":20,"column":3}},"locations":[{"start":{"line":13,"column":25},"end":{"line":20,"column":3}}]},"1":{"type":"branch","line":14,"loc":{"start":{"line":14,"column":2},"end":{"line":20,"column":3}},"locations":[{"start":{"line":14,"column":2},"end":{"line":20,"column":3}}]},"2":{"type":"branch","line":16,"loc":{"start":{"line":16,"column":14},"end":{"line":17,"column":34}},"locations":[{"start":{"line":16,"column":14},"end":{"line":17,"column":34}}]},"3":{"type":"branch","line":17,"loc":{"start":{"line":17,"column":35},"end":{"line":18,"column":37}},"locations":[{"start":{"line":17,"column":35},"end":{"line":18,"column":37}}]},"4":{"type":"branch","line":26,"loc":{"start":{"line":26,"column":25},"end":{"line":58,"column":1}},"locations":[{"start":{"line":26,"column":25},"end":{"line":58,"column":1}}]},"5":{"type":"branch","line":27,"loc":{"start":{"line":27,"column":21},"end":{"line":27,"column":76}},"locations":[{"start":{"line":27,"column":21},"end":{"line":27,"column":76}}]},"6":{"type":"branch","line":33,"loc":{"start":{"line":33,"column":15},"end":{"line":33,"column":44}},"locations":[{"start":{"line":33,"column":15},"end":{"line":33,"column":44}}]},"7":{"type":"branch","line":38,"loc":{"start":{"line":38,"column":27},"end":{"line":52,"column":3}},"locations":[{"start":{"line":38,"column":27},"end":{"line":52,"column":3}}]},"8":{"type":"branch","line":45,"loc":{"start":{"line":45,"column":4},"end":{"line":52,"column":2}},"locations":[{"start":{"line":45,"column":4},"end":{"line":52,"column":2}}]}},"b":{"0":[18],"1":[30],"2":[2],"3":[2],"4":[18],"5":[0],"6":[2],"7":[1],"8":[0]},"fnMap":{"0":{"name":"corsOriginPolicy","decl":{"start":{"line":13,"column":25},"end":{"line":20,"column":3}},"loc":{"start":{"line":13,"column":25},"end":{"line":20,"column":3}},"line":13},"1":{"name":"createApp","decl":{"start":{"line":26,"column":25},"end":{"line":58,"column":1}},"loc":{"start":{"line":26,"column":25},"end":{"line":58,"column":1}},"line":26},"2":{"name":"jsonErrorHandler","decl":{"start":{"line":38,"column":27},"end":{"line":52,"column":3}},"loc":{"start":{"line":38,"column":27},"end":{"line":52,"column":3}},"line":38}},"f":{"0":18,"1":18,"2":1}}
,"/Users/grop/ws/web-interview/backend/src/config.js": {"path":"/Users/grop/ws/web-interview/backend/src/config.js","all":false,"statementMap":{"0":{"start":{"line":1,"column":0},"end":{"line":1,"column":47}},"2":{"start":{"line":3,"column":0},"end":{"line":3,"column":65}},"4":{"start":{"line":5,"column":0},"end":{"line":5,"column":33}},"5":{"start":{"line":6,"column":0},"end":{"line":6,"column":58}},"7":{"start":{"line":8,"column":0},"end":{"line":8,"column":40}},"8":{"start":{"line":9,"column":0},"end":{"line":9,"column":30}},"9":{"start":{"line":10,"column":0},"end":{"line":10,"column":52}},"10":{"start":{"line":11,"column":0},"end":{"line":11,"column":60}},"11":{"start":{"line":12,"column":0},"end":{"line":12,"column":66}},"12":{"start":{"line":13,"column":0},"end":{"line":13,"column":3}},"13":{"start":{"line":14,"column":0},"end":{"line":14,"column":13}},"14":{"start":{"line":15,"column":0},"end":{"line":15,"column":1}},"16":{"start":{"line":17,"column":0},"end":{"line":17,"column":3}},"17":{"start":{"line":18,"column":0},"end":{"line":18,"column":36}},"18":{"start":{"line":19,"column":0},"end":{"line":19,"column":39}},"19":{"start":{"line":20,"column":0},"end":{"line":20,"column":3}},"20":{"start":{"line":21,"column":0},"end":{"line":21,"column":42}},"21":{"start":{"line":22,"column":0},"end":{"line":22,"column":30}},"23":{"start":{"line":24,"column":0},"end":{"line":24,"column":13}},"24":{"start":{"line":25,"column":0},"end":{"line":25,"column":7}},"25":{"start":{"line":26,"column":0},"end":{"line":26,"column":31}},"26":{"start":{"line":27,"column":0},"end":{"line":27,"column":19}},"27":{"start":{"line":28,"column":0},"end":{"line":28,"column":79}},"28":{"start":{"line":29,"column":0},"end":{"line":29,"column":3}},"30":{"start":{"line":31,"column":0},"end":{"line":31,"column":55}},"31":{"start":{"line":32,"column":0},"end":{"line":32,"column":24}},"32":{"start":{"line":33,"column":0},"end":{"line":33,"column":67}},"33":{"start":{"line":34,"column":0},"end":{"line":34,"column":3}},"34":{"start":{"line":35,"column":0},"end":{"line":35,"column":20}},"35":{"start":{"line":36,"column":0},"end":{"line":36,"column":1}},"37":{"start":{"line":38,"column":0},"end":{"line":38,"column":3}},"38":{"start":{"line":39,"column":0},"end":{"line":39,"column":36}},"39":{"start":{"line":40,"column":0},"end":{"line":40,"column":33}},"40":{"start":{"line":41,"column":0},"end":{"line":41,"column":3}},"41":{"start":{"line":42,"column":0},"end":{"line":42,"column":53}},"42":{"start":{"line":43,"column":0},"end":{"line":43,"column":14}},"43":{"start":{"line":44,"column":0},"end":{"line":44,"column":16}},"44":{"start":{"line":45,"column":0},"end":{"line":45,"column":17}},"45":{"start":{"line":46,"column":0},"end":{"line":46,"column":37}},"46":{"start":{"line":47,"column":0},"end":{"line":47,"column":22}},"47":{"start":{"line":48,"column":0},"end":{"line":48,"column":3}},"48":{"start":{"line":49,"column":0},"end":{"line":49,"column":76}},"49":{"start":{"line":50,"column":0},"end":{"line":50,"column":1}},"51":{"start":{"line":52,"column":0},"end":{"line":52,"column":45}},"52":{"start":{"line":53,"column":0},"end":{"line":53,"column":65}},"53":{"start":{"line":54,"column":0},"end":{"line":54,"column":61}},"54":{"start":{"line":55,"column":0},"end":{"line":55,"column":62}},"55":{"start":{"line":56,"column":0},"end":{"line":56,"column":50}},"56":{"start":{"line":57,"column":0},"end":{"line":57,"column":67}},"57":{"start":{"line":58,"column":0},"end":{"line":58,"column":3}},"59":{"start":{"line":60,"column":0},"end":{"line":60,"column":24}},"60":{"start":{"line":61,"column":0},"end":{"line":61,"column":19}},"61":{"start":{"line":62,"column":0},"end":{"line":62,"column":76}},"62":{"start":{"line":63,"column":0},"end":{"line":63,"column":17}},"63":{"start":{"line":64,"column":0},"end":{"line":64,"column":72}},"64":{"start":{"line":65,"column":0},"end":{"line":65,"column":38}},"65":{"start":{"line":66,"column":0},"end":{"line":66,"column":4}},"66":{"start":{"line":67,"column":0},"end":{"line":67,"column":1}}},"s":{"0":1,"2":1,"4":1,"5":1,"7":1,"8":1,"9":2,"10":2,"11":0,"12":0,"13":2,"14":2,"16":1,"17":1,"18":1,"19":1,"20":1,"21":3,"23":2,"24":2,"25":2,"26":3,"27":0,"28":0,"30":2,"31":3,"32":1,"33":1,"34":1,"35":1,"37":1,"38":1,"39":1,"40":1,"41":1,"42":3,"43":1,"44":1,"45":1,"46":1,"47":1,"48":3,"49":3,"51":1,"52":1,"53":3,"54":3,"55":3,"56":0,"57":0,"59":3,"60":3,"61":3,"62":3,"63":3,"64":3,"65":3,"66":3},"branchMap":{"0":{"type":"branch","line":9,"loc":{"start":{"line":9,"column":18},"end":{"line":15,"column":1}},"locations":[{"start":{"line":9,"column":18},"end":{"line":15,"column":1}}]},"1":{"type":"branch","line":10,"loc":{"start":{"line":10,"column":28},"end":{"line":10,"column":51}},"locations":[{"start":{"line":10,"column":28},"end":{"line":10,"column":51}}]},"2":{"type":"branch","line":11,"loc":{"start":{"line":11,"column":59},"end":{"line":13,"column":3}},"locations":[{"start":{"line":11,"column":59},"end":{"line":13,"column":3}}]},"3":{"type":"branch","line":21,"loc":{"start":{"line":21,"column":30},"end":{"line":36,"column":1}},"locations":[{"start":{"line":21,"column":30},"end":{"line":36,"column":1}}]},"4":{"type":"branch","line":22,"loc":{"start":{"line":22,"column":14},"end":{"line":22,"column":30}},"locations":[{"start":{"line":22,"column":14},"end":{"line":22,"column":30}}]},"5":{"type":"branch","line":22,"loc":{"start":{"line":22,"column":21},"end":{"line":27,"column":4}},"locations":[{"start":{"line":22,"column":21},"end":{"line":27,"column":4}}]},"6":{"type":"branch","line":27,"loc":{"start":{"line":27,"column":4},"end":{"line":29,"column":3}},"locations":[{"start":{"line":27,"column":4},"end":{"line":29,"column":3}}]},"7":{"type":"branch","line":29,"loc":{"start":{"line":29,"column":2},"end":{"line":32,"column":23}},"locations":[{"start":{"line":29,"column":2},"end":{"line":32,"column":23}}]},"8":{"type":"branch","line":32,"loc":{"start":{"line":32,"column":23},"end":{"line":36,"column":1}},"locations":[{"start":{"line":32,"column":23},"end":{"line":36,"column":1}}]},"9":{"type":"branch","line":42,"loc":{"start":{"line":42,"column":25},"end":{"line":50,"column":1}},"locations":[{"start":{"line":42,"column":25},"end":{"line":50,"column":1}}]},"10":{"type":"branch","line":43,"loc":{"start":{"line":43,"column":13},"end":{"line":48,"column":3}},"locations":[{"start":{"line":43,"column":13},"end":{"line":48,"column":3}}]},"11":{"type":"branch","line":48,"loc":{"start":{"line":48,"column":2},"end":{"line":49,"column":41}},"locations":[{"start":{"line":48,"column":2},"end":{"line":49,"column":41}}]},"12":{"type":"branch","line":49,"loc":{"start":{"line":49,"column":41},"end":{"line":49,"column":45}},"locations":[{"start":{"line":49,"column":41},"end":{"line":49,"column":45}}]},"13":{"type":"branch","line":49,"loc":{"start":{"line":49,"column":46},"end":{"line":49,"column":76}},"locations":[{"start":{"line":49,"column":46},"end":{"line":49,"column":76}}]},"14":{"type":"branch","line":46,"loc":{"start":{"line":46,"column":11},"end":{"line":46,"column":36}},"locations":[{"start":{"line":46,"column":11},"end":{"line":46,"column":36}}]},"15":{"type":"branch","line":53,"loc":{"start":{"line":53,"column":33},"end":{"line":67,"column":1}},"locations":[{"start":{"line":53,"column":33},"end":{"line":67,"column":1}}]},"16":{"type":"branch","line":54,"loc":{"start":{"line":54,"column":45},"end":{"line":54,"column":61}},"locations":[{"start":{"line":54,"column":45},"end":{"line":54,"column":61}}]},"17":{"type":"branch","line":55,"loc":{"start":{"line":55,"column":50},"end":{"line":55,"column":62}},"locations":[{"start":{"line":55,"column":50},"end":{"line":55,"column":62}}]},"18":{"type":"branch","line":56,"loc":{"start":{"line":56,"column":31},"end":{"line":56,"column":47}},"locations":[{"start":{"line":56,"column":31},"end":{"line":56,"column":47}}]},"19":{"type":"branch","line":56,"loc":{"start":{"line":56,"column":49},"end":{"line":58,"column":3}},"locations":[{"start":{"line":56,"column":49},"end":{"line":58,"column":3}}]}},"b":{"0":[2],"1":[1],"2":[0],"3":[3],"4":[1],"5":[2],"6":[0],"7":[2],"8":[1],"9":[3],"10":[1],"11":[2],"12":[1],"13":[1],"14":[2],"15":[3],"16":[1],"17":[2],"18":[1],"19":[0]},"fnMap":{"0":{"name":"parsePort","decl":{"start":{"line":9,"column":18},"end":{"line":15,"column":1}},"loc":{"start":{"line":9,"column":18},"end":{"line":15,"column":1}},"line":9},"1":{"name":"parseInitialTodoLists","decl":{"start":{"line":21,"column":30},"end":{"line":36,"column":1}},"loc":{"start":{"line":21,"column":30},"end":{"line":36,"column":1}},"line":21},"2":{"name":"parseCorsOrigins","decl":{"start":{"line":42,"column":25},"end":{"line":50,"column":1}},"loc":{"start":{"line":42,"column":25},"end":{"line":50,"column":1}},"line":42},"3":{"name":"readBackendConfig","decl":{"start":{"line":53,"column":33},"end":{"line":67,"column":1}},"loc":{"start":{"line":53,"column":33},"end":{"line":67,"column":1}},"line":53}},"f":{"0":2,"1":3,"2":3,"3":3}}
,"/Users/grop/ws/web-interview/backend/src/seed.js": {"path":"/Users/grop/ws/web-interview/backend/src/seed.js","all":false,"statementMap":{"0":{"start":{"line":1,"column":0},"end":{"line":1,"column":23}},"1":{"start":{"line":2,"column":0},"end":{"line":2,"column":54}},"2":{"start":{"line":3,"column":0},"end":{"line":3,"column":8}},"6":{"start":{"line":7,"column":0},"end":{"line":7,"column":64}},"8":{"start":{"line":9,"column":0},"end":{"line":9,"column":66}},"9":{"start":{"line":10,"column":0},"end":{"line":10,"column":67}},"11":{"start":{"line":12,"column":0},"end":{"line":12,"column":3}},"12":{"start":{"line":13,"column":0},"end":{"line":13,"column":80}},"13":{"start":{"line":14,"column":0},"end":{"line":14,"column":76}},"14":{"start":{"line":15,"column":0},"end":{"line":15,"column":3}},"15":{"start":{"line":16,"column":0},"end":{"line":16,"column":43}},"16":{"start":{"line":17,"column":0},"end":{"line":17,"column":3}},"17":{"start":{"line":18,"column":0},"end":{"line":18,"column":13}},"18":{"start":{"line":19,"column":0},"end":{"line":19,"column":70}},"19":{"start":{"line":20,"column":0},"end":{"line":20,"column":14}},"20":{"start":{"line":21,"column":0},"end":{"line":21,"column":15}},"21":{"start":{"line":22,"column":0},"end":{"line":22,"column":11}},"22":{"start":{"line":23,"column":0},"end":{"line":23,"column":21}},"23":{"start":{"line":24,"column":0},"end":{"line":24,"column":57}},"24":{"start":{"line":25,"column":0},"end":{"line":25,"column":52}},"25":{"start":{"line":26,"column":0},"end":{"line":26,"column":59}},"26":{"start":{"line":27,"column":0},"end":{"line":27,"column":14}},"27":{"start":{"line":28,"column":0},"end":{"line":28,"column":21}},"28":{"start":{"line":29,"column":0},"end":{"line":29,"column":9}},"29":{"start":{"line":30,"column":0},"end":{"line":30,"column":21}},"30":{"start":{"line":31,"column":0},"end":{"line":31,"column":6}},"31":{"start":{"line":32,"column":0},"end":{"line":32,"column":13}},"32":{"start":{"line":33,"column":0},"end":{"line":33,"column":1}},"34":{"start":{"line":35,"column":0},"end":{"line":35,"column":31}},"35":{"start":{"line":36,"column":0},"end":{"line":36,"column":42}},"36":{"start":{"line":37,"column":0},"end":{"line":37,"column":3}},"37":{"start":{"line":38,"column":0},"end":{"line":38,"column":24}},"38":{"start":{"line":39,"column":0},"end":{"line":39,"column":84}},"39":{"start":{"line":40,"column":0},"end":{"line":40,"column":4}},"40":{"start":{"line":41,"column":0},"end":{"line":41,"column":3}},"41":{"start":{"line":42,"column":0},"end":{"line":42,"column":25}},"42":{"start":{"line":43,"column":0},"end":{"line":43,"column":85}},"43":{"start":{"line":44,"column":0},"end":{"line":44,"column":4}},"44":{"start":{"line":45,"column":0},"end":{"line":45,"column":1}},"46":{"start":{"line":47,"column":0},"end":{"line":47,"column":3}},"47":{"start":{"line":48,"column":0},"end":{"line":48,"column":35}},"48":{"start":{"line":49,"column":0},"end":{"line":49,"column":27}},"49":{"start":{"line":50,"column":0},"end":{"line":50,"column":21}},"50":{"start":{"line":51,"column":0},"end":{"line":51,"column":3}},"51":{"start":{"line":52,"column":0},"end":{"line":52,"column":52}},"52":{"start":{"line":53,"column":0},"end":{"line":53,"column":24}},"53":{"start":{"line":54,"column":0},"end":{"line":54,"column":19}},"54":{"start":{"line":55,"column":0},"end":{"line":55,"column":37}},"55":{"start":{"line":56,"column":0},"end":{"line":56,"column":33}},"56":{"start":{"line":57,"column":0},"end":{"line":57,"column":85}},"57":{"start":{"line":58,"column":0},"end":{"line":58,"column":77}},"58":{"start":{"line":59,"column":0},"end":{"line":59,"column":55}},"59":{"start":{"line":60,"column":0},"end":{"line":60,"column":43}},"60":{"start":{"line":61,"column":0},"end":{"line":61,"column":76}},"61":{"start":{"line":62,"column":0},"end":{"line":62,"column":27}},"62":{"start":{"line":63,"column":0},"end":{"line":63,"column":78}},"63":{"start":{"line":64,"column":0},"end":{"line":64,"column":7}},"64":{"start":{"line":65,"column":0},"end":{"line":65,"column":25}},"65":{"start":{"line":66,"column":0},"end":{"line":66,"column":85}},"66":{"start":{"line":67,"column":0},"end":{"line":67,"column":7}},"67":{"start":{"line":68,"column":0},"end":{"line":68,"column":5}},"68":{"start":{"line":69,"column":0},"end":{"line":69,"column":3}},"69":{"start":{"line":70,"column":0},"end":{"line":70,"column":15}},"70":{"start":{"line":71,"column":0},"end":{"line":71,"column":1}}},"s":{"0":1,"1":1,"2":1,"6":1,"8":1,"9":1,"11":1,"12":1,"13":1,"14":1,"15":1,"16":1,"17":1,"18":1,"19":1,"20":1,"21":1,"22":1,"23":1,"24":1,"25":1,"26":1,"27":1,"28":1,"29":1,"30":1,"31":1,"32":1,"34":1,"35":1,"36":0,"37":0,"38":0,"39":0,"40":0,"41":0,"42":0,"43":0,"44":0,"46":1,"47":1,"48":1,"49":1,"50":1,"51":1,"52":24,"53":24,"54":24,"55":25,"56":25,"57":25,"58":25,"59":25,"60":25,"61":25,"62":1,"63":1,"64":25,"65":1,"66":1,"67":25,"68":25,"69":24,"70":24},"branchMap":{"0":{"type":"branch","line":52,"loc":{"start":{"line":52,"column":26},"end":{"line":71,"column":1}},"locations":[{"start":{"line":52,"column":26},"end":{"line":71,"column":1}}]},"1":{"type":"branch","line":55,"loc":{"start":{"line":55,"column":36},"end":{"line":69,"column":3}},"locations":[{"start":{"line":55,"column":36},"end":{"line":69,"column":3}}]},"2":{"type":"branch","line":62,"loc":{"start":{"line":62,"column":26},"end":{"line":64,"column":7}},"locations":[{"start":{"line":62,"column":26},"end":{"line":64,"column":7}}]},"3":{"type":"branch","line":65,"loc":{"start":{"line":65,"column":24},"end":{"line":67,"column":7}},"locations":[{"start":{"line":65,"column":24},"end":{"line":67,"column":7}}]}},"b":{"0":[24],"1":[25],"2":[1],"3":[1]},"fnMap":{"0":{"name":"createSeedTodoLists","decl":{"start":{"line":36,"column":35},"end":{"line":45,"column":1}},"loc":{"start":{"line":36,"column":35},"end":{"line":45,"column":1}},"line":36},"1":{"name":"seedDatoms","decl":{"start":{"line":52,"column":26},"end":{"line":71,"column":1}},"loc":{"start":{"line":52,"column":26},"end":{"line":71,"column":1}},"line":52}},"f":{"0":0,"1":24}}
,"/Users/grop/ws/web-interview/backend/src/routes/datoms.js": {"path":"/Users/grop/ws/web-interview/backend/src/routes/datoms.js","all":false,"statementMap":{"0":{"start":{"line":1,"column":0},"end":{"line":1,"column":32}},"1":{"start":{"line":2,"column":0},"end":{"line":2,"column":46}},"2":{"start":{"line":3,"column":0},"end":{"line":3,"column":64}},"3":{"start":{"line":4,"column":0},"end":{"line":4,"column":8}},"10":{"start":{"line":11,"column":0},"end":{"line":11,"column":66}},"12":{"start":{"line":13,"column":0},"end":{"line":13,"column":53}},"13":{"start":{"line":14,"column":0},"end":{"line":14,"column":66}},"14":{"start":{"line":15,"column":0},"end":{"line":15,"column":112}},"16":{"start":{"line":17,"column":0},"end":{"line":17,"column":44}},"17":{"start":{"line":18,"column":0},"end":{"line":18,"column":34}},"18":{"start":{"line":19,"column":0},"end":{"line":19,"column":77}},"20":{"start":{"line":21,"column":0},"end":{"line":21,"column":29}},"21":{"start":{"line":22,"column":0},"end":{"line":22,"column":27}},"22":{"start":{"line":23,"column":0},"end":{"line":23,"column":75}},"24":{"start":{"line":25,"column":0},"end":{"line":25,"column":3}},"25":{"start":{"line":26,"column":0},"end":{"line":26,"column":32}},"26":{"start":{"line":27,"column":0},"end":{"line":27,"column":44}},"27":{"start":{"line":28,"column":0},"end":{"line":28,"column":3}},"28":{"start":{"line":29,"column":0},"end":{"line":29,"column":94}},"29":{"start":{"line":30,"column":0},"end":{"line":30,"column":25}},"30":{"start":{"line":31,"column":0},"end":{"line":31,"column":30}},"31":{"start":{"line":32,"column":0},"end":{"line":32,"column":31}},"33":{"start":{"line":34,"column":0},"end":{"line":34,"column":51}},"34":{"start":{"line":35,"column":0},"end":{"line":35,"column":38}},"35":{"start":{"line":36,"column":0},"end":{"line":36,"column":81}},"36":{"start":{"line":37,"column":0},"end":{"line":37,"column":48}},"37":{"start":{"line":38,"column":0},"end":{"line":38,"column":68}},"38":{"start":{"line":39,"column":0},"end":{"line":39,"column":3}},"40":{"start":{"line":41,"column":0},"end":{"line":41,"column":5}},"41":{"start":{"line":42,"column":0},"end":{"line":42,"column":79}},"42":{"start":{"line":43,"column":0},"end":{"line":43,"column":67}},"43":{"start":{"line":44,"column":0},"end":{"line":44,"column":74}},"44":{"start":{"line":45,"column":0},"end":{"line":45,"column":4}},"45":{"start":{"line":46,"column":0},"end":{"line":46,"column":26}},"46":{"start":{"line":47,"column":0},"end":{"line":47,"column":5}},"47":{"start":{"line":48,"column":0},"end":{"line":48,"column":31}},"48":{"start":{"line":49,"column":0},"end":{"line":49,"column":14}},"49":{"start":{"line":50,"column":0},"end":{"line":50,"column":89}},"50":{"start":{"line":51,"column":0},"end":{"line":51,"column":5}},"51":{"start":{"line":52,"column":0},"end":{"line":52,"column":3}},"53":{"start":{"line":54,"column":0},"end":{"line":54,"column":5}},"54":{"start":{"line":55,"column":0},"end":{"line":55,"column":82}},"55":{"start":{"line":56,"column":0},"end":{"line":56,"column":72}},"56":{"start":{"line":57,"column":0},"end":{"line":57,"column":4}},"57":{"start":{"line":58,"column":0},"end":{"line":58,"column":26}},"58":{"start":{"line":59,"column":0},"end":{"line":59,"column":5}},"59":{"start":{"line":60,"column":0},"end":{"line":60,"column":31}},"60":{"start":{"line":61,"column":0},"end":{"line":61,"column":14}},"61":{"start":{"line":62,"column":0},"end":{"line":62,"column":84}},"62":{"start":{"line":63,"column":0},"end":{"line":63,"column":5}},"63":{"start":{"line":64,"column":0},"end":{"line":64,"column":3}},"65":{"start":{"line":66,"column":0},"end":{"line":66,"column":39}},"66":{"start":{"line":67,"column":0},"end":{"line":67,"column":76}},"67":{"start":{"line":68,"column":0},"end":{"line":68,"column":62}},"68":{"start":{"line":69,"column":0},"end":{"line":69,"column":81}},"70":{"start":{"line":71,"column":0},"end":{"line":71,"column":40}},"71":{"start":{"line":72,"column":0},"end":{"line":72,"column":57}},"72":{"start":{"line":73,"column":0},"end":{"line":73,"column":48}},"73":{"start":{"line":74,"column":0},"end":{"line":74,"column":31}},"74":{"start":{"line":75,"column":0},"end":{"line":75,"column":32}},"75":{"start":{"line":76,"column":0},"end":{"line":76,"column":6}},"76":{"start":{"line":77,"column":0},"end":{"line":77,"column":22}},"78":{"start":{"line":79,"column":0},"end":{"line":79,"column":80}},"79":{"start":{"line":80,"column":0},"end":{"line":80,"column":81}},"80":{"start":{"line":81,"column":0},"end":{"line":81,"column":80}},"81":{"start":{"line":82,"column":0},"end":{"line":82,"column":37}},"82":{"start":{"line":83,"column":0},"end":{"line":83,"column":19}},"83":{"start":{"line":84,"column":0},"end":{"line":84,"column":80}},"84":{"start":{"line":85,"column":0},"end":{"line":85,"column":19}},"86":{"start":{"line":87,"column":0},"end":{"line":87,"column":24}},"87":{"start":{"line":88,"column":0},"end":{"line":88,"column":69}},"88":{"start":{"line":89,"column":0},"end":{"line":89,"column":23}},"89":{"start":{"line":90,"column":0},"end":{"line":90,"column":27}},"90":{"start":{"line":91,"column":0},"end":{"line":91,"column":30}},"91":{"start":{"line":92,"column":0},"end":{"line":92,"column":29}},"92":{"start":{"line":93,"column":0},"end":{"line":93,"column":6}},"93":{"start":{"line":94,"column":0},"end":{"line":94,"column":4}},"95":{"start":{"line":96,"column":0},"end":{"line":96,"column":40}},"96":{"start":{"line":97,"column":0},"end":{"line":97,"column":58}},"97":{"start":{"line":98,"column":0},"end":{"line":98,"column":26}},"98":{"start":{"line":99,"column":0},"end":{"line":99,"column":60}},"99":{"start":{"line":100,"column":0},"end":{"line":100,"column":35}},"100":{"start":{"line":101,"column":0},"end":{"line":101,"column":36}},"101":{"start":{"line":102,"column":0},"end":{"line":102,"column":46}},"102":{"start":{"line":103,"column":0},"end":{"line":103,"column":8}},"103":{"start":{"line":104,"column":0},"end":{"line":104,"column":5}},"105":{"start":{"line":106,"column":0},"end":{"line":106,"column":78}},"106":{"start":{"line":107,"column":0},"end":{"line":107,"column":49}},"107":{"start":{"line":108,"column":0},"end":{"line":108,"column":58}},"108":{"start":{"line":109,"column":0},"end":{"line":109,"column":75}},"109":{"start":{"line":110,"column":0},"end":{"line":110,"column":60}},"110":{"start":{"line":111,"column":0},"end":{"line":111,"column":65}},"111":{"start":{"line":112,"column":0},"end":{"line":112,"column":39}},"112":{"start":{"line":113,"column":0},"end":{"line":113,"column":8}},"113":{"start":{"line":114,"column":0},"end":{"line":114,"column":5}},"115":{"start":{"line":116,"column":0},"end":{"line":116,"column":60}},"116":{"start":{"line":117,"column":0},"end":{"line":117,"column":43}},"117":{"start":{"line":118,"column":0},"end":{"line":118,"column":64}},"118":{"start":{"line":119,"column":0},"end":{"line":119,"column":5}},"120":{"start":{"line":121,"column":0},"end":{"line":121,"column":78}},"121":{"start":{"line":122,"column":0},"end":{"line":122,"column":4}},"123":{"start":{"line":124,"column":0},"end":{"line":124,"column":15}},"124":{"start":{"line":125,"column":0},"end":{"line":125,"column":1}}},"s":{"0":1,"1":1,"2":1,"3":1,"10":1,"12":1,"13":1,"14":1,"16":1,"17":1,"18":1,"20":1,"21":1,"22":27,"24":1,"25":1,"26":1,"27":1,"28":1,"29":18,"30":18,"31":18,"33":18,"34":18,"35":29,"36":29,"37":29,"38":29,"40":18,"41":18,"42":18,"43":18,"44":18,"45":18,"46":18,"47":18,"48":17,"49":17,"50":17,"51":17,"53":18,"54":18,"55":18,"56":18,"57":18,"58":18,"59":18,"60":14,"61":14,"62":14,"63":14,"65":18,"66":14,"67":14,"68":14,"70":14,"71":14,"72":14,"73":14,"74":14,"75":14,"76":14,"78":14,"79":14,"80":14,"81":14,"82":14,"83":14,"84":14,"86":14,"87":14,"88":14,"89":14,"90":14,"91":14,"92":14,"93":18,"95":18,"96":13,"97":13,"98":1,"99":1,"100":1,"101":1,"102":1,"103":1,"105":12,"106":12,"107":12,"108":13,"109":1,"110":1,"111":1,"112":1,"113":1,"115":11,"116":13,"117":4,"118":4,"120":11,"121":18,"123":18,"124":18},"branchMap":{"0":{"type":"branch","line":18,"loc":{"start":{"line":18,"column":24},"end":{"line":19,"column":77}},"locations":[{"start":{"line":18,"column":24},"end":{"line":19,"column":77}}]},"1":{"type":"branch","line":19,"loc":{"start":{"line":19,"column":19},"end":{"line":19,"column":76}},"locations":[{"start":{"line":19,"column":19},"end":{"line":19,"column":76}}]},"2":{"type":"branch","line":22,"loc":{"start":{"line":22,"column":17},"end":{"line":23,"column":75}},"locations":[{"start":{"line":22,"column":17},"end":{"line":23,"column":75}}]},"3":{"type":"branch","line":23,"loc":{"start":{"line":23,"column":28},"end":{"line":23,"column":55}},"locations":[{"start":{"line":23,"column":28},"end":{"line":23,"column":55}}]},"4":{"type":"branch","line":23,"loc":{"start":{"line":23,"column":56},"end":{"line":23,"column":63}},"locations":[{"start":{"line":23,"column":56},"end":{"line":23,"column":63}}]},"5":{"type":"branch","line":23,"loc":{"start":{"line":23,"column":64},"end":{"line":23,"column":75}},"locations":[{"start":{"line":23,"column":64},"end":{"line":23,"column":75}}]},"6":{"type":"branch","line":29,"loc":{"start":{"line":29,"column":34},"end":{"line":125,"column":1}},"locations":[{"start":{"line":29,"column":34},"end":{"line":125,"column":1}}]},"7":{"type":"branch","line":35,"loc":{"start":{"line":35,"column":21},"end":{"line":39,"column":3}},"locations":[{"start":{"line":35,"column":21},"end":{"line":39,"column":3}}]},"8":{"type":"branch","line":48,"loc":{"start":{"line":48,"column":21},"end":{"line":52,"column":3}},"locations":[{"start":{"line":48,"column":21},"end":{"line":52,"column":3}}]},"9":{"type":"branch","line":60,"loc":{"start":{"line":60,"column":21},"end":{"line":64,"column":3}},"locations":[{"start":{"line":60,"column":21},"end":{"line":64,"column":3}}]},"10":{"type":"branch","line":66,"loc":{"start":{"line":66,"column":24},"end":{"line":94,"column":3}},"locations":[{"start":{"line":66,"column":24},"end":{"line":94,"column":3}}]},"11":{"type":"branch","line":69,"loc":{"start":{"line":69,"column":53},"end":{"line":69,"column":81}},"locations":[{"start":{"line":69,"column":53},"end":{"line":69,"column":81}}]},"12":{"type":"branch","line":84,"loc":{"start":{"line":84,"column":58},"end":{"line":84,"column":80}},"locations":[{"start":{"line":84,"column":58},"end":{"line":84,"column":80}}]},"13":{"type":"branch","line":88,"loc":{"start":{"line":88,"column":34},"end":{"line":88,"column":55}},"locations":[{"start":{"line":88,"column":34},"end":{"line":88,"column":55}}]},"14":{"type":"branch","line":90,"loc":{"start":{"line":90,"column":20},"end":{"line":93,"column":5}},"locations":[{"start":{"line":90,"column":20},"end":{"line":93,"column":5}}]},"15":{"type":"branch","line":96,"loc":{"start":{"line":96,"column":19},"end":{"line":122,"column":3}},"locations":[{"start":{"line":96,"column":19},"end":{"line":122,"column":3}}]},"16":{"type":"branch","line":98,"loc":{"start":{"line":98,"column":25},"end":{"line":104,"column":5}},"locations":[{"start":{"line":98,"column":25},"end":{"line":104,"column":5}}]},"17":{"type":"branch","line":104,"loc":{"start":{"line":104,"column":4},"end":{"line":109,"column":74}},"locations":[{"start":{"line":104,"column":4},"end":{"line":109,"column":74}}]},"18":{"type":"branch","line":109,"loc":{"start":{"line":109,"column":74},"end":{"line":114,"column":5}},"locations":[{"start":{"line":109,"column":74},"end":{"line":114,"column":5}}]},"19":{"type":"branch","line":114,"loc":{"start":{"line":114,"column":4},"end":{"line":117,"column":42}},"locations":[{"start":{"line":114,"column":4},"end":{"line":117,"column":42}}]},"20":{"type":"branch","line":117,"loc":{"start":{"line":117,"column":42},"end":{"line":119,"column":5}},"locations":[{"start":{"line":117,"column":42},"end":{"line":119,"column":5}}]},"21":{"type":"branch","line":118,"loc":{"start":{"line":118,"column":35},"end":{"line":118,"column":64}},"locations":[{"start":{"line":118,"column":35},"end":{"line":118,"column":64}}]},"22":{"type":"branch","line":119,"loc":{"start":{"line":119,"column":4},"end":{"line":122,"column":2}},"locations":[{"start":{"line":119,"column":4},"end":{"line":122,"column":2}}]},"23":{"type":"branch","line":109,"loc":{"start":{"line":109,"column":32},"end":{"line":109,"column":71}},"locations":[{"start":{"line":109,"column":32},"end":{"line":109,"column":71}}]}},"b":{"0":[1],"1":[1],"2":[27],"3":[3],"4":[3],"5":[24],"6":[18],"7":[29],"8":[17],"9":[14],"10":[14],"11":[13],"12":[26],"13":[3],"14":[14],"15":[13],"16":[1],"17":[12],"18":[1],"19":[11],"20":[4],"21":[3],"22":[11],"23":[12]},"fnMap":{"0":{"name":"formatZodIssues","decl":{"start":{"line":18,"column":24},"end":{"line":19,"column":77}},"loc":{"start":{"line":18,"column":24},"end":{"line":19,"column":77}},"line":18},"1":{"name":"asCursor","decl":{"start":{"line":22,"column":17},"end":{"line":23,"column":75}},"loc":{"start":{"line":22,"column":17},"end":{"line":23,"column":75}},"line":22},"2":{"name":"createDatomsRouter","decl":{"start":{"line":29,"column":34},"end":{"line":125,"column":1}},"loc":{"start":{"line":29,"column":34},"end":{"line":125,"column":1}},"line":29},"3":{"name":"writeDatom","decl":{"start":{"line":35,"column":21},"end":{"line":39,"column":3}},"loc":{"start":{"line":35,"column":21},"end":{"line":39,"column":3}},"line":35},"4":{"name":"writeClock","decl":{"start":{"line":48,"column":21},"end":{"line":52,"column":3}},"loc":{"start":{"line":48,"column":21},"end":{"line":52,"column":3}},"line":48},"5":{"name":"writeEpoch","decl":{"start":{"line":60,"column":21},"end":{"line":64,"column":3}},"loc":{"start":{"line":60,"column":21},"end":{"line":64,"column":3}},"line":60}},"f":{"0":1,"1":27,"2":18,"3":29,"4":17,"5":14}}
,"/Users/grop/ws/web-interview/backend/src/testing/sseClient.js": {"path":"/Users/grop/ws/web-interview/backend/src/testing/sseClient.js","all":false,"statementMap":{"0":{"start":{"line":1,"column":0},"end":{"line":1,"column":86}},"2":{"start":{"line":3,"column":0},"end":{"line":3,"column":86}},"4":{"start":{"line":5,"column":0},"end":{"line":5,"column":55}},"5":{"start":{"line":6,"column":0},"end":{"line":6,"column":31}},"6":{"start":{"line":7,"column":0},"end":{"line":7,"column":32}},"7":{"start":{"line":8,"column":0},"end":{"line":8,"column":60}},"8":{"start":{"line":9,"column":0},"end":{"line":9,"column":41}},"9":{"start":{"line":10,"column":0},"end":{"line":10,"column":57}},"10":{"start":{"line":11,"column":0},"end":{"line":11,"column":67}},"11":{"start":{"line":12,"column":0},"end":{"line":12,"column":66}},"12":{"start":{"line":13,"column":0},"end":{"line":13,"column":3}},"13":{"start":{"line":14,"column":0},"end":{"line":14,"column":14}},"14":{"start":{"line":15,"column":0},"end":{"line":15,"column":1}},"16":{"start":{"line":17,"column":0},"end":{"line":17,"column":3}},"17":{"start":{"line":18,"column":0},"end":{"line":18,"column":26}},"18":{"start":{"line":19,"column":0},"end":{"line":19,"column":60}},"19":{"start":{"line":20,"column":0},"end":{"line":20,"column":3}},"20":{"start":{"line":21,"column":0},"end":{"line":21,"column":80}},"21":{"start":{"line":22,"column":0},"end":{"line":22,"column":52}},"22":{"start":{"line":23,"column":0},"end":{"line":23,"column":49}},"24":{"start":{"line":25,"column":0},"end":{"line":25,"column":42}},"25":{"start":{"line":26,"column":0},"end":{"line":26,"column":37}},"26":{"start":{"line":27,"column":0},"end":{"line":27,"column":30}},"27":{"start":{"line":28,"column":0},"end":{"line":28,"column":65}},"28":{"start":{"line":29,"column":0},"end":{"line":29,"column":4}},"30":{"start":{"line":31,"column":0},"end":{"line":31,"column":34}},"31":{"start":{"line":32,"column":0},"end":{"line":32,"column":19}},"32":{"start":{"line":33,"column":0},"end":{"line":33,"column":35}},"33":{"start":{"line":34,"column":0},"end":{"line":34,"column":17}},"35":{"start":{"line":36,"column":0},"end":{"line":36,"column":28}},"36":{"start":{"line":37,"column":0},"end":{"line":37,"column":88}},"37":{"start":{"line":38,"column":0},"end":{"line":38,"column":9}},"38":{"start":{"line":39,"column":0},"end":{"line":39,"column":16}},"39":{"start":{"line":40,"column":0},"end":{"line":40,"column":51}},"40":{"start":{"line":41,"column":0},"end":{"line":41,"column":23}},"41":{"start":{"line":42,"column":0},"end":{"line":42,"column":57}},"42":{"start":{"line":43,"column":0},"end":{"line":43,"column":45}},"43":{"start":{"line":44,"column":0},"end":{"line":44,"column":33}},"44":{"start":{"line":45,"column":0},"end":{"line":45,"column":60}},"45":{"start":{"line":46,"column":0},"end":{"line":46,"column":45}},"46":{"start":{"line":47,"column":0},"end":{"line":47,"column":43}},"47":{"start":{"line":48,"column":0},"end":{"line":48,"column":9}},"48":{"start":{"line":49,"column":0},"end":{"line":49,"column":7}},"49":{"start":{"line":50,"column":0},"end":{"line":50,"column":13}},"50":{"start":{"line":51,"column":0},"end":{"line":51,"column":37}},"51":{"start":{"line":52,"column":0},"end":{"line":52,"column":5}},"52":{"start":{"line":53,"column":0},"end":{"line":53,"column":3}},"53":{"start":{"line":54,"column":0},"end":{"line":54,"column":13}},"55":{"start":{"line":56,"column":0},"end":{"line":56,"column":10}},"56":{"start":{"line":57,"column":0},"end":{"line":57,"column":13}},"57":{"start":{"line":58,"column":0},"end":{"line":58,"column":11}},"58":{"start":{"line":59,"column":0},"end":{"line":59,"column":98}},"59":{"start":{"line":60,"column":0},"end":{"line":60,"column":17}},"60":{"start":{"line":61,"column":0},"end":{"line":61,"column":12}},"61":{"start":{"line":62,"column":0},"end":{"line":62,"column":52}},"62":{"start":{"line":63,"column":0},"end":{"line":63,"column":48}},"63":{"start":{"line":64,"column":0},"end":{"line":64,"column":7}},"64":{"start":{"line":65,"column":0},"end":{"line":65,"column":64}},"65":{"start":{"line":66,"column":0},"end":{"line":66,"column":34}},"66":{"start":{"line":67,"column":0},"end":{"line":67,"column":7}},"67":{"start":{"line":68,"column":0},"end":{"line":68,"column":47}},"68":{"start":{"line":69,"column":0},"end":{"line":69,"column":45}},"69":{"start":{"line":70,"column":0},"end":{"line":70,"column":34}},"70":{"start":{"line":71,"column":0},"end":{"line":71,"column":36}},"71":{"start":{"line":72,"column":0},"end":{"line":72,"column":91}},"72":{"start":{"line":73,"column":0},"end":{"line":73,"column":9}},"73":{"start":{"line":74,"column":0},"end":{"line":74,"column":63}},"74":{"start":{"line":75,"column":0},"end":{"line":75,"column":7}},"75":{"start":{"line":76,"column":0},"end":{"line":76,"column":19}},"76":{"start":{"line":77,"column":0},"end":{"line":77,"column":6}},"77":{"start":{"line":78,"column":0},"end":{"line":78,"column":36}},"78":{"start":{"line":79,"column":0},"end":{"line":79,"column":3}},"79":{"start":{"line":80,"column":0},"end":{"line":80,"column":1}}},"s":{"0":1,"2":1,"4":1,"5":1,"6":60,"7":60,"8":60,"9":120,"10":91,"11":60,"12":120,"13":60,"14":60,"16":1,"17":1,"18":1,"19":1,"20":1,"21":14,"22":14,"24":14,"25":14,"26":14,"27":14,"28":14,"30":14,"31":14,"32":14,"33":14,"35":14,"36":14,"37":14,"38":14,"39":34,"40":34,"41":20,"42":20,"43":34,"44":60,"45":60,"46":60,"47":60,"48":34,"49":14,"50":14,"51":14,"52":14,"53":14,"55":14,"56":14,"57":14,"58":14,"59":14,"60":40,"61":40,"62":14,"63":14,"64":14,"65":14,"66":14,"67":14,"68":17,"69":17,"70":17,"71":0,"72":0,"73":17,"74":17,"75":17,"76":14,"77":14,"78":14,"79":14},"branchMap":{"0":{"type":"branch","line":6,"loc":{"start":{"line":6,"column":19},"end":{"line":15,"column":1}},"locations":[{"start":{"line":6,"column":19},"end":{"line":15,"column":1}}]},"1":{"type":"branch","line":9,"loc":{"start":{"line":9,"column":40},"end":{"line":13,"column":3}},"locations":[{"start":{"line":9,"column":40},"end":{"line":13,"column":3}}]},"2":{"type":"branch","line":10,"loc":{"start":{"line":10,"column":33},"end":{"line":10,"column":57}},"locations":[{"start":{"line":10,"column":33},"end":{"line":10,"column":57}}]},"3":{"type":"branch","line":10,"loc":{"start":{"line":10,"column":56},"end":{"line":12,"column":66}},"locations":[{"start":{"line":10,"column":56},"end":{"line":12,"column":66}}]},"4":{"type":"branch","line":11,"loc":{"start":{"line":11,"column":41},"end":{"line":11,"column":67}},"locations":[{"start":{"line":11,"column":41},"end":{"line":11,"column":67}}]},"5":{"type":"branch","line":11,"loc":{"start":{"line":11,"column":66},"end":{"line":12,"column":66}},"locations":[{"start":{"line":11,"column":66},"end":{"line":12,"column":66}}]},"6":{"type":"branch","line":21,"loc":{"start":{"line":21,"column":31},"end":{"line":80,"column":1}},"locations":[{"start":{"line":21,"column":31},"end":{"line":80,"column":1}}]},"7":{"type":"branch","line":23,"loc":{"start":{"line":23,"column":13},"end":{"line":23,"column":49}},"locations":[{"start":{"line":23,"column":13},"end":{"line":23,"column":49}}]},"8":{"type":"branch","line":28,"loc":{"start":{"line":28,"column":25},"end":{"line":28,"column":59}},"locations":[{"start":{"line":28,"column":25},"end":{"line":28,"column":59}}]},"9":{"type":"branch","line":28,"loc":{"start":{"line":28,"column":60},"end":{"line":28,"column":64}},"locations":[{"start":{"line":28,"column":60},"end":{"line":28,"column":64}}]},"10":{"type":"branch","line":36,"loc":{"start":{"line":36,"column":15},"end":{"line":53,"column":3}},"locations":[{"start":{"line":36,"column":15},"end":{"line":53,"column":3}}]},"11":{"type":"branch","line":39,"loc":{"start":{"line":39,"column":15},"end":{"line":49,"column":7}},"locations":[{"start":{"line":39,"column":15},"end":{"line":49,"column":7}}]},"12":{"type":"branch","line":40,"loc":{"start":{"line":40,"column":50},"end":{"line":41,"column":18}},"locations":[{"start":{"line":40,"column":50},"end":{"line":41,"column":18}}]},"13":{"type":"branch","line":41,"loc":{"start":{"line":41,"column":18},"end":{"line":41,"column":23}},"locations":[{"start":{"line":41,"column":18},"end":{"line":41,"column":23}}]},"14":{"type":"branch","line":41,"loc":{"start":{"line":41,"column":18},"end":{"line":44,"column":32}},"locations":[{"start":{"line":41,"column":18},"end":{"line":44,"column":32}}]},"15":{"type":"branch","line":44,"loc":{"start":{"line":44,"column":32},"end":{"line":48,"column":9}},"locations":[{"start":{"line":44,"column":32},"end":{"line":48,"column":9}}]},"16":{"type":"branch","line":60,"loc":{"start":{"line":60,"column":12},"end":{"line":63,"column":47}},"locations":[{"start":{"line":60,"column":12},"end":{"line":63,"column":47}}]},"17":{"type":"branch","line":62,"loc":{"start":{"line":62,"column":16},"end":{"line":62,"column":51}},"locations":[{"start":{"line":62,"column":16},"end":{"line":62,"column":51}}]},"18":{"type":"branch","line":63,"loc":{"start":{"line":63,"column":13},"end":{"line":63,"column":46}},"locations":[{"start":{"line":63,"column":13},"end":{"line":63,"column":46}}]},"19":{"type":"branch","line":68,"loc":{"start":{"line":68,"column":4},"end":{"line":77,"column":5}},"locations":[{"start":{"line":68,"column":4},"end":{"line":77,"column":5}}]},"20":{"type":"branch","line":71,"loc":{"start":{"line":71,"column":35},"end":{"line":73,"column":9}},"locations":[{"start":{"line":71,"column":35},"end":{"line":73,"column":9}}]},"21":{"type":"branch","line":74,"loc":{"start":{"line":74,"column":26},"end":{"line":74,"column":62}},"locations":[{"start":{"line":74,"column":26},"end":{"line":74,"column":62}}]},"22":{"type":"branch","line":78,"loc":{"start":{"line":78,"column":11},"end":{"line":78,"column":35}},"locations":[{"start":{"line":78,"column":11},"end":{"line":78,"column":35}}]}},"b":{"0":[60],"1":[120],"2":[29],"3":[91],"4":[31],"5":[60],"6":[14],"7":[2],"8":[1],"9":[13],"10":[14],"11":[34],"12":[20],"13":[0],"14":[20],"15":[60],"16":[40],"17":[127],"18":[62],"19":[17],"20":[0],"21":[17],"22":[16]},"fnMap":{"0":{"name":"parseFrame","decl":{"start":{"line":6,"column":19},"end":{"line":15,"column":1}},"loc":{"start":{"line":6,"column":19},"end":{"line":15,"column":1}},"line":6},"1":{"name":"openDatomStream","decl":{"start":{"line":21,"column":31},"end":{"line":80,"column":1}},"loc":{"start":{"line":21,"column":31},"end":{"line":80,"column":1}},"line":21},"2":{"name":"pump","decl":{"start":{"line":36,"column":15},"end":{"line":53,"column":3}},"loc":{"start":{"line":36,"column":15},"end":{"line":53,"column":3}},"line":36},"3":{"name":"datoms","decl":{"start":{"line":60,"column":12},"end":{"line":63,"column":47}},"loc":{"start":{"line":60,"column":12},"end":{"line":63,"column":47}},"line":60},"4":{"name":"until","decl":{"start":{"line":68,"column":4},"end":{"line":77,"column":5}},"loc":{"start":{"line":68,"column":4},"end":{"line":77,"column":5}},"line":68},"5":{"name":"close","decl":{"start":{"line":78,"column":11},"end":{"line":78,"column":35}},"loc":{"start":{"line":78,"column":11},"end":{"line":78,"column":35}},"line":78}},"f":{"0":60,"1":14,"2":14,"3":40,"4":17,"5":16}}
,"/Users/grop/ws/web-interview/backend/src/todos/datomJournal.js": {"path":"/Users/grop/ws/web-interview/backend/src/todos/datomJournal.js","all":false,"statementMap":{"0":{"start":{"line":1,"column":0},"end":{"line":1,"column":56}},"1":{"start":{"line":2,"column":0},"end":{"line":2,"column":35}},"2":{"start":{"line":3,"column":0},"end":{"line":3,"column":56}},"4":{"start":{"line":5,"column":0},"end":{"line":5,"column":66}},"5":{"start":{"line":6,"column":0},"end":{"line":6,"column":66}},"7":{"start":{"line":8,"column":0},"end":{"line":8,"column":20}},"9":{"start":{"line":10,"column":0},"end":{"line":10,"column":3}},"10":{"start":{"line":11,"column":0},"end":{"line":11,"column":82}},"11":{"start":{"line":12,"column":0},"end":{"line":12,"column":82}},"12":{"start":{"line":13,"column":0},"end":{"line":13,"column":81}},"13":{"start":{"line":14,"column":0},"end":{"line":14,"column":16}},"14":{"start":{"line":15,"column":0},"end":{"line":15,"column":2}},"15":{"start":{"line":16,"column":0},"end":{"line":16,"column":25}},"16":{"start":{"line":17,"column":0},"end":{"line":17,"column":3}},"17":{"start":{"line":18,"column":0},"end":{"line":18,"column":35}},"18":{"start":{"line":19,"column":0},"end":{"line":19,"column":18}},"19":{"start":{"line":20,"column":0},"end":{"line":20,"column":15}},"20":{"start":{"line":21,"column":0},"end":{"line":21,"column":58}},"21":{"start":{"line":22,"column":0},"end":{"line":22,"column":43}},"22":{"start":{"line":23,"column":0},"end":{"line":23,"column":81}},"23":{"start":{"line":24,"column":0},"end":{"line":24,"column":21}},"24":{"start":{"line":25,"column":0},"end":{"line":25,"column":3}},"25":{"start":{"line":26,"column":0},"end":{"line":26,"column":40}},"26":{"start":{"line":27,"column":0},"end":{"line":27,"column":1}},"28":{"start":{"line":29,"column":0},"end":{"line":29,"column":44}},"29":{"start":{"line":30,"column":0},"end":{"line":30,"column":29}},"30":{"start":{"line":31,"column":0},"end":{"line":31,"column":73}},"31":{"start":{"line":32,"column":0},"end":{"line":32,"column":75}},"32":{"start":{"line":33,"column":0},"end":{"line":33,"column":20}},"33":{"start":{"line":34,"column":0},"end":{"line":34,"column":1}},"35":{"start":{"line":36,"column":0},"end":{"line":36,"column":80}},"36":{"start":{"line":37,"column":0},"end":{"line":37,"column":27}},"37":{"start":{"line":38,"column":0},"end":{"line":38,"column":34}},"38":{"start":{"line":39,"column":0},"end":{"line":39,"column":20}},"40":{"start":{"line":41,"column":0},"end":{"line":41,"column":44}},"41":{"start":{"line":42,"column":0},"end":{"line":42,"column":29}},"42":{"start":{"line":43,"column":0},"end":{"line":43,"column":28}},"43":{"start":{"line":44,"column":0},"end":{"line":44,"column":3}},"45":{"start":{"line":46,"column":0},"end":{"line":46,"column":5}},"46":{"start":{"line":47,"column":0},"end":{"line":47,"column":82}},"47":{"start":{"line":48,"column":0},"end":{"line":48,"column":37}},"48":{"start":{"line":49,"column":0},"end":{"line":49,"column":4}},"49":{"start":{"line":50,"column":0},"end":{"line":50,"column":32}},"50":{"start":{"line":51,"column":0},"end":{"line":51,"column":5}},"51":{"start":{"line":52,"column":0},"end":{"line":52,"column":16}},"52":{"start":{"line":53,"column":0},"end":{"line":53,"column":60}},"53":{"start":{"line":54,"column":0},"end":{"line":54,"column":54}},"54":{"start":{"line":55,"column":0},"end":{"line":55,"column":33}},"56":{"start":{"line":57,"column":0},"end":{"line":57,"column":9}},"57":{"start":{"line":58,"column":0},"end":{"line":58,"column":50}},"58":{"start":{"line":59,"column":0},"end":{"line":59,"column":60}},"60":{"start":{"line":61,"column":0},"end":{"line":61,"column":81}},"62":{"start":{"line":63,"column":0},"end":{"line":63,"column":28}},"63":{"start":{"line":64,"column":0},"end":{"line":64,"column":23}},"64":{"start":{"line":65,"column":0},"end":{"line":65,"column":52}},"65":{"start":{"line":66,"column":0},"end":{"line":66,"column":13}},"66":{"start":{"line":67,"column":0},"end":{"line":67,"column":43}},"67":{"start":{"line":68,"column":0},"end":{"line":68,"column":25}},"68":{"start":{"line":69,"column":0},"end":{"line":69,"column":43}},"69":{"start":{"line":70,"column":0},"end":{"line":70,"column":94}},"70":{"start":{"line":71,"column":0},"end":{"line":71,"column":11}},"71":{"start":{"line":72,"column":0},"end":{"line":72,"column":47}},"72":{"start":{"line":73,"column":0},"end":{"line":73,"column":9}},"73":{"start":{"line":74,"column":0},"end":{"line":74,"column":7}},"74":{"start":{"line":75,"column":0},"end":{"line":75,"column":19}},"75":{"start":{"line":76,"column":0},"end":{"line":76,"column":21}},"76":{"start":{"line":77,"column":0},"end":{"line":77,"column":24}},"77":{"start":{"line":78,"column":0},"end":{"line":78,"column":17}},"78":{"start":{"line":79,"column":0},"end":{"line":79,"column":5}},"79":{"start":{"line":80,"column":0},"end":{"line":80,"column":3}},"81":{"start":{"line":82,"column":0},"end":{"line":82,"column":5}},"82":{"start":{"line":83,"column":0},"end":{"line":83,"column":77}},"83":{"start":{"line":84,"column":0},"end":{"line":84,"column":64}},"84":{"start":{"line":85,"column":0},"end":{"line":85,"column":4}},"85":{"start":{"line":86,"column":0},"end":{"line":86,"column":28}},"86":{"start":{"line":87,"column":0},"end":{"line":87,"column":5}},"87":{"start":{"line":88,"column":0},"end":{"line":88,"column":24}},"88":{"start":{"line":89,"column":0},"end":{"line":89,"column":39}},"89":{"start":{"line":90,"column":0},"end":{"line":90,"column":65}},"90":{"start":{"line":91,"column":0},"end":{"line":91,"column":35}},"92":{"start":{"line":93,"column":0},"end":{"line":93,"column":31}},"93":{"start":{"line":94,"column":0},"end":{"line":94,"column":67}},"94":{"start":{"line":95,"column":0},"end":{"line":95,"column":12}},"95":{"start":{"line":96,"column":0},"end":{"line":96,"column":5}},"96":{"start":{"line":97,"column":0},"end":{"line":97,"column":18}},"97":{"start":{"line":98,"column":0},"end":{"line":98,"column":36}},"98":{"start":{"line":99,"column":0},"end":{"line":99,"column":54}},"99":{"start":{"line":100,"column":0},"end":{"line":100,"column":15}},"100":{"start":{"line":101,"column":0},"end":{"line":101,"column":15}},"101":{"start":{"line":102,"column":0},"end":{"line":102,"column":31}},"102":{"start":{"line":103,"column":0},"end":{"line":103,"column":12}},"103":{"start":{"line":104,"column":0},"end":{"line":104,"column":7}},"104":{"start":{"line":105,"column":0},"end":{"line":105,"column":79}},"105":{"start":{"line":106,"column":0},"end":{"line":106,"column":79}},"106":{"start":{"line":107,"column":0},"end":{"line":107,"column":52}},"109":{"start":{"line":110,"column":0},"end":{"line":110,"column":28}},"110":{"start":{"line":111,"column":0},"end":{"line":111,"column":5}},"111":{"start":{"line":112,"column":0},"end":{"line":112,"column":31}},"112":{"start":{"line":113,"column":0},"end":{"line":113,"column":3}},"114":{"start":{"line":115,"column":0},"end":{"line":115,"column":17}},"115":{"start":{"line":116,"column":0},"end":{"line":116,"column":39}},"116":{"start":{"line":117,"column":0},"end":{"line":117,"column":27}},"117":{"start":{"line":118,"column":0},"end":{"line":118,"column":29}},"118":{"start":{"line":119,"column":0},"end":{"line":119,"column":3}},"119":{"start":{"line":120,"column":0},"end":{"line":120,"column":1}}},"s":{"0":1,"1":1,"2":1,"4":1,"5":1,"7":1,"9":1,"10":1,"11":1,"12":1,"13":1,"14":1,"15":1,"16":1,"17":1,"18":32,"19":32,"20":32,"21":1486,"22":16,"23":16,"24":16,"25":32,"26":32,"28":1,"29":1,"30":15,"31":15,"32":13,"33":13,"35":1,"36":1,"37":32,"38":32,"40":32,"41":32,"42":32,"43":32,"45":32,"46":32,"47":32,"48":32,"49":32,"50":32,"51":32,"52":32,"53":32,"54":32,"56":32,"57":32,"58":32,"60":32,"62":32,"63":32,"64":32,"65":15,"66":15,"67":15,"68":2,"69":1,"70":1,"71":1,"72":1,"73":15,"74":31,"75":32,"76":1,"77":1,"78":1,"79":32,"81":32,"82":32,"83":32,"84":32,"85":32,"86":32,"87":32,"88":41,"89":41,"90":41,"92":41,"93":41,"94":41,"95":41,"96":41,"97":41,"98":41,"99":41,"100":41,"101":41,"102":41,"103":41,"104":41,"105":41,"106":41,"109":41,"110":41,"111":41,"112":41,"114":32,"115":32,"116":32,"117":32,"118":32,"119":32},"branchMap":{"0":{"type":"branch","line":18,"loc":{"start":{"line":18,"column":22},"end":{"line":27,"column":1}},"locations":[{"start":{"line":18,"column":22},"end":{"line":27,"column":1}}]},"1":{"type":"branch","line":21,"loc":{"start":{"line":21,"column":57},"end":{"line":25,"column":3}},"locations":[{"start":{"line":21,"column":57},"end":{"line":25,"column":3}}]},"2":{"type":"branch","line":22,"loc":{"start":{"line":22,"column":35},"end":{"line":22,"column":43}},"locations":[{"start":{"line":22,"column":35},"end":{"line":22,"column":43}}]},"3":{"type":"branch","line":22,"loc":{"start":{"line":22,"column":35},"end":{"line":25,"column":3}},"locations":[{"start":{"line":22,"column":35},"end":{"line":25,"column":3}}]},"4":{"type":"branch","line":30,"loc":{"start":{"line":30,"column":18},"end":{"line":34,"column":1}},"locations":[{"start":{"line":30,"column":18},"end":{"line":34,"column":1}}]},"5":{"type":"branch","line":32,"loc":{"start":{"line":32,"column":23},"end":{"line":32,"column":75}},"locations":[{"start":{"line":32,"column":23},"end":{"line":32,"column":75}}]},"6":{"type":"branch","line":32,"loc":{"start":{"line":32,"column":74},"end":{"line":34,"column":1}},"locations":[{"start":{"line":32,"column":74},"end":{"line":34,"column":1}}]},"7":{"type":"branch","line":37,"loc":{"start":{"line":37,"column":26},"end":{"line":120,"column":1}},"locations":[{"start":{"line":37,"column":26},"end":{"line":120,"column":1}}]},"8":{"type":"branch","line":42,"loc":{"start":{"line":42,"column":2},"end":{"line":44,"column":3}},"locations":[{"start":{"line":42,"column":2},"end":{"line":44,"column":3}}]},"9":{"type":"branch","line":52,"loc":{"start":{"line":52,"column":2},"end":{"line":80,"column":3}},"locations":[{"start":{"line":52,"column":2},"end":{"line":80,"column":3}}]},"10":{"type":"branch","line":61,"loc":{"start":{"line":61,"column":41},"end":{"line":61,"column":81}},"locations":[{"start":{"line":61,"column":41},"end":{"line":61,"column":81}}]},"11":{"type":"branch","line":65,"loc":{"start":{"line":65,"column":51},"end":{"line":74,"column":7}},"locations":[{"start":{"line":65,"column":51},"end":{"line":74,"column":7}}]},"12":{"type":"branch","line":68,"loc":{"start":{"line":68,"column":10},"end":{"line":73,"column":9}},"locations":[{"start":{"line":68,"column":10},"end":{"line":73,"column":9}}]},"13":{"type":"branch","line":69,"loc":{"start":{"line":69,"column":42},"end":{"line":73,"column":9}},"locations":[{"start":{"line":69,"column":42},"end":{"line":73,"column":9}}]},"14":{"type":"branch","line":74,"loc":{"start":{"line":74,"column":6},"end":{"line":76,"column":6}},"locations":[{"start":{"line":74,"column":6},"end":{"line":76,"column":6}}]},"15":{"type":"branch","line":76,"loc":{"start":{"line":76,"column":6},"end":{"line":79,"column":5}},"locations":[{"start":{"line":76,"column":6},"end":{"line":79,"column":5}}]},"16":{"type":"branch","line":88,"loc":{"start":{"line":88,"column":2},"end":{"line":113,"column":3}},"locations":[{"start":{"line":88,"column":2},"end":{"line":113,"column":3}}]},"17":{"type":"branch","line":90,"loc":{"start":{"line":90,"column":21},"end":{"line":90,"column":65}},"locations":[{"start":{"line":90,"column":21},"end":{"line":90,"column":65}}]},"18":{"type":"branch","line":91,"loc":{"start":{"line":91,"column":29},"end":{"line":91,"column":35}},"locations":[{"start":{"line":91,"column":29},"end":{"line":91,"column":35}}]},"19":{"type":"branch","line":109,"loc":{"start":{"line":109,"column":30},"end":{"line":109,"column":85}},"locations":[{"start":{"line":109,"column":30},"end":{"line":109,"column":85}}]},"20":{"type":"branch","line":94,"loc":{"start":{"line":94,"column":17},"end":{"line":94,"column":56}},"locations":[{"start":{"line":94,"column":17},"end":{"line":94,"column":56}}]},"21":{"type":"branch","line":115,"loc":{"start":{"line":115,"column":2},"end":{"line":119,"column":3}},"locations":[{"start":{"line":115,"column":2},"end":{"line":119,"column":3}}]}},"b":{"0":[32],"1":[1486],"2":[1470],"3":[16],"4":[15],"5":[1],"6":[13],"7":[32],"8":[32],"9":[32],"10":[1],"11":[15],"12":[2],"13":[1],"14":[31],"15":[1],"16":[41],"17":[0],"18":[0],"19":[1],"20":[72],"21":[32]},"fnMap":{"0":{"name":"completeLines","decl":{"start":{"line":18,"column":22},"end":{"line":27,"column":1}},"loc":{"start":{"line":18,"column":22},"end":{"line":27,"column":1}},"line":18},"1":{"name":"parseLine","decl":{"start":{"line":30,"column":18},"end":{"line":34,"column":1}},"loc":{"start":{"line":30,"column":18},"end":{"line":34,"column":1}},"line":30},"2":{"name":"<instance_members_initializer>","decl":{"start":{"line":37,"column":26},"end":{"line":120,"column":1}},"loc":{"start":{"line":37,"column":26},"end":{"line":120,"column":1}},"line":37},"3":{"name":"DatomJournal","decl":{"start":{"line":42,"column":2},"end":{"line":44,"column":3}},"loc":{"start":{"line":42,"column":2},"end":{"line":44,"column":3}},"line":42},"4":{"name":"open","decl":{"start":{"line":52,"column":2},"end":{"line":80,"column":3}},"loc":{"start":{"line":52,"column":2},"end":{"line":80,"column":3}},"line":52},"5":{"name":"append","decl":{"start":{"line":88,"column":2},"end":{"line":113,"column":3}},"loc":{"start":{"line":88,"column":2},"end":{"line":113,"column":3}},"line":88},"6":{"name":"close","decl":{"start":{"line":115,"column":2},"end":{"line":119,"column":3}},"loc":{"start":{"line":115,"column":2},"end":{"line":119,"column":3}},"line":115}},"f":{"0":32,"1":15,"2":32,"3":32,"4":32,"5":41,"6":32}}
,"/Users/grop/ws/web-interview/backend/src/todos/datomService.js": {"path":"/Users/grop/ws/web-interview/backend/src/todos/datomService.js","all":false,"statementMap":{"0":{"start":{"line":1,"column":0},"end":{"line":1,"column":40}},"1":{"start":{"line":2,"column":0},"end":{"line":2,"column":56}},"2":{"start":{"line":3,"column":0},"end":{"line":3,"column":61}},"3":{"start":{"line":4,"column":0},"end":{"line":4,"column":60}},"4":{"start":{"line":5,"column":0},"end":{"line":5,"column":48}},"6":{"start":{"line":7,"column":0},"end":{"line":7,"column":66}},"8":{"start":{"line":9,"column":0},"end":{"line":9,"column":52}},"9":{"start":{"line":10,"column":0},"end":{"line":10,"column":53}},"10":{"start":{"line":11,"column":0},"end":{"line":11,"column":1}},"12":{"start":{"line":13,"column":0},"end":{"line":13,"column":3}},"13":{"start":{"line":14,"column":0},"end":{"line":14,"column":77}},"14":{"start":{"line":15,"column":0},"end":{"line":15,"column":70}},"15":{"start":{"line":16,"column":0},"end":{"line":16,"column":2}},"16":{"start":{"line":17,"column":0},"end":{"line":17,"column":28}},"17":{"start":{"line":18,"column":0},"end":{"line":18,"column":37}},"18":{"start":{"line":19,"column":0},"end":{"line":19,"column":61}},"19":{"start":{"line":20,"column":0},"end":{"line":20,"column":38}},"20":{"start":{"line":21,"column":0},"end":{"line":21,"column":42}},"21":{"start":{"line":22,"column":0},"end":{"line":22,"column":3}},"22":{"start":{"line":23,"column":0},"end":{"line":23,"column":42}},"23":{"start":{"line":24,"column":0},"end":{"line":24,"column":36}},"24":{"start":{"line":25,"column":0},"end":{"line":25,"column":31}},"25":{"start":{"line":26,"column":0},"end":{"line":26,"column":25}},"26":{"start":{"line":27,"column":0},"end":{"line":27,"column":43}},"27":{"start":{"line":28,"column":0},"end":{"line":28,"column":12}},"28":{"start":{"line":29,"column":0},"end":{"line":29,"column":32}},"30":{"start":{"line":31,"column":0},"end":{"line":31,"column":39}},"31":{"start":{"line":32,"column":0},"end":{"line":32,"column":50}},"33":{"start":{"line":34,"column":0},"end":{"line":34,"column":49}},"34":{"start":{"line":35,"column":0},"end":{"line":35,"column":42}},"35":{"start":{"line":36,"column":0},"end":{"line":36,"column":33}},"36":{"start":{"line":37,"column":0},"end":{"line":37,"column":49}},"37":{"start":{"line":38,"column":0},"end":{"line":38,"column":76}},"38":{"start":{"line":39,"column":0},"end":{"line":39,"column":5}},"39":{"start":{"line":40,"column":0},"end":{"line":40,"column":32}},"40":{"start":{"line":41,"column":0},"end":{"line":41,"column":50}},"41":{"start":{"line":42,"column":0},"end":{"line":42,"column":28}},"42":{"start":{"line":43,"column":0},"end":{"line":43,"column":3}},"44":{"start":{"line":45,"column":0},"end":{"line":45,"column":5}},"45":{"start":{"line":46,"column":0},"end":{"line":46,"column":81}},"46":{"start":{"line":47,"column":0},"end":{"line":47,"column":82}},"47":{"start":{"line":48,"column":0},"end":{"line":48,"column":81}},"48":{"start":{"line":49,"column":0},"end":{"line":49,"column":27}},"49":{"start":{"line":50,"column":0},"end":{"line":50,"column":4}},"50":{"start":{"line":51,"column":0},"end":{"line":51,"column":26}},"51":{"start":{"line":52,"column":0},"end":{"line":52,"column":5}},"52":{"start":{"line":53,"column":0},"end":{"line":53,"column":38}},"54":{"start":{"line":55,"column":0},"end":{"line":55,"column":10}},"55":{"start":{"line":56,"column":0},"end":{"line":56,"column":10}},"56":{"start":{"line":57,"column":0},"end":{"line":57,"column":8}},"57":{"start":{"line":58,"column":0},"end":{"line":58,"column":17}},"58":{"start":{"line":59,"column":0},"end":{"line":59,"column":18}},"59":{"start":{"line":60,"column":0},"end":{"line":60,"column":6}},"60":{"start":{"line":61,"column":0},"end":{"line":61,"column":7}},"61":{"start":{"line":62,"column":0},"end":{"line":62,"column":80}},"62":{"start":{"line":63,"column":0},"end":{"line":63,"column":61}},"63":{"start":{"line":64,"column":0},"end":{"line":64,"column":6}},"64":{"start":{"line":65,"column":0},"end":{"line":65,"column":30}},"65":{"start":{"line":66,"column":0},"end":{"line":66,"column":34}},"66":{"start":{"line":67,"column":0},"end":{"line":67,"column":7}},"67":{"start":{"line":68,"column":0},"end":{"line":68,"column":26}},"68":{"start":{"line":69,"column":0},"end":{"line":69,"column":34}},"69":{"start":{"line":70,"column":0},"end":{"line":70,"column":74}},"70":{"start":{"line":71,"column":0},"end":{"line":71,"column":38}},"71":{"start":{"line":72,"column":0},"end":{"line":72,"column":57}},"72":{"start":{"line":73,"column":0},"end":{"line":73,"column":6}},"73":{"start":{"line":74,"column":0},"end":{"line":74,"column":33}},"74":{"start":{"line":75,"column":0},"end":{"line":75,"column":3}},"75":{"start":{"line":76,"column":0},"end":{"line":76,"column":1}}},"s":{"0":1,"1":1,"2":1,"3":1,"4":1,"6":1,"8":1,"9":1,"10":1,"12":1,"13":1,"14":1,"15":1,"16":1,"17":1,"18":1,"19":1,"20":1,"21":1,"22":1,"23":31,"24":31,"25":31,"26":31,"27":31,"28":31,"30":31,"31":31,"33":31,"34":24,"35":24,"36":52,"37":52,"38":52,"39":24,"40":24,"41":24,"42":24,"44":30,"45":30,"46":30,"47":30,"48":30,"49":30,"50":30,"51":30,"52":31,"54":31,"55":31,"56":31,"57":31,"58":22,"59":31,"60":31,"61":31,"62":31,"63":31,"64":31,"65":31,"66":31,"67":31,"68":17,"69":17,"70":17,"71":17,"72":31,"73":31,"74":31,"75":31},"branchMap":{"0":{"type":"branch","line":23,"loc":{"start":{"line":23,"column":34},"end":{"line":76,"column":1}},"locations":[{"start":{"line":23,"column":34},"end":{"line":76,"column":1}}]},"1":{"type":"branch","line":31,"loc":{"start":{"line":31,"column":38},"end":{"line":32,"column":32}},"locations":[{"start":{"line":31,"column":38},"end":{"line":32,"column":32}}]},"2":{"type":"branch","line":32,"loc":{"start":{"line":32,"column":32},"end":{"line":32,"column":50}},"locations":[{"start":{"line":32,"column":32},"end":{"line":32,"column":50}}]},"3":{"type":"branch","line":32,"loc":{"start":{"line":32,"column":49},"end":{"line":34,"column":28}},"locations":[{"start":{"line":32,"column":49},"end":{"line":34,"column":28}}]},"4":{"type":"branch","line":34,"loc":{"start":{"line":34,"column":28},"end":{"line":34,"column":46}},"locations":[{"start":{"line":34,"column":28},"end":{"line":34,"column":46}}]},"5":{"type":"branch","line":34,"loc":{"start":{"line":34,"column":48},"end":{"line":43,"column":3}},"locations":[{"start":{"line":34,"column":48},"end":{"line":43,"column":3}}]},"6":{"type":"branch","line":36,"loc":{"start":{"line":36,"column":32},"end":{"line":39,"column":5}},"locations":[{"start":{"line":36,"column":32},"end":{"line":39,"column":5}}]},"7":{"type":"branch","line":38,"loc":{"start":{"line":38,"column":27},"end":{"line":38,"column":76}},"locations":[{"start":{"line":38,"column":27},"end":{"line":38,"column":76}}]},"8":{"type":"branch","line":41,"loc":{"start":{"line":41,"column":32},"end":{"line":41,"column":50}},"locations":[{"start":{"line":41,"column":32},"end":{"line":41,"column":50}}]},"9":{"type":"branch","line":43,"loc":{"start":{"line":43,"column":2},"end":{"line":53,"column":25}},"locations":[{"start":{"line":43,"column":2},"end":{"line":53,"column":25}}]},"10":{"type":"branch","line":53,"loc":{"start":{"line":53,"column":25},"end":{"line":53,"column":30}},"locations":[{"start":{"line":53,"column":25},"end":{"line":53,"column":30}}]},"11":{"type":"branch","line":53,"loc":{"start":{"line":53,"column":31},"end":{"line":53,"column":38}},"locations":[{"start":{"line":53,"column":31},"end":{"line":53,"column":38}}]},"12":{"type":"branch","line":26,"loc":{"start":{"line":26,"column":8},"end":{"line":26,"column":24}},"locations":[{"start":{"line":26,"column":8},"end":{"line":26,"column":24}}]},"13":{"type":"branch","line":58,"loc":{"start":{"line":58,"column":4},"end":{"line":60,"column":5}},"locations":[{"start":{"line":58,"column":4},"end":{"line":60,"column":5}}]},"14":{"type":"branch","line":68,"loc":{"start":{"line":68,"column":4},"end":{"line":73,"column":5}},"locations":[{"start":{"line":68,"column":4},"end":{"line":73,"column":5}}]},"15":{"type":"branch","line":71,"loc":{"start":{"line":71,"column":25},"end":{"line":71,"column":30}},"locations":[{"start":{"line":71,"column":25},"end":{"line":71,"column":30}}]},"16":{"type":"branch","line":71,"loc":{"start":{"line":71,"column":31},"end":{"line":71,"column":38}},"locations":[{"start":{"line":71,"column":31},"end":{"line":71,"column":38}}]},"17":{"type":"branch","line":72,"loc":{"start":{"line":72,"column":27},"end":{"line":72,"column":56}},"locations":[{"start":{"line":72,"column":27},"end":{"line":72,"column":56}}]},"18":{"type":"branch","line":74,"loc":{"start":{"line":74,"column":11},"end":{"line":74,"column":32}},"locations":[{"start":{"line":74,"column":11},"end":{"line":74,"column":32}}]}},"b":{"0":[31],"1":[30],"2":[13],"3":[30],"4":[26],"5":[24],"6":[52],"7":[0],"8":[52],"9":[30],"10":[28],"11":[2],"12":[1],"13":[22],"14":[17],"15":[1],"16":[0],"17":[20],"18":[30]},"fnMap":{"0":{"name":"createDatomService","decl":{"start":{"line":23,"column":34},"end":{"line":76,"column":1}},"loc":{"start":{"line":23,"column":34},"end":{"line":76,"column":1}},"line":23},"1":{"name":"now","decl":{"start":{"line":26,"column":8},"end":{"line":26,"column":24}},"loc":{"start":{"line":26,"column":8},"end":{"line":26,"column":24}},"line":26},"2":{"name":"get epoch","decl":{"start":{"line":58,"column":4},"end":{"line":60,"column":5}},"loc":{"start":{"line":58,"column":4},"end":{"line":60,"column":5}},"line":58},"3":{"name":"record","decl":{"start":{"line":68,"column":4},"end":{"line":73,"column":5}},"loc":{"start":{"line":68,"column":4},"end":{"line":73,"column":5}},"line":68},"4":{"name":"close","decl":{"start":{"line":74,"column":11},"end":{"line":74,"column":32}},"loc":{"start":{"line":74,"column":11},"end":{"line":74,"column":32}},"line":74}},"f":{"0":31,"1":1,"2":22,"3":17,"4":30}}
,"/Users/grop/ws/web-interview/frontend/src/testing/fakeDatomServer.js": {"path":"/Users/grop/ws/web-interview/frontend/src/testing/fakeDatomServer.js","all":false,"statementMap":{"0":{"start":{"line":1,"column":0},"end":{"line":1,"column":86}},"1":{"start":{"line":2,"column":0},"end":{"line":2,"column":102}},"2":{"start":{"line":4,"column":0},"end":{"line":4,"column":66}},"3":{"start":{"line":6,"column":0},"end":{"line":6,"column":3}},"4":{"start":{"line":7,"column":0},"end":{"line":7,"column":81}},"5":{"start":{"line":8,"column":0},"end":{"line":8,"column":79}},"6":{"start":{"line":9,"column":0},"end":{"line":9,"column":62}},"7":{"start":{"line":10,"column":0},"end":{"line":10,"column":2}},"8":{"start":{"line":11,"column":0},"end":{"line":11,"column":42}},"9":{"start":{"line":12,"column":0},"end":{"line":12,"column":3}},"10":{"start":{"line":13,"column":0},"end":{"line":13,"column":82}},"11":{"start":{"line":14,"column":0},"end":{"line":14,"column":32}},"12":{"start":{"line":15,"column":0},"end":{"line":15,"column":37}},"13":{"start":{"line":16,"column":0},"end":{"line":16,"column":31}},"14":{"start":{"line":17,"column":0},"end":{"line":17,"column":28}},"15":{"start":{"line":18,"column":0},"end":{"line":18,"column":22}},"16":{"start":{"line":19,"column":0},"end":{"line":19,"column":81}},"17":{"start":{"line":20,"column":0},"end":{"line":20,"column":30}},"18":{"start":{"line":21,"column":0},"end":{"line":21,"column":18}},"19":{"start":{"line":23,"column":0},"end":{"line":23,"column":32}},"20":{"start":{"line":24,"column":0},"end":{"line":24,"column":33}},"21":{"start":{"line":25,"column":0},"end":{"line":25,"column":43}},"22":{"start":{"line":26,"column":0},"end":{"line":26,"column":61}},"23":{"start":{"line":27,"column":0},"end":{"line":27,"column":5}},"24":{"start":{"line":28,"column":0},"end":{"line":28,"column":3}},"25":{"start":{"line":30,"column":0},"end":{"line":30,"column":25}},"26":{"start":{"line":31,"column":0},"end":{"line":31,"column":25}},"27":{"start":{"line":32,"column":0},"end":{"line":32,"column":19}},"28":{"start":{"line":33,"column":0},"end":{"line":33,"column":21}},"29":{"start":{"line":35,"column":0},"end":{"line":35,"column":52}},"30":{"start":{"line":36,"column":0},"end":{"line":36,"column":17}},"31":{"start":{"line":37,"column":0},"end":{"line":37,"column":52}},"32":{"start":{"line":38,"column":0},"end":{"line":38,"column":20}},"33":{"start":{"line":39,"column":0},"end":{"line":39,"column":52}},"34":{"start":{"line":40,"column":0},"end":{"line":40,"column":18}},"35":{"start":{"line":42,"column":0},"end":{"line":42,"column":63}},"36":{"start":{"line":43,"column":0},"end":{"line":43,"column":22}},"37":{"start":{"line":45,"column":0},"end":{"line":45,"column":30}},"38":{"start":{"line":46,"column":0},"end":{"line":46,"column":22}},"39":{"start":{"line":47,"column":0},"end":{"line":47,"column":20}},"40":{"start":{"line":48,"column":0},"end":{"line":48,"column":50}},"41":{"start":{"line":49,"column":0},"end":{"line":49,"column":43}},"42":{"start":{"line":50,"column":0},"end":{"line":50,"column":5}},"43":{"start":{"line":52,"column":0},"end":{"line":52,"column":74}},"44":{"start":{"line":53,"column":0},"end":{"line":53,"column":38}},"45":{"start":{"line":54,"column":0},"end":{"line":54,"column":73}},"46":{"start":{"line":55,"column":0},"end":{"line":55,"column":5}},"47":{"start":{"line":57,"column":0},"end":{"line":57,"column":16}},"48":{"start":{"line":58,"column":0},"end":{"line":58,"column":60}},"49":{"start":{"line":59,"column":0},"end":{"line":59,"column":23}},"50":{"start":{"line":60,"column":0},"end":{"line":60,"column":41}},"51":{"start":{"line":61,"column":0},"end":{"line":61,"column":14}},"52":{"start":{"line":62,"column":0},"end":{"line":62,"column":7}},"53":{"start":{"line":63,"column":0},"end":{"line":63,"column":44}},"54":{"start":{"line":64,"column":0},"end":{"line":64,"column":37}},"55":{"start":{"line":65,"column":0},"end":{"line":65,"column":22}},"56":{"start":{"line":66,"column":0},"end":{"line":66,"column":78}},"57":{"start":{"line":67,"column":0},"end":{"line":67,"column":86}},"58":{"start":{"line":68,"column":0},"end":{"line":68,"column":22}},"59":{"start":{"line":69,"column":0},"end":{"line":69,"column":27}},"60":{"start":{"line":70,"column":0},"end":{"line":70,"column":5}},"61":{"start":{"line":72,"column":0},"end":{"line":72,"column":31}},"62":{"start":{"line":73,"column":0},"end":{"line":73,"column":22}},"63":{"start":{"line":74,"column":0},"end":{"line":74,"column":78}},"64":{"start":{"line":75,"column":0},"end":{"line":75,"column":5}},"65":{"start":{"line":77,"column":0},"end":{"line":77,"column":17}},"66":{"start":{"line":78,"column":0},"end":{"line":78,"column":66}},"67":{"start":{"line":79,"column":0},"end":{"line":79,"column":58}},"68":{"start":{"line":80,"column":0},"end":{"line":80,"column":7}},"69":{"start":{"line":81,"column":0},"end":{"line":81,"column":5}},"70":{"start":{"line":83,"column":0},"end":{"line":83,"column":17}},"71":{"start":{"line":84,"column":0},"end":{"line":84,"column":66}},"72":{"start":{"line":85,"column":0},"end":{"line":85,"column":53}},"73":{"start":{"line":86,"column":0},"end":{"line":86,"column":7}},"74":{"start":{"line":87,"column":0},"end":{"line":87,"column":5}},"75":{"start":{"line":89,"column":0},"end":{"line":89,"column":12}},"76":{"start":{"line":90,"column":0},"end":{"line":90,"column":50}},"77":{"start":{"line":91,"column":0},"end":{"line":91,"column":30}},"78":{"start":{"line":92,"column":0},"end":{"line":92,"column":39}},"79":{"start":{"line":93,"column":0},"end":{"line":93,"column":78}},"80":{"start":{"line":94,"column":0},"end":{"line":94,"column":75}},"81":{"start":{"line":95,"column":0},"end":{"line":95,"column":43}},"82":{"start":{"line":96,"column":0},"end":{"line":96,"column":5}},"83":{"start":{"line":98,"column":0},"end":{"line":98,"column":13}},"84":{"start":{"line":99,"column":0},"end":{"line":99,"column":46}},"85":{"start":{"line":100,"column":0},"end":{"line":100,"column":30}},"86":{"start":{"line":101,"column":0},"end":{"line":101,"column":5}},"87":{"start":{"line":102,"column":0},"end":{"line":102,"column":3}},"88":{"start":{"line":104,"column":0},"end":{"line":104,"column":29}},"89":{"start":{"line":105,"column":0},"end":{"line":105,"column":43}},"90":{"start":{"line":106,"column":0},"end":{"line":106,"column":58}},"91":{"start":{"line":107,"column":0},"end":{"line":107,"column":53}},"92":{"start":{"line":108,"column":0},"end":{"line":108,"column":80}},"93":{"start":{"line":109,"column":0},"end":{"line":109,"column":61}},"94":{"start":{"line":110,"column":0},"end":{"line":110,"column":15}},"95":{"start":{"line":111,"column":0},"end":{"line":111,"column":18}},"96":{"start":{"line":112,"column":0},"end":{"line":112,"column":41}},"97":{"start":{"line":113,"column":0},"end":{"line":113,"column":7}},"98":{"start":{"line":114,"column":0},"end":{"line":114,"column":3}},"99":{"start":{"line":116,"column":0},"end":{"line":116,"column":10}},"100":{"start":{"line":117,"column":0},"end":{"line":117,"column":10}},"101":{"start":{"line":118,"column":0},"end":{"line":118,"column":20}},"102":{"start":{"line":119,"column":0},"end":{"line":119,"column":14}},"103":{"start":{"line":120,"column":0},"end":{"line":120,"column":16}},"104":{"start":{"line":121,"column":0},"end":{"line":121,"column":34}},"105":{"start":{"line":122,"column":0},"end":{"line":122,"column":23}},"106":{"start":{"line":123,"column":0},"end":{"line":123,"column":38}},"107":{"start":{"line":124,"column":0},"end":{"line":124,"column":52}},"108":{"start":{"line":125,"column":0},"end":{"line":125,"column":6}},"109":{"start":{"line":127,"column":0},"end":{"line":127,"column":7}},"110":{"start":{"line":128,"column":0},"end":{"line":128,"column":77}},"111":{"start":{"line":129,"column":0},"end":{"line":129,"column":6}},"112":{"start":{"line":130,"column":0},"end":{"line":130,"column":30}},"113":{"start":{"line":131,"column":0},"end":{"line":131,"column":7}},"114":{"start":{"line":132,"column":0},"end":{"line":132,"column":29}},"115":{"start":{"line":133,"column":0},"end":{"line":133,"column":19}},"116":{"start":{"line":134,"column":0},"end":{"line":134,"column":36}},"117":{"start":{"line":135,"column":0},"end":{"line":135,"column":52}},"118":{"start":{"line":136,"column":0},"end":{"line":136,"column":66}},"119":{"start":{"line":137,"column":0},"end":{"line":137,"column":6}},"120":{"start":{"line":138,"column":0},"end":{"line":138,"column":66}},"121":{"start":{"line":139,"column":0},"end":{"line":139,"column":23}},"122":{"start":{"line":140,"column":0},"end":{"line":140,"column":61}},"123":{"start":{"line":141,"column":0},"end":{"line":141,"column":6}},"124":{"start":{"line":142,"column":0},"end":{"line":142,"column":33}},"125":{"start":{"line":143,"column":0},"end":{"line":143,"column":29}},"126":{"start":{"line":144,"column":0},"end":{"line":144,"column":40}},"127":{"start":{"line":145,"column":0},"end":{"line":145,"column":23}},"128":{"start":{"line":146,"column":0},"end":{"line":146,"column":23}},"129":{"start":{"line":147,"column":0},"end":{"line":147,"column":66}},"130":{"start":{"line":148,"column":0},"end":{"line":148,"column":6}},"131":{"start":{"line":149,"column":0},"end":{"line":149,"column":22}},"132":{"start":{"line":150,"column":0},"end":{"line":150,"column":22}},"133":{"start":{"line":151,"column":0},"end":{"line":151,"column":6}},"134":{"start":{"line":152,"column":0},"end":{"line":152,"column":3}},"135":{"start":{"line":153,"column":0},"end":{"line":153,"column":1}},"136":{"start":{"line":1,"column":0},"end":{"line":1,"column":61}},"137":{"start":{"line":2,"column":0},"end":{"line":2,"column":72}}},"s":{"0":1,"1":1,"2":2,"3":2,"4":2,"5":2,"6":2,"7":2,"8":2,"9":2,"10":2,"11":16,"12":16,"13":16,"14":16,"15":16,"16":16,"17":16,"18":16,"19":16,"20":16,"21":14,"22":14,"23":14,"24":14,"25":16,"26":16,"27":16,"28":16,"29":16,"30":16,"31":17,"32":17,"33":17,"34":17,"35":17,"36":17,"37":16,"38":16,"39":18,"40":18,"41":18,"42":18,"43":16,"44":16,"45":32,"46":32,"47":16,"48":21,"49":21,"50":3,"51":3,"52":3,"53":18,"54":19,"55":21,"56":21,"57":21,"58":18,"59":18,"60":21,"61":16,"62":16,"63":73,"64":73,"65":16,"66":18,"67":16,"68":16,"69":18,"70":16,"71":18,"72":16,"73":16,"74":18,"75":16,"76":3,"77":3,"78":3,"79":3,"80":3,"81":3,"82":3,"83":16,"84":14,"85":14,"86":14,"87":16,"88":16,"89":16,"90":12,"91":12,"92":12,"93":12,"94":12,"95":12,"96":12,"97":12,"98":12,"99":16,"100":16,"101":16,"102":16,"103":16,"104":16,"105":16,"106":15,"107":15,"108":16,"109":16,"110
[...]
,"/Users/grop/ws/web-interview/shared/src/todoProtocol.js": {"path":"/Users/grop/ws/web-interview/shared/src/todoProtocol.js","all":false,"statementMap":{"0":{"start":{"line":1,"column":0},"end":{"line":1,"column":40}},"1":{"start":{"line":2,"column":0},"end":{"line":2,"column":45}},"2":{"start":{"line":4,"column":0},"end":{"line":4,"column":3}},"3":{"start":{"line":5,"column":0},"end":{"line":5,"column":80}},"4":{"start":{"line":6,"column":0},"end":{"line":6,"column":65}},"5":{"start":{"line":7,"column":0},"end":{"line":7,"column":3}},"6":{"start":{"line":8,"column":0},"end":{"line":8,"column":43}},"7":{"start":{"line":10,"column":0},"end":{"line":10,"column":75}},"8":{"start":{"line":11,"column":0},"end":{"line":11,"column":33}},"9":{"start":{"line":13,"column":0},"end":{"line":13,"column":3}},"10":{"start":{"line":14,"column":0},"end":{"line":14,"column":77}},"11":{"start":{"line":15,"column":0},"end":{"line":15,"column":71}},"12":{"start":{"line":16,"column":0},"end":{"line":16,"column":3}},"13":{"start":{"line":17,"column":0},"end":{"line":17,"column":44}},"14":{"start":{"line":19,"column":0},"end":{"line":19,"column":69}},"15":{"start":{"line":20,"column":0},"end":{"line":20,"column":43}},"16":{"start":{"line":22,"column":0},"end":{"line":22,"column":45}},"17":{"start":{"line":23,"column":0},"end":{"line":23,"column":22}},"18":{"start":{"line":24,"column":0},"end":{"line":24,"column":31}},"19":{"start":{"line":25,"column":0},"end":{"line":25,"column":2}},"20":{"start":{"line":27,"column":0},"end":{"line":27,"column":34}},"21":{"start":{"line":29,"column":0},"end":{"line":29,"column":3}},"22":{"start":{"line":30,"column":0},"end":{"line":30,"column":81}},"23":{"start":{"line":31,"column":0},"end":{"line":31,"column":82}},"24":{"start":{"line":32,"column":0},"end":{"line":32,"column":81}},"25":{"start":{"line":33,"column":0},"end":{"line":33,"column":3}},"26":{"start":{"line":34,"column":0},"end":{"line":34,"column":34}},"27":{"start":{"line":36,"column":0},"end":{"line":36,"column":41}},"28":{"start":{"line":37,"column":0},"end":{"line":37,"column":29}},"29":{"start":{"line":38,"column":0},"end":{"line":38,"column":33}},"30":{"start":{"line":39,"column":0},"end":{"line":39,"column":35}},"31":{"start":{"line":40,"column":0},"end":{"line":40,"column":27}},"32":{"start":{"line":41,"column":0},"end":{"line":41,"column":33}},"33":{"start":{"line":42,"column":0},"end":{"line":42,"column":2}},"34":{"start":{"line":44,"column":0},"end":{"line":44,"column":41}},"35":{"start":{"line":45,"column":0},"end":{"line":45,"column":27}},"36":{"start":{"line":46,"column":0},"end":{"line":46,"column":15}},"37":{"start":{"line":47,"column":0},"end":{"line":47,"column":31}},"38":{"start":{"line":48,"column":0},"end":{"line":48,"column":19}},"39":{"start":{"line":49,"column":0},"end":{"line":49,"column":2}}},"s":{"0":3,"1":3,"2":3,"3":3,"4":3,"5":3,"6":3,"7":3,"8":3,"9":3,"10":3,"11":3,"12":3,"13":3,"14":3,"15":3,"16":3,"17":3,"18":3,"19":3,"20":3,"21":3,"22":3,"23":3,"24":3,"25":3,"26":3,"27":3,"28":3,"29":3,"30":3,"31":3,"32":3,"33":3,"34":3,"35":3,"36":3,"37":3,"38":3,"39":3},"branchMap":{},"b":{},"fnMap":{},"f":{}}
,"/Users/grop/ws/web-interview/shared/src/ulid.js": {"path":"/Users/grop/ws/web-interview/shared/src/ulid.js","all":false,"statementMap":{"0":{"start":{"line":1,"column":0},"end":{"line":1,"column":3}},"1":{"start":{"line":2,"column":0},"end":{"line":2,"column":82}},"2":{"start":{"line":3,"column":0},"end":{"line":3,"column":75}},"3":{"start":{"line":4,"column":0},"end":{"line":4,"column":80}},"4":{"start":{"line":5,"column":0},"end":{"line":5,"column":23}},"5":{"start":{"line":6,"column":0},"end":{"line":6,"column":2}},"6":{"start":{"line":7,"column":0},"end":{"line":7,"column":81}},"7":{"start":{"line":8,"column":0},"end":{"line":8,"column":72}},"8":{"start":{"line":9,"column":0},"end":{"line":9,"column":16}},"9":{"start":{"line":10,"column":0},"end":{"line":10,"column":3}},"10":{"start":{"line":12,"column":0},"end":{"line":12,"column":51}},"11":{"start":{"line":13,"column":0},"end":{"line":13,"column":39}},"12":{"start":{"line":14,"column":0},"end":{"line":14,"column":22}},"13":{"start":{"line":15,"column":0},"end":{"line":15,"column":24}},"14":{"start":{"line":16,"column":0},"end":{"line":16,"column":28}},"15":{"start":{"line":18,"column":0},"end":{"line":18,"column":91}},"16":{"start":{"line":19,"column":0},"end":{"line":19,"column":44}},"17":{"start":{"line":21,"column":0},"end":{"line":21,"column":58}},"18":{"start":{"line":22,"column":0},"end":{"line":22,"column":67}},"19":{"start":{"line":23,"column":0},"end":{"line":23,"column":78}},"20":{"start":{"line":25,"column":0},"end":{"line":25,"column":35}},"21":{"start":{"line":26,"column":0},"end":{"line":26,"column":38}},"22":{"start":{"line":27,"column":0},"end":{"line":27,"column":30}},"23":{"start":{"line":28,"column":0},"end":{"line":28,"column":18}},"24":{"start":{"line":29,"column":0},"end":{"line":29,"column":65}},"25":{"start":{"line":30,"column":0},"end":{"line":30,"column":45}},"26":{"start":{"line":31,"column":0},"end":{"line":31,"column":39}},"27":{"start":{"line":32,"column":0},"end":{"line":32,"column":53}},"28":{"start":{"line":33,"column":0},"end":{"line":33,"column":3}},"29":{"start":{"line":34,"column":0},"end":{"line":34,"column":16}},"30":{"start":{"line":35,"column":0},"end":{"line":35,"column":1}},"31":{"start":{"line":37,"column":0},"end":{"line":37,"column":28}},"32":{"start":{"line":38,"column":0},"end":{"line":38,"column":45}},"33":{"start":{"line":39,"column":0},"end":{"line":39,"column":42}},"34":{"start":{"line":40,"column":0},"end":{"line":40,"column":18}},"35":{"start":{"line":41,"column":0},"end":{"line":41,"column":56}},"36":{"start":{"line":42,"column":0},"end":{"line":42,"column":71}},"37":{"start":{"line":43,"column":0},"end":{"line":43,"column":16}},"38":{"start":{"line":44,"column":0},"end":{"line":44,"column":1}},"39":{"start":{"line":46,"column":0},"end":{"line":46,"column":30}},"40":{"start":{"line":47,"column":0},"end":{"line":47,"column":38}},"41":{"start":{"line":48,"column":0},"end":{"line":48,"column":73}},"42":{"start":{"line":49,"column":0},"end":{"line":49,"column":53}},"43":{"start":{"line":50,"column":0},"end":{"line":50,"column":40}},"44":{"start":{"line":51,"column":0},"end":{"line":51,"column":91}},"45":{"start":{"line":52,"column":0},"end":{"line":52,"column":14}},"46":{"start":{"line":53,"column":0},"end":{"line":53,"column":5}},"47":{"start":{"line":54,"column":0},"end":{"line":54,"column":94}},"48":{"start":{"line":55,"column":0},"end":{"line":55,"column":3}},"49":{"start":{"line":56,"column":0},"end":{"line":56,"column":78}},"50":{"start":{"line":57,"column":0},"end":{"line":57,"column":80}},"51":{"start":{"line":58,"column":0},"end":{"line":58,"column":48}},"52":{"start":{"line":61,"column":0},"end":{"line":61,"column":1}},"53":{"start":{"line":63,"column":0},"end":{"line":63,"column":17}},"54":{"start":{"line":64,"column":0},"end":{"line":64,"column":19}},"55":{"start":{"line":66,"column":0},"end":{"line":66,"column":3}},"56":{"start":{"line":67,"column":0},"end":{"line":67,"column":31}},"57":{"start":{"line":68,"column":0},"end":{"line":68,"column":20}},"58":{"start":{"line":69,"column":0},"end":{"line":69,"column":3}},"59":{"start":{"line":70,"column":0},"end":{"line":70,"column":39}},"60":{"start":{"line":71,"column":0},"end":{"line":71,"column":87}},"61":{"start":{"line":72,"column":0},"end":{"line":72,"column":91}},"62":{"start":{"line":73,"column":0},"end":{"line":73,"column":3}},"63":{"start":{"line":74,"column":0},"end":{"line":74,"column":33}},"64":{"start":{"line":75,"column":0},"end":{"line":75,"column":92}},"65":{"start":{"line":76,"column":0},"end":{"line":76,"column":44}},"66":{"start":{"line":77,"column":0},"end":{"line":77,"column":10}},"67":{"start":{"line":78,"column":0},"end":{"line":78,"column":27}},"68":{"start":{"line":79,"column":0},"end":{"line":79,"column":31}},"69":{"start":{"line":80,"column":0},"end":{"line":80,"column":3}},"70":{"start":{"line":81,"column":0},"end":{"line":81,"column":42}},"71":{"start":{"line":82,"column":0},"end":{"line":82,"column":1}},"72":{"start":{"line":84,"column":0},"end":{"line":84,"column":3}},"73":{"start":{"line":85,"column":0},"end":{"line":85,"column":46}},"74":{"start":{"line":86,"column":0},"end":{"line":86,"column":54}},"75":{"start":{"line":87,"column":0},"end":{"line":87,"column":3}},"76":{"start":{"line":88,"column":0},"end":{"line":88,"column":33}},"77":{"start":{"line":89,"column":0},"end":{"line":89,"column":70}},"78":{"start":{"line":90,"column":0},"end":{"line":90,"column":22}},"79":{"start":{"line":91,"column":0},"end":{"line":91,"column":53}},"80":{"start":{"line":92,"column":0},"end":{"line":92,"column":79}},"81":{"start":{"line":93,"column":0},"end":{"line":93,"column":3}},"82":{"start":{"line":94,"column":0},"end":{"line":94,"column":21}},"83":{"start":{"line":95,"column":0},"end":{"line":95,"column":1}},"84":{"start":{"line":97,"column":0},"end":{"line":97,"column":3}},"85":{"start":{"line":98,"column":0},"end":{"line":98,"column":31}},"86":{"start":{"line":99,"column":0},"end":{"line":99,"column":20}},"87":{"start":{"line":100,"column":0},"end":{"line":100,"column":3}},"88":{"start":{"line":101,"column":0},"end":{"line":101,"column":64}},"89":{"start":{"line":103,"column":0},"end":{"line":103,"column":3}},"90":{"start":{"line":104,"column":0},"end":{"line":104,"column":81}},"91":{"start":{"line":105,"column":0},"end":{"line":105,"column":47}},"92":{"start":{"line":106,"column":0},"end":{"line":106,"column":2}},"93":{"start":{"line":107,"column":0},"end":{"line":107,"column":29}},"94":{"start":{"line":108,"column":0},"end":{"line":108,"column":31}},"95":{"start":{"line":109,"column":0},"end":{"line":109,"column":20}},"96":{"start":{"line":110,"column":0},"end":{"line":110,"column":3}},"97":{"start":{"line":111,"column":0},"end":{"line":111,"column":51}},"98":{"start":{"line":112,"column":0},"end":{"line":112,"column":40}},"99":{"start":{"line":114,"column":0},"end":{"line":114,"column":3}},"100":{"start":{"line":115,"column":0},"end":{"line":115,"column":80}},"101":{"start":{"line":116,"column":0},"end":{"line":116,"column":66}},"102":{"start":{"line":117,"column":0},"end":{"line":117,"column":2}},"103":{"start":{"line":118,"column":0},"end":{"line":118,"column":28}},"104":{"start":{"line":119,"column":0},"end":{"line":119,"column":3}},"105":{"start":{"line":120,"column":0},"end":{"line":120,"column":43}},"106":{"start":{"line":121,"column":0},"end":{"line":121,"column":24}},"107":{"start":{"line":122,"column":0},"end":{"line":122,"column":30}},"108":{"start":{"line":123,"column":0},"end":{"line":123,"column":35}},"109":{"start":{"line":124,"column":0},"end":{"line":124,"column":52}},"110":{"start":{"line":125,"column":0},"end":{"line":125,"column":2}}},"s":{"0":3,"1":3,"2":3,"3":3,"4":3,"5":3,"6":3,"7":3,"8":3,"9":3,"10":3,"11":3,"12":3,"13":3,"14":3,"15":3,"16":3,"17":3,"18":3,"19":3,"20":3,"21":3,"22":307,"23":307,"24":307,"25":3070,"26":3070,"27":3070,"28":3070,"29":307,"30":307,"31":3,"32":155,"33":155,"34":155,"35":155,"36":155,"37":155,"38":155,"39":3,"40":3,"41":152,"42":158,"43":158,"44":6,"45":6,"46":6,"47":152,"48":152,"49":0,"50":0,"51":0,"52":0,"53":3,"54":3,"55":3,"56":3,"57":3,"58":3,"59":3,"60":310,"61":3,"62":3,"63":310,"64":152,"65":152,"66":310,"67":155,"68":155,"69":155,"70":307,"71":307,"72":3,"73":3,"74":3,"75":3,"76":3,"77":41,"78":40,"79":41,"80":400,"81":400,"82":40,"83":40,"84":3,"85":3,"86":3,"87":3,"88":3,"89":3,"90":3,"91":3,"92":3,"93":3,"94":3,"95":3,"96":3,"97":3,"98":46,"99":3,"100":3,"101":3,"102":3,"103":3,"104":3,"105":3,"106":1,"107":1,"108":1,"109":1,"110":1},"branchMap":{"0":{"type":"branch","line":26,"loc":{"start":{"line":26,"column":19},"end":{"line":35,"column":1}},"locations":[{"start":{"line":26,"column":19},"end":{"line":35,"column":1}}]},"1":{"type":"branch","line":29,"loc":{"start":{"line":29,"column":64},"end":{"line":33,"column":3}},"locations":[{"start":{"line":29,"column":64},"end":{"line":33,"column":3}}]},"2":{"type":"branch","line":37,"loc":{"start":{"line":37,"column":21},"end":{"line":44,"column":1}},"locations":[{"start":{"line":37,"column":21},"end":{"line":44,"column":1}}]},"3":{"type":"branch","line":42,"loc":{"start":{"line":42,"column":28},"end":{"line":42,"column":71}},"locations":[{"start":{"line":42,"column":28},"end":{"line":42,"column":71}}]},"4":{"type":"branch","line":47,"loc":{"start":{"line":47,"column":24},"end":{"line":61,"column":1}},"locations":[{"start":{"line":47,"column":24},"end":{"line":61,"column":1}}]},"5":{"type":"branch","line":48,"loc":{"start":{"line":48,"column":72},"end":{"line":55,"column":3}},"locations":[{"start":{"line":48,"column":72},"end":{"line":55,"column":3}}]},"6":{"type":"branch","line":50,"loc":{"start":{"line":50,"column":39},"end":{"line":53,"column":5}},"locations":[{"start":{"line":50,"column":39},"end":{"line":53,"column":5}}]},"7":{"type":"branch","line":53,"loc":{"start":{"line":53,"column":4},"end":{"line":55,"column":3}},"locations":[{"start":{"line":53,"column":4},"end":{"line":55,"column":3}}]},"8":{"type":"branch","line":55,"loc":{"start":{"line":55,"column":2},"end":{"line":61,"column":1}},"locations":[{"start":{"line":55,"column":2},"end":{"line":61,"column":1}}]},"9":{"type":"branch","line":70,"loc":{"start":{"line":70,"column":20},"end":{"line":82,"column":1}},"locations":[{"start":{"line":70,"column":20},"end":{"line":82,"column":1}}]},"10":{"type":"branch","line":71,"loc":{"start":{"line":71,"column":38},"end":{"line":71,"column":57}},"locations":[{"start":{"line":71,"column":38},"end":{"line":71,"column":57}}]},"11":{"type":"branch","line":71,"loc":{"start":{"line":71,"column":58},"end":{"line":71,"column":84}},"locations":[{"start":{"line":71,"column":58},"end":{"line":71,"column":84}}]},"12":{"type":"branch","line":71,"loc":{"start":{"line":71,"column":86},"end":{"line":73,"column":3}},"locations":[{"start":{"line":71,"column":86},"end":{"line":73,"column":3}}]},"13":{"type":"branch","line":73,"loc":{"start":{"line":73,"column":2},"end":{"line":74,"column":32}},"locations":[{"start":{"line":73,"column":2},"end":{"line":74,"column":32}}]},"14":{"type":"branch","line":74,"loc":{"start":{"line":74,"column":32},"end":{"line":77,"column":3}},"locations":[{"start":{"line":74,"column":32},"end":{"line":77,"column":3}}]},"15":{"type":"branch","line":77,"loc":{"start":{"line":77,"column":3},"end":{"line":80,"column":3}},"locations":[{"start":{"line":77,"column":3},"end":{"line":80,"column":3}}]},"16":{"type":"branch","line":80,"loc":{"start":{"line":80,"column":2},"end":{"line":82,"column":1}},"locations":[{"start":{"line":80,"column":2},"end":{"line":82,"column":1}}]},"17":{"type":"branch","line":88,"loc":{"start":{"line":88,"column":24},"end":{"line":95,"column":1}},"locations":[{"start":{"line":88,"column":24},"end":{"line":95,"column":1}}]},"18":{"type":"branch","line":89,"loc":{"start":{"line":89,"column":30},"end":{"line":89,"column":70}},"locations":[{"start":{"line":89,"column":30},"end":{"line":89,"column":70}}]},"19":{"type":"branch","line":89,"loc":{"start":{"line":89,"column":69},"end":{"line":91,"column":52}},"locations":[{"start":{"line":89,"column":69},"end":{"line":91,"column":52}}]},"20":{"type":"branch","line":91,"loc":{"start":{"line":91,"column":52},"end":{"line":93,"column":3}},"locations":[{"start":{"line":91,"column":52},"end":{"line":93,"column":3}}]},"21":{"type":"branch","line":93,"loc":{"start":{"line":93,"column":2},"end":{"line":95,"column":1}},"locations":[{"start":{"line":93,"column":2},"end":{"line":95,"column":1}}]},"22":{"type":"branch","line":101,"loc":{"start":{"line":101,"column":22},"end":{"line":101,"column":64}},"locations":[{"start":{"line":101,"column":22},"end":{"line":101,"column":64}}]},"23":{"type":"branch","line":111,"loc":{"start":{"line":111,"column":22},"end":{"line":112,"column":40}},"locations":[{"start":{"line":111,"column":22},"end":{"line":112,"column":40}}]},"24":{"type":"branch","line":120,"loc":{"start":{"line":120,"column":32},"end":{"line":125,"column":2}},"locations":[{"start":{"line":120,"column":32},"end":{"line":125,"column":2}}]},"25":{"type":"branch","line":121,"loc":{"start":{"line":121,"column":6},"end":{"line":121,"column":23}},"locations":[{"start":{"line":121,"column":6},"end":{"line":121,"column":23}}]}},"b":{"0":[307],"1":[3070],"2":[155],"3":[2480],"4":[152],"5":[158],"6":[6],"7":[152],"8":[0],"9":[310],"10":[309],"11":[308],"12":[3],"13":[307],"14":[152],"15":[155],"16":[307],"17":[41],"18":[1],"19":[40],"20":[400],"21":[40],"22":[47],"23":[46],"24":[1],"25":[2]},"fnMap":{"0":{"name":"encodeTime","decl":{"start":{"line":26,"column":19},"end":{"line":35,"column":1}},"loc":{"start":{"line":26,"column":19},"end":{"line":35,"column":1}},"line":26},"1":{"name":"randomBase32","decl":{"start":{"line":37,"column":21},"end":{"line":44,"column":1}},"loc":{"start":{"line":37,"column":21},"end":{"line":44,"column":1}},"line":37},"2":{"name":"incrementBase32","decl":{"start":{"line":47,"column":24},"end":{"line":61,"column":1}},"loc":{"start":{"line":47,"column":24},"end":{"line":61,"column":1}},"line":47},"3":{"name":"ulid","decl":{"start":{"line":70,"column":20},"end":{"line":82,"column":1}},"loc":{"start":{"line":70,"column":20},"end":{"line":82,"column":1}},"line":70},"4":{"name":"ulidTime","decl":{"start":{"line":88,"column":24},"end":{"line":95,"column":1}},"loc":{"start":{"line":88,"column":24},"end":{"line":95,"column":1}},"line":88},"5":{"name":"listId","decl":{"start":{"line":101,"column":22},"end":{"line":101,"column":64}},"loc":{"start":{"line":101,"column":22},"end":{"line":101,"column":64}},"line":101},"6":{"name":"todoId","decl":{"start":{"line":111,"column":22},"end":{"line":112,"column":40}},"loc":{"start":{"line":111,"column":22},"end":{"line":112,"column":40}},"line":111},"7":{"name":"createUlidMinter","decl":{"start":{"line":120,"column":32},"end":{"line":125,"column":2}},"loc":{"start":{"line":120,"column":32},"end":{"line":125,"column":2}},"line":120},"8":{"name":"tx","decl":{"start":{"line":121,"column":6},"end":{"line":121,"column":23}},"loc":{"start":{"line":121,"column":6},"end":{"line":121,"column":23}},"line":121},"9":{"name":"listId","decl":{"start":{"line":122,"column":10},"end":{"line":122,"column":29}},"loc":{"start":{"line":122,"column":10},"end":{"line":122,"column":29}},"line":122},"10":{"name":"todoId","decl":{"start":{"line":124,"column":10},"end":{"line":124,"column":51}},"loc":{"start":{"line":124,"column":10},"end":{"line":124,"column":51}},"line":124}},"f":{"0":307,"1":155,"2":152,"3":310,"4":41,"5":47,"6":46,"7":1,"8":2,"9":0,"10":0}}
}
