{"total": {"lines":{"total":721,"covered":702,"skipped":0,"pct":97.36},"statements":{"total":723,"covered":704,"skipped":0,"pct":97.37},"functions":{"total":67,"covered":64,"skipped":0,"pct":95.52},"branches":{"total":193,"covered":174,"skipped":0,"pct":90.15},"branchesTrue":{"total":0,"covered":0,"skipped":0,"pct":100}}
,"/Users/grop/ws/web-interview/frontend/src/testing/fakeDatomServer.js": {"lines":{"total":136,"covered":136,"skipped":0,"pct":100},"functions":{"total":22,"covered":21,"skipped":0,"pct":95.45},"statements":{"total":138,"covered":138,"skipped":0,"pct":100},"branches":{"total":47,"covered":45,"skipped":0,"pct":95.74}}
,"/Users/grop/ws/web-interview/frontend/src/todos/legacyReplica.js": {"lines":{"total":21,"covered":19,"skipped":0,"pct":90.47},"functions":{"total":1,"covered":1,"skipped":0,"pct":100},"statements":{"total":21,"covered":19,"skipped":0,"pct":90.47},"branches":{"total":4,"covered":3,"skipped":0,"pct":75}}
,"/Users/grop/ws/web-interview/frontend/src/todos/todoClient.js": {"lines":{"total":303,"covered":287,"skipped":0,"pct":94.71},"functions":{"total":30,"covered":28,"skipped":0,"pct":93.33},"statements":{"total":303,"covered":287,"skipped":0,"pct":94.71},"branches":{"total":71,"covered":59,"skipped":0,"pct":83.09}}
,"/Users/grop/ws/web-interview/frontend/src/todos/todoListsUiState.js": {"lines":{"total":36,"covered":35,"skipped":0,"pct":97.22},"functions":{"total":1,"covered":1,"skipped":0,"pct":100},"statements":{"total":36,"covered":35,"skipped":0,"pct":97.22},"branches":{"total":13,"covered":12,"skipped":0,"pct":92.3}}
,"/Users/grop/ws/web-interview/frontend/src/todos/todoModel.js": {"lines":{"total":118,"covered":118,"skipped":0,"pct":100},"functions":{"total":7,"covered":7,"skipped":0,"pct":100},"statements":{"total":118,"covered":118,"skipped":0,"pct":100},"branches":{"total":36,"covered":34,"skipped":0,"pct":94.44}}
,"/Users/grop/ws/web-interview/frontend/src/todos/todoUiProtocol.js": {"lines":{"total":12,"covered":12,"skipped":0,"pct":100},"functions":{"total":0,"covered":0,"skipped":0,"pct":100},"statements":{"total":12,"covered":12,"skipped":0,"pct":100},"branches":{"total":1,"covered":1,"skipped":0,"pct":100}}
,"/Users/grop/ws/web-interview/frontend/src/todos/useSettledText.js": {"lines":{"total":63,"covered":63,"skipped":0,"pct":100},"functions":{"total":4,"covered":4,"skipped":0,"pct":100},"statements":{"total":63,"covered":63,"skipped":0,"pct":100},"branches":{"total":15,"covered":14,"skipped":0,"pct":93.33}}
,"/Users/grop/ws/web-interview/frontend/src/todos/useTodoLists.js": {"lines":{"total":27,"covered":27,"skipped":0,"pct":100},"functions":{"total":1,"covered":1,"skipped":0,"pct":100},"statements":{"total":27,"covered":27,"skipped":0,"pct":100},"branches":{"total":4,"covered":4,"skipped":0,"pct":100}}
,"/Users/grop/ws/web-interview/frontend/src/todos/components/focusLeft.js": {"lines":{"total":5,"covered":5,"skipped":0,"pct":100},"functions":{"total":1,"covered":1,"skipped":0,"pct":100},"statements":{"total":5,"covered":5,"skipped":0,"pct":100},"branches":{"total":2,"covered":2,"skipped":0,"pct":100}}
}
